Log file open, 09/20/16 20:12:10
LogInit:Display: Running engine for game: MyProject2
LogPlatformFile: Not using cached read wrapper
LogInit:Display: RandInit(1028748090) SRandInit(1028748092).
LogTaskGraph: Started task graph with 4 named threads and 7 total threads with 1 sets of task threads.
LogStats: Stats thread started at 0.076382
LogInit: Version: 4.12.5-3039270+++UE4+Release-4.12
LogInit: API Version: 2992821
LogInit: Net Version: 3039270
LogDevObjectVersion: Number of dev versions registered: 13
LogDevObjectVersion:   Dev-Blueprints (B0D832E4-1F89-4F0D-ACCF-7EB736FD4AA2): 3
LogDevObjectVersion:   Dev-Build (E1C64328-A22C-4D53-A36C-8E866417BD8C): 0
LogDevObjectVersion:   Dev-Core (375EC13C-06E4-48FB-B500-84F0262A717E): 1
LogDevObjectVersion:   Dev-Editor (E4B068ED-F494-42E9-A231-DA0B2E46BB41): 2
LogDevObjectVersion:   Dev-Framework (CFFC743F-43B0-4480-9391-14DF171D2073): 6
LogDevObjectVersion:   Dev-Mobile (B02B49B5-BB20-44E9-A304-32B752E40360): 0
LogDevObjectVersion:   Dev-Networking (A4E4105C-59A1-49B5-A7C5-40C4547EDFEE): 0
LogDevObjectVersion:   Dev-Online (39C831C9-5AE6-47DC-9A44-9C173E1C8E7C): 0
LogDevObjectVersion:   Dev-Physics (78F01B33-EBEA-4F98-B9B4-84EACCB95AA2): 0
LogDevObjectVersion:   Dev-Platform (6631380F-2D4D-43E0-8009-CF276956A95A): 0
LogDevObjectVersion:   Dev-Rendering (12F88B9F-8875-4AFC-A67C-D90C383ABD29): 2
LogDevObjectVersion:   Dev-Sequencer (7B5AE74C-D270-4C10-A958-57980B212A5A): 0
LogDevObjectVersion:   Dev-VR (D7296918-1DD6-4BDD-9DE2-64A83CC13884): 0
LogInit: Compiled (64-bit): Jul  6 2016 09:09:46
LogInit: Compiled with Visual C++: 19.00.23026.00
LogInit: Build Configuration: Development
LogInit: Branch Name: ++UE4+Release-4.12
LogInit: Command line: -EpicPortal 
LogInit: Base directory: C:/Program Files (x86)/Epic Games/4.12/Engine/Binaries/Win64/
LogInit: Installed Engine Build: 1
LogInit: Using libcurl 7.41.0
LogInit:  - built for x86_64-pc-win32
LogInit:  - supports SSL with WinSSL
LogInit:  - other features:
LogInit:      CURL_VERSION_SSL
LogInit:      CURL_VERSION_IPV6
LogInit:      CURL_VERSION_ASYNCHDNS
LogInit:      CURL_VERSION_LARGEFILE
LogInit:      CURL_VERSION_IDN
LogInit:  CurlRequestOptions (configurable via config and command line):
LogInit:  - bVerifyPeer = true  - Libcurl will verify peer certificate
LogInit:  - bUseHttpProxy = false  - Libcurl will NOT use HTTP proxy
LogInit:  - bDontReuseConnections = false  - Libcurl will reuse connections
LogInit:  - CertBundlePath = nullptr  - Libcurl will use whatever was configured at build time.
LogInit: Presizing for max 8388607 objects, including 0 objects not considered by GC, pre-allocating 0 bytes for permanent pool.
LogInit: Object subsystem initialized
[2016.09.20-18.12.11:024][  0]LogInit: Selected Device Profile: [Windows]
[2016.09.20-18.12.11:024][  0]LogInit: Applying CVar settings loaded from the selected device profile: [Windows]
[2016.09.20-18.12.11:033][  0]LogInit: Computer: WILLIAM-DESKTOP
[2016.09.20-18.12.11:033][  0]LogInit: User: William
[2016.09.20-18.12.11:033][  0]LogInit: CPU Page size=65536, Cores=4
[2016.09.20-18.12.11:033][  0]LogInit: High frequency timer resolution =3.125013 MHz
[2016.09.20-18.12.11:034][  0]LogMemory: Memory total: Physical=7.9GB (8GB approx)
[2016.09.20-18.12.11:034][  0]LogMemory: Platform Memory Stats for Windows
[2016.09.20-18.12.11:034][  0]LogMemory: Process Physical Memory: 189.90 MB used, 189.90 MB peak
[2016.09.20-18.12.11:034][  0]LogMemory: Process Virtual Memory: 194.99 MB used, 194.99 MB peak
[2016.09.20-18.12.11:034][  0]LogMemory: Physical Memory: 4968.36 MB used, 8067.15 MB total
[2016.09.20-18.12.11:034][  0]LogMemory: Virtual Memory: 553.96 MB used, 134217728.00 MB total
[2016.09.20-18.12.11:074][  0]LogTextLocalizationManager: No specific translations for ('en-US') exist, so ('en') translations will be used.
[2016.09.20-18.12.11:511][  0]LogD3D11RHI: D3D11 adapters:
[2016.09.20-18.12.11:538][  0]LogD3D11RHI:    0. 'NVIDIA GeForce GTX 780' (Feature Level 11_0)
[2016.09.20-18.12.11:538][  0]LogD3D11RHI:       3039/0/4033 MB DedicatedVideo/DedicatedSystem/SharedSystem, Outputs:1, VendorId:0x10de
[2016.09.20-18.12.11:544][  0]LogD3D11RHI:    1. 'Intel(R) HD Graphics 4600' (Feature Level 11_0)
[2016.09.20-18.12.11:544][  0]LogD3D11RHI:       112/0/4033 MB DedicatedVideo/DedicatedSystem/SharedSystem, Outputs:0, VendorId:0x8086
[2016.09.20-18.12.11:546][  0]LogD3D11RHI:    2. 'Microsoft Basic Render Driver' (Feature Level 11_0)
[2016.09.20-18.12.11:546][  0]LogD3D11RHI:       0/0/4033 MB DedicatedVideo/DedicatedSystem/SharedSystem, Outputs:0, VendorId:0x1414
[2016.09.20-18.12.11:546][  0]LogD3D11RHI: Chosen D3D11 Adapter: 0
[2016.09.20-18.12.11:549][  0]LogD3D11RHI: Creating new Direct3DDevice
[2016.09.20-18.12.11:549][  0]LogD3D11RHI:     GPU DeviceId: 0x1004 (for the marketing name, search the web for "GPU Device Id")
[2016.09.20-18.12.11:549][  0]LogWindows: EnumDisplayDevices:
[2016.09.20-18.12.11:549][  0]LogWindows:    0. 'NVIDIA GeForce GTX 780' (P:1 D:1)
[2016.09.20-18.12.11:550][  0]LogWindows:    1. 'NVIDIA GeForce GTX 780' (P:0 D:0)
[2016.09.20-18.12.11:550][  0]LogWindows:    2. 'NVIDIA GeForce GTX 780' (P:0 D:0)
[2016.09.20-18.12.11:550][  0]LogWindows:    3. 'NVIDIA GeForce GTX 780' (P:0 D:0)
[2016.09.20-18.12.11:550][  0]LogWindows:    4. 'Intel(R) HD Graphics 4600' (P:0 D:0)
[2016.09.20-18.12.11:550][  0]LogWindows:    5. 'Intel(R) HD Graphics 4600' (P:0 D:0)
[2016.09.20-18.12.11:550][  0]LogWindows:    6. 'Intel(R) HD Graphics 4600' (P:0 D:0)
[2016.09.20-18.12.11:550][  0]LogWindows: DebugString: PrimaryIsNotTheChoosenAdapter PrimaryIsNotTheChoosenAdapter PrimaryIsNotTheChoosenAdapter FoundDriverCount:4 
[2016.09.20-18.12.11:550][  0]LogD3D11RHI:     Adapter Name: NVIDIA GeForce GTX 780
[2016.09.20-18.12.11:550][  0]LogD3D11RHI:   Driver Version: 368.81 (internal:10.18.13.6881, unified:368.81)
[2016.09.20-18.12.11:550][  0]LogD3D11RHI:      Driver Date: 7-10-2016
[2016.09.20-18.12.11:550][  0]LogRHI: Texture pool is 1361 MB (70% of 1945 MB)
[2016.09.20-18.12.11:562][  0]LogD3D11RHI: Async texture creation enabled
[2016.09.20-18.12.11:571][  0]LogD3D11RHI: GPU Timing Frequency: 1000.000000 (Debug: 2 1)
[2016.09.20-18.12.11:571][  0]LogShaderCompilers: Guid format shader working directory is -21 characters bigger than the processId version (../../../../../../Users/William/Documents/Unreal Projects/MyProject2/Intermediate/Shaders/WorkingDirectory/10512/).
[2016.09.20-18.12.11:571][  0]LogShaderCompilers: Cleaned the shader compiler working directory 'C:/Users/William/AppData/Local/Temp/UnrealShaderWorkingDir/F8939F0D4A4D0BD455DE4BB4B79A5A2D/'.
[2016.09.20-18.12.11:571][  0]LogShaderCompilers:Display: Using Local Shader Compiler.
[2016.09.20-18.12.12:669][  0]LogTemp:Display: Loaded TP AllDesktopTargetPlatform
[2016.09.20-18.12.12:679][  0]LogTemp:Display: Loaded TP WindowsClientTargetPlatform
[2016.09.20-18.12.12:689][  0]LogTemp:Display: Loaded TP WindowsNoEditorTargetPlatform
[2016.09.20-18.12.12:700][  0]LogTemp:Display: Loaded TP WindowsServerTargetPlatform
[2016.09.20-18.12.12:710][  0]LogTemp:Display: Loaded TP WindowsTargetPlatform
[2016.09.20-18.12.12:718][  0]LogTemp:Display: Loaded TP AndroidTargetPlatform
[2016.09.20-18.12.12:728][  0]LogTemp:Display: Loaded TP Android_ASTCTargetPlatform
[2016.09.20-18.12.12:737][  0]LogTemp:Display: Loaded TP Android_ATCTargetPlatform
[2016.09.20-18.12.12:746][  0]LogTemp:Display: Loaded TP Android_DXTTargetPlatform
[2016.09.20-18.12.12:754][  0]LogTemp:Display: Loaded TP Android_ETC1TargetPlatform
[2016.09.20-18.12.12:763][  0]LogTemp:Display: Loaded TP Android_ETC2TargetPlatform
[2016.09.20-18.12.12:779][  0]LogTemp:Display: Loaded TP Android_MultiTargetPlatform
[2016.09.20-18.12.12:779][  0]LogTemp:Display: Loaded TP Android_PVRTCTargetPlatform
[2016.09.20-18.12.12:781][  0]LogTemp:Display: Loaded TP HTML5TargetPlatform
[2016.09.20-18.12.12:803][  0]LogTemp:Display: Loaded TP IOSTargetPlatform
[2016.09.20-18.12.12:811][  0]LogTemp:Display: Loaded TP TVOSTargetPlatform
[2016.09.20-18.12.12:819][  0]LogTemp:Display: Loaded TP LinuxNoEditorTargetPlatform
[2016.09.20-18.12.12:827][  0]LogTemp:Display: Loaded TP LinuxServerTargetPlatform
[2016.09.20-18.12.12:836][  0]LogTemp:Display: Loaded TP LinuxTargetPlatform
[2016.09.20-18.12.12:836][  0]LogTargetPlatformManager:Display: Building Assets For Windows
[2016.09.20-18.12.12:905][  0]LogDerivedDataCache:Display: Max Cache Size: 512 MB
[2016.09.20-18.12.12:953][  0]LogDerivedDataCache: Loaded boot cache 0.05s 48MB C:/Users/William/AppData/Local/UnrealEngine/4.12/DerivedDataCache/Boot.ddc.
[2016.09.20-18.12.12:954][  0]LogDerivedDataCache:Display: Loaded Boot cache: C:/Users/William/AppData/Local/UnrealEngine/4.12/DerivedDataCache/Boot.ddc
[2016.09.20-18.12.12:954][  0]LogDerivedDataCache: FDerivedDataBackendGraph:  Pak pak cache file ../../../../../../Users/William/Documents/Unreal Projects/MyProject2/DerivedDataCache/DDC.ddp not found, will not use a pak cache.
[2016.09.20-18.12.12:954][  0]LogDerivedDataCache: Unable to find inner node Pak for hierarchical cache Hierarchy.
[2016.09.20-18.12.12:954][  0]LogDerivedDataCache: FDerivedDataBackendGraph:  CompressedPak pak cache file ../../../../../../Users/William/Documents/Unreal Projects/MyProject2/DerivedDataCache/Compressed.ddp not found, will not use a pak cache.
[2016.09.20-18.12.12:954][  0]LogDerivedDataCache: Unable to find inner node CompressedPak for hierarchical cache Hierarchy.
[2016.09.20-18.12.12:972][  0]LogDerivedDataCache:Display: Pak cache opened for reading ../../../Engine/DerivedDataCache/Compressed.ddp.
[2016.09.20-18.12.12:985][  0]LogDerivedDataCache: Using Local data cache path C:/Users/William/AppData/Local/UnrealEngine/Common/DerivedDataCache: Writable
[2016.09.20-18.12.13:176][  0]LogInit: Selected Device Profile: [Windows]
[2016.09.20-18.12.13:177][  0]LogContentStreaming: Texture pool size is 0.00 MB
[2016.09.20-18.12.13:337][  0]LogMeshUtilities: No automatic mesh reduction module available
[2016.09.20-18.12.13:337][  0]LogMeshUtilities: No automatic mesh merging module available
[2016.09.20-18.12.13:337][  0]LogMeshUtilities: No distributed automatic mesh merging module available
[2016.09.20-18.12.13:600][  0]LogAssetRegistry: FAssetRegistry took 0.0220 seconds to start up
[2016.09.20-18.12.13:634][  0]LogPackageLocalizationCache: Processed 3 localized package path(s) for 2 prioritized culture(s) in 0.024313 seconds
[2016.09.20-18.12.13:640][  0]LogUObjectArray: 28739 objects as part of root set at end of initial load.
[2016.09.20-18.12.13:640][  0]LogUObjectAllocator: 5855624 out of 0 bytes used by permanent object pool.
[2016.09.20-18.12.13:640][  0]LogUObjectArray: CloseDisregardForGC: 0/0 objects in disregard for GC pool
[2016.09.20-18.12.13:648][  0]LogInit: WinSock: version 1.1 (2.2), MaxSocks=32767, MaxUdp=65467
[2016.09.20-18.12.13:829][  0]LogSlate: SlateFontCache - WITH_FREETYPE: 1, WITH_HARFBUZZ: 1
[2016.09.20-18.12.13:829][  0]LogSlate: SlateFontCache - WITH_FREETYPE: 1, WITH_HARFBUZZ: 1
[2016.09.20-18.12.14:905][  0]LogUdpMessaging: Initializing bridge on interface 0.0.0.0:0 to multicast group 230.0.0.1:6666.
[2016.09.20-18.12.15:139][  0]SourceControl: Info Source control is disabled
[2016.09.20-18.12.15:174][  0]SourceControl: Info Source control is disabled
[2016.09.20-18.12.15:186][  0]SourceControl: Info Source control is disabled
[2016.09.20-18.12.15:194][  0]SourceControl: Info Source control is disabled
[2016.09.20-18.12.15:385][  0]LogEngine: Initializing Engine...
[2016.09.20-18.12.15:386][  0]LogHMD: SteamVR failed to initialize.  Err: 110
[2016.09.20-18.12.15:387][  0]LogHMD: SteamVR failed to initialize.  Err: 110
[2016.09.20-18.12.15:534][  0]LogAIModule: Creating AISystem for world NewWorld
[2016.09.20-18.12.15:540][  0]LogInit: XAudio2 using 'Speakers (Realtek High Definition Audio)' : 2 channels at 48 kHz using 32 bits per sample (channel mask 0x3)
[2016.09.20-18.12.15:575][  0]LogInit: FAudioDevice initialized.
[2016.09.20-18.12.15:600][  0]LogDerivedDataCache: Saved boot cache 0.03s 48MB C:/Users/William/AppData/Local/UnrealEngine/4.12/DerivedDataCache/Boot.ddc.
[2016.09.20-18.12.15:610][  0]LogInit: Texture streaming: Enabled
[2016.09.20-18.12.15:637][  0]LogInit: Transaction tracking system initialized
[2016.09.20-18.12.15:662][  0]BlueprintLog: New page: Editor Load
[2016.09.20-18.12.15:826][  0]LocalizationService: Info Localization service is disabled
[2016.09.20-18.12.15:915][  0]LogConsoleResponse:Display: 
[2016.09.20-18.12.16:039][  0]LogFileCache: Scanning file cache for directory 'C:/Users/William/Documents/Unreal Projects/MyProject2/Content/' took 0.01s
[2016.09.20-18.12.16:039][  0]LogCook:Display: Max memory allowance for cook 8192mb
[2016.09.20-18.12.16:039][  0]LogCook:Display: Mobile HDR setting 1
[2016.09.20-18.12.16:140][  0]SourceControl: Info Source control is disabled
[2016.09.20-18.12.16:140][  0]Cmd: MAP LOAD FILE="../../../Engine/Content/Maps/Templates/Template_Default.umap" TEMPLATE=1 SHOWPROGRESS=1 FEATURELEVEL=3
[2016.09.20-18.12.16:140][  0]LightingResults: New page: Lighting Build
[2016.09.20-18.12.16:143][  0]MapCheck: New page: Map Check
[2016.09.20-18.12.16:143][  0]LightingResults: New page: Lighting Build
[2016.09.20-18.12.16:348][  0]LogAIModule: Creating AISystem for world Untitled_1
[2016.09.20-18.12.16:354][  0]LogEditorServer: Finished looking for orphan Actors (0.000 secs)
[2016.09.20-18.12.16:359][  0]Cmd: MAP CHECKDEP NOCLEARLOG
[2016.09.20-18.12.16:456][  0]MapCheck: Info Map check complete: 0 Error(s), 0 Warning(s), took 96.864ms to complete.
[2016.09.20-18.12.16:456][  0]LogFileHelpers: Loading map 'Template_Default' took 0.316
[2016.09.20-18.12.16:619][  0]LogCollectionManager: Loaded 0 collections in 0.001290 seconds
[2016.09.20-18.12.16:678][  0]LogFileCache: Scanning file cache for directory 'C:/Users/William/Documents/Unreal Projects/MyProject2/Saved/Collections/' took 0.01s
[2016.09.20-18.12.16:678][  0]LogFileCache: Scanning file cache for directory 'C:/Users/William/Documents/Unreal Projects/MyProject2/Content/Developers/William/Collections/' took 0.01s
[2016.09.20-18.12.16:678][  0]LogFileCache: Scanning file cache for directory 'C:/Users/William/Documents/Unreal Projects/MyProject2/Content/Collections/' took 0.01s
[2016.09.20-18.12.16:678][  0]LogCollectionManager: Rebuilt the GUID cache for 0 collections in 0.000003 seconds
[2016.09.20-18.12.16:688][  0]LogContentBrowser: Native class hierarchy populated in 0.0084 seconds. Added 2047 classes and 369 folders.
[2016.09.20-18.12.16:697][  0]LogStats: UGameplayTagsManager::ConstructGameplayTagTree: Construct from data asset -  0.000 s
[2016.09.20-18.12.16:697][  0]LogStats: UGameplayTagsManager::ConstructGameplayTagTree: GameplayTagTreeChangedEvent.Broadcast -  0.000 s
[2016.09.20-18.12.16:698][  0]LogContentBrowser: Native class hierarchy updated for 'GameplayTags' in 0.0006 seconds. Added 12 classes and 0 folders.
[2016.09.20-18.12.16:703][  0]LogContentBrowser: Native class hierarchy updated for 'WidgetCarousel' in 0.0003 seconds. Added 0 classes and 0 folders.
[2016.09.20-18.12.16:776][  0]LogContentBrowser: Native class hierarchy updated for 'AddContentDialog' in 0.0004 seconds. Added 0 classes and 0 folders.
[2016.09.20-18.12.16:787][  0]LogContentBrowser: Native class hierarchy updated for 'SceneOutliner' in 0.0004 seconds. Added 1 classes and 2 folders.
[2016.09.20-18.12.16:841][  0]LogCrashTracker: Crashtracker disabled due to settings.
[2016.09.20-18.12.16:861][  0]LogWindowsTextInputMethodSystem:Display: IME system now deactivated.
[2016.09.20-18.12.16:909][  0]LogContentBrowser: Native class hierarchy updated for 'HierarchicalLODOutliner' in 0.0004 seconds. Added 1 classes and 2 folders.
[2016.09.20-18.12.16:910][  0]LogLoad: Full Startup: 6.54 seconds (BP compile: 0.03 seconds)
[2016.09.20-18.12.16:910][  0]LogExternalProfiler: Found external profiler: VSPerf
[2016.09.20-18.12.16:910][  0]LogExternalProfiler: Using external profiler: VSPerf
[2016.09.20-18.12.16:919][  0]LogOcInput: OculusInput pre-init called
[2016.09.20-18.12.16:947][  0]LogContentStreaming: Texture pool size now 1000 MB
[2016.09.20-18.12.17:146][  0]LogRenderer: Reallocating scene render targets to support 1208x576 (Frame:2).
[2016.09.20-18.12.17:255][  1]LogAssetRegistry: Asset discovery search completed in 3.6769 seconds
[2016.09.20-18.12.17:255][  1]LogCollectionManager: Rebuilt the object cache for 0 collections in 0.000001 seconds (found 0 objects)
[2016.09.20-18.12.17:255][  1]LogCollectionManager: Fixed up redirectors for 0 collections in 0.000025 seconds (updated 0 objects)
[2016.09.20-18.13.22:176][752]LogPlayLevel: PlayLevel: No blueprints needed recompiling
[2016.09.20-18.13.22:185][752]PIE: New page: PIE session: Untitled_1 (Sep 20, 2016, 9:13:22 PM)
[2016.09.20-18.13.22:185][752]LogPlayLevel: Creating play world package: /Temp/UEDPIE_0_Untitled_1
[2016.09.20-18.13.22:188][752]LogPlayLevel: PIE: StaticDuplicateObject took: (0.002396s)
[2016.09.20-18.13.22:189][752]LogAIModule: Creating AISystem for world Untitled_1
[2016.09.20-18.13.22:189][752]LogPlayLevel: PIE: World Init took: (0.000855s)
[2016.09.20-18.13.22:189][752]LogPlayLevel: PIE: Created PIE world by copying editor world from /Temp/Untitled_1.Untitled_1 to /Temp/UEDPIE_0_Untitled_1.Untitled_1 (0.003621s)
[2016.09.20-18.13.22:204][752]LogInit: XAudio2 using 'Speakers (Realtek High Definition Audio)' : 2 channels at 48 kHz using 32 bits per sample (channel mask 0x3)
[2016.09.20-18.13.22:215][752]LogInit: FAudioDevice initialized.
[2016.09.20-18.13.22:277][752]LogWorld: Game class is 'GameMode'
[2016.09.20-18.13.22:285][752]LogWorld: Bringing World /Temp/UEDPIE_0_Untitled_1.Untitled_1 up for play (max tick rate 0) at 2016.09.20-20.13.22
[2016.09.20-18.13.22:286][752]LogWorld: Bringing up level for play took: 0.002717
[2016.09.20-18.13.22:298][752]LogContentBrowser: Native class hierarchy updated for 'MovieSceneCapture' in 0.0004 seconds. Added 11 classes and 0 folders.
[2016.09.20-18.13.22:302][752]PIE: Info Play in editor start time for /Temp/UEDPIE_0_Untitled_1 0.591
[2016.09.20-18.13.56:430][626]LogText:Warning: Failed to parse argument "GameModeName" as a number (using "0" as a fallback). Please check your format string for errors: "GameMode: {GameModeName}".
[2016.09.20-18.13.58:336][808]LogContentBrowser: Native class hierarchy updated for 'BlueprintGraph' in 0.0009 seconds. Added 111 classes and 0 folders.
[2016.09.20-18.16.45:972][949]LogBlueprintUserMessages: Early PlayInEditor Detection: Level '/Temp/Untitled_1.Untitled_1:PersistentLevel' has LevelScriptBlueprint '/Temp/Untitled_1.Untitled_1:PersistentLevel.Untitled' with GeneratedClass '/Temp/Untitled_1.Untitled_C' with ClassGeneratedBy '/Temp/Untitled_1.Untitled_1:PersistentLevel.Untitled'
[2016.09.20-18.16.45:972][949]BlueprintLog: New page: Pre-Play auto-recompile
[2016.09.20-18.16.45:974][949]LogPlayLevel: [PlayLevel] Compiling Untitled before play...
[2016.09.20-18.16.46:043][949]LogPlayLevel: PlayLevel: Blueprint regeneration took 71 ms (1 blueprints)
[2016.09.20-18.16.46:069][949]PIE: New page: SIE session: Untitled_1 (Sep 20, 2016, 9:16:46 PM)
[2016.09.20-18.16.46:070][949]LogPlayLevel: Creating play world package: /Temp/UEDPIE_0_Untitled_1
[2016.09.20-18.16.46:072][949]LogPlayLevel: PIE: StaticDuplicateObject took: (0.002603s)
[2016.09.20-18.16.46:073][949]LogAIModule: Creating AISystem for world Untitled_1
[2016.09.20-18.16.46:073][949]LogPlayLevel: PIE: World Init took: (0.000931s)
[2016.09.20-18.16.46:073][949]LogPlayLevel: PIE: Created PIE world by copying editor world from /Temp/Untitled_1.Untitled_1 to /Temp/UEDPIE_0_Untitled_1.Untitled_1 (0.003796s)
[2016.09.20-18.16.46:090][949]LogInit: XAudio2 using 'Speakers (Realtek High Definition Audio)' : 2 channels at 48 kHz using 32 bits per sample (channel mask 0x3)
[2016.09.20-18.16.46:100][949]LogInit: FAudioDevice initialized.
[2016.09.20-18.16.46:154][949]LogWorld: Game class is 'GameMode'
[2016.09.20-18.16.46:157][949]LogWorld: Bringing World /Temp/UEDPIE_0_Untitled_1.Untitled_1 up for play (max tick rate 0) at 2016.09.20-20.16.46
[2016.09.20-18.16.46:158][949]LogWorld: Bringing up level for play took: 0.002268
[2016.09.20-18.16.46:159][949]PIE: Info Play in editor start time for /Temp/UEDPIE_0_Untitled_1 0.449
[2016.09.20-18.16.46:164][949]LogBlueprintUserMessages: Late PlayInEditor Detection: Level '/Temp/Untitled_1.Untitled_1:PersistentLevel' has LevelScriptBlueprint '/Temp/Untitled_1.Untitled_1:PersistentLevel.Untitled' with GeneratedClass '/Temp/Untitled_1.Untitled_C' with ClassGeneratedBy '/Temp/Untitled_1.Untitled_1:PersistentLevel.Untitled'
[2016.09.20-18.16.57:309][258]LogBlueprintUserMessages: Early EndPlayMap Detection: Level '/Temp/Untitled_1.Untitled_1:PersistentLevel' has LevelScriptBlueprint '/Temp/Untitled_1.Untitled_1:PersistentLevel.Untitled' with GeneratedClass '/Temp/Untitled_1.Untitled_C' with ClassGeneratedBy '/Temp/Untitled_1.Untitled_1:PersistentLevel.Untitled'
[2016.09.20-18.16.57:347][258]LogBlueprintUserMessages: Late EndPlayMap Detection: Level '/Temp/Untitled_1.Untitled_1:PersistentLevel' has LevelScriptBlueprint '/Temp/Untitled_1.Untitled_1:PersistentLevel.Untitled' with GeneratedClass '/Temp/Untitled_1.Untitled_C' with ClassGeneratedBy '/Temp/Untitled_1.Untitled_1:PersistentLevel.Untitled'
[2016.09.20-18.18.56:176][613]Cmd: OBJ SAVEPACKAGE PACKAGE="/Game/Level1" FILE="../../../../../../Users/William/Documents/Unreal Projects/MyProject2/Content/Level1.umap" SILENT=true AUTOSAVING=false KEEPDIRTY=false
[2016.09.20-18.18.56:285][613]LogSavePackage: Save=91.46ms
[2016.09.20-18.18.56:285][613]LogSavePackage: Moving '../../../../../../Users/William/Documents/Unreal Projects/MyProject2/Saved/Level1EF81C6B540E54984222225AA4601D648.tmp' to '../../../../../../Users/William/Documents/Unreal Projects/MyProject2/Content/Level1.umap'
[2016.09.20-18.18.56:288][613]LogSavePackage:Display: Finished SavePackage ../../../../../../Users/William/Documents/Unreal Projects/MyProject2/Content/Level1.umap
[2016.09.20-18.18.56:302][613]LogFileHelpers: Saving map 'Level1' took 0.475
[2016.09.20-18.18.57:081][703]BlueprintLog: New page: Compile Level1
[2016.09.20-18.18.57:155][703]BlueprintEditorCompileResults: Info [0406.79] Compile of PersistentLevel.Level1 successful! [in 73 ms] (/Game/Level1.Level1:PersistentLevel.Level1)
[2016.09.20-18.18.59:208][945]BlueprintLog: New page: Compile Level1
[2016.09.20-18.18.59:279][945]BlueprintEditorCompileResults: Info [0408.91] Compile of PersistentLevel.Level1 successful! [in 70 ms] (/Game/Level1.Level1:PersistentLevel.Level1)
[2016.09.20-18.19.10:512][613]LogEditorViewport: Clicking on Actor (LMB): BP_Sky_Sphere_C (Sky Sphere)
[2016.09.20-18.19.14:599][ 73]LogBlueprintUserMessages: Early PlayInEditor Detection: Level '/Game/Level1.Level1:PersistentLevel' has LevelScriptBlueprint '/Game/Level1.Level1:PersistentLevel.Level1' with GeneratedClass '/Game/Level1.Level1_C' with ClassGeneratedBy '/Game/Level1.Level1:PersistentLevel.Level1'
[2016.09.20-18.19.14:599][ 73]LogPlayLevel: PlayLevel: No blueprints needed recompiling
[2016.09.20-18.19.14:599][ 73]PIE: New page: SIE session: Level1 (Sep 20, 2016, 9:19:14 PM)
[2016.09.20-18.19.14:599][ 73]LogPlayLevel: Creating play world package: /Game/UEDPIE_0_Level1
[2016.09.20-18.19.14:601][ 73]LogPlayLevel: PIE: StaticDuplicateObject took: (0.002154s)
[2016.09.20-18.19.14:602][ 73]LogAIModule: Creating AISystem for world Level1
[2016.09.20-18.19.14:602][ 73]LogPlayLevel: PIE: World Init took: (0.000810s)
[2016.09.20-18.19.14:602][ 73]LogPlayLevel: PIE: Created PIE world by copying editor world from /Game/Level1.Level1 to /Game/UEDPIE_0_Level1.Level1 (0.003165s)
[2016.09.20-18.19.14:619][ 73]LogInit: XAudio2 using 'Speakers (Realtek High Definition Audio)' : 2 channels at 48 kHz using 32 bits per sample (channel mask 0x3)
[2016.09.20-18.19.14:630][ 73]LogInit: FAudioDevice initialized.
[2016.09.20-18.19.14:675][ 73]LogWorld: Game class is 'GameMode'
[2016.09.20-18.19.14:678][ 73]LogWorld: Bringing World /Game/UEDPIE_0_Level1.Level1 up for play (max tick rate 0) at 2016.09.20-20.19.14
[2016.09.20-18.19.14:678][ 73]LogWorld: Bringing up level for play took: 0.002179
[2016.09.20-18.19.14:679][ 73]PIE: Info Play in editor start time for /Game/UEDPIE_0_Level1 0.969
[2016.09.20-18.19.14:687][ 73]LogBlueprintUserMessages: Late PlayInEditor Detection: Level '/Game/Level1.Level1:PersistentLevel' has LevelScriptBlueprint '/Game/Level1.Level1:PersistentLevel.Level1' with GeneratedClass '/Game/Level1.Level1_C' with ClassGeneratedBy '/Game/Level1.Level1:PersistentLevel.Level1'
[2016.09.20-18.19.16:492][260]LogBlueprintUserMessages: Early EndPlayMap Detection: Level '/Game/Level1.Level1:PersistentLevel' has LevelScriptBlueprint '/Game/Level1.Level1:PersistentLevel.Level1' with GeneratedClass '/Game/Level1.Level1_C' with ClassGeneratedBy '/Game/Level1.Level1:PersistentLevel.Level1'
[2016.09.20-18.19.16:527][260]LogBlueprintUserMessages: Late EndPlayMap Detection: Level '/Game/Level1.Level1:PersistentLevel' has LevelScriptBlueprint '/Game/Level1.Level1:PersistentLevel.Level1' with GeneratedClass '/Game/Level1.Level1_C' with ClassGeneratedBy '/Game/Level1.Level1:PersistentLevel.Level1'
[2016.09.20-18.19.20:026][670]Cmd: MAP LOAD FILE="../../../../../../Users/William/Documents/Unreal Projects/MyProject2/Content/Level1.umap" TEMPLATE=0 SHOWPROGRESS=1 FEATURELEVEL=3
[2016.09.20-18.19.20:026][670]LightingResults: New page: Lighting Build
[2016.09.20-18.19.20:027][670]LoadErrors: New page: Loading map: Level1.umap
[2016.09.20-18.19.20:027][670]MapCheck: New page: Map Check
[2016.09.20-18.19.20:027][670]LightingResults: New page: Lighting Build
[2016.09.20-18.19.20:076][670]LogAIModule: Creating AISystem for world Level1
[2016.09.20-18.19.20:080][670]LogEditorServer: Finished looking for orphan Actors (0.000 secs)
[2016.09.20-18.19.20:090][670]Cmd: MAP CHECKDEP NOCLEARLOG
[2016.09.20-18.19.20:181][670]MapCheck: Info Map check complete: 0 Error(s), 0 Warning(s), took 91.432ms to complete.
[2016.09.20-18.19.20:182][670]LogFileHelpers: Loading map 'Level1' took 0.157
[2016.09.20-18.19.21:171][786]LogBlueprintUserMessages: Early PlayInEditor Detection: Level '/Game/Level1.Level1:PersistentLevel' has LevelScriptBlueprint '/Game/Level1.Level1:PersistentLevel.Level1' with GeneratedClass '/Game/Level1.Level1_C' with ClassGeneratedBy '/Game/Level1.Level1:PersistentLevel.Level1'
[2016.09.20-18.19.21:171][786]LogPlayLevel: PlayLevel: No blueprints needed recompiling
[2016.09.20-18.19.21:171][786]PIE: New page: SIE session: Level1 (Sep 20, 2016, 9:19:21 PM)
[2016.09.20-18.19.21:171][786]LogPlayLevel: Creating play world package: /Game/UEDPIE_0_Level1
[2016.09.20-18.19.21:173][786]LogPlayLevel: PIE: StaticDuplicateObject took: (0.002396s)
[2016.09.20-18.19.21:174][786]LogAIModule: Creating AISystem for world Level1
[2016.09.20-18.19.21:174][786]LogPlayLevel: PIE: World Init took: (0.000623s)
[2016.09.20-18.19.21:174][786]LogPlayLevel: PIE: Created PIE world by copying editor world from /Game/Level1.Level1 to /Game/UEDPIE_0_Level1.Level1 (0.003205s)
[2016.09.20-18.19.21:192][786]LogInit: XAudio2 using 'Speakers (Realtek High Definition Audio)' : 2 channels at 48 kHz using 32 bits per sample (channel mask 0x3)
[2016.09.20-18.19.21:202][786]LogInit: FAudioDevice initialized.
[2016.09.20-18.19.21:249][786]LogWorld: Game class is 'GameMode'
[2016.09.20-18.19.21:252][786]LogWorld: Bringing World /Game/UEDPIE_0_Level1.Level1 up for play (max tick rate 0) at 2016.09.20-20.19.21
[2016.09.20-18.19.21:252][786]LogWorld: Bringing up level for play took: 0.001883
[2016.09.20-18.19.21:253][786]PIE: Info Play in editor start time for /Game/UEDPIE_0_Level1 -0.458
[2016.09.20-18.19.21:255][786]LogBlueprintUserMessages: Late PlayInEditor Detection: Level '/Game/Level1.Level1:PersistentLevel' has LevelScriptBlueprint '/Game/Level1.Level1:PersistentLevel.Level1' with GeneratedClass '/Game/Level1.Level1_C' with ClassGeneratedBy '/Game/Level1.Level1:PersistentLevel.Level1'
[2016.09.20-18.19.22:228][900]LogBlueprintUserMessages: Early EndPlayMap Detection: Level '/Game/Level1.Level1:PersistentLevel' has LevelScriptBlueprint '/Game/Level1.Level1:PersistentLevel.Level1' with GeneratedClass '/Game/Level1.Level1_C' with ClassGeneratedBy '/Game/Level1.Level1:PersistentLevel.Level1'
[2016.09.20-18.19.22:262][900]LogBlueprintUserMessages: Late EndPlayMap Detection: Level '/Game/Level1.Level1:PersistentLevel' has LevelScriptBlueprint '/Game/Level1.Level1:PersistentLevel.Level1' with GeneratedClass '/Game/Level1.Level1_C' with ClassGeneratedBy '/Game/Level1.Level1:PersistentLevel.Level1'
[2016.09.20-18.19.26:395][392]LogBlueprintUserMessages: Early PlayInEditor Detection: Level '/Game/Level1.Level1:PersistentLevel' has LevelScriptBlueprint '/Game/Level1.Level1:PersistentLevel.Level1' with GeneratedClass '/Game/Level1.Level1_C' with ClassGeneratedBy '/Game/Level1.Level1:PersistentLevel.Level1'
[2016.09.20-18.19.26:395][392]LogPlayLevel: PlayLevel: No blueprints needed recompiling
[2016.09.20-18.19.26:395][392]PIE: New page: PIE session: Level1 (Sep 20, 2016, 9:19:26 PM)
[2016.09.20-18.19.26:395][392]LogPlayLevel: Creating play world package: /Game/UEDPIE_0_Level1
[2016.09.20-18.19.26:397][392]LogPlayLevel: PIE: StaticDuplicateObject took: (0.002090s)
[2016.09.20-18.19.26:398][392]LogAIModule: Creating AISystem for world Level1
[2016.09.20-18.19.26:398][392]LogPlayLevel: PIE: World Init took: (0.000666s)
[2016.09.20-18.19.26:398][392]LogPlayLevel: PIE: Created PIE world by copying editor world from /Game/Level1.Level1 to /Game/UEDPIE_0_Level1.Level1 (0.002925s)
[2016.09.20-18.19.26:413][392]LogInit: XAudio2 using 'Speakers (Realtek High Definition Audio)' : 2 channels at 48 kHz using 32 bits per sample (channel mask 0x3)
[2016.09.20-18.19.26:423][392]LogInit: FAudioDevice initialized.
[2016.09.20-18.19.26:473][392]LogWorld: Game class is 'GameMode'
[2016.09.20-18.19.26:475][392]LogWorld: Bringing World /Game/UEDPIE_0_Level1.Level1 up for play (max tick rate 0) at 2016.09.20-20.19.26
[2016.09.20-18.19.26:475][392]LogWorld: Bringing up level for play took: 0.002017
[2016.09.20-18.19.26:477][392]PIE: Info Play in editor start time for /Game/UEDPIE_0_Level1 0.766
[2016.09.20-18.19.26:477][392]LogBlueprintUserMessages: Late PlayInEditor Detection: Level '/Game/Level1.Level1:PersistentLevel' has LevelScriptBlueprint '/Game/Level1.Level1:PersistentLevel.Level1' with GeneratedClass '/Game/Level1.Level1_C' with ClassGeneratedBy '/Game/Level1.Level1:PersistentLevel.Level1'
[2016.09.20-18.19.29:380][740]LogBlueprintUserMessages: [Level1_C_1] Hello Event Listeners
[2016.09.20-18.19.34:523][357]LogBlueprintUserMessages: Early EndPlayMap Detection: Level '/Game/Level1.Level1:PersistentLevel' has LevelScriptBlueprint '/Game/Level1.Level1:PersistentLevel.Level1' with GeneratedClass '/Game/Level1.Level1_C' with ClassGeneratedBy '/Game/Level1.Level1:PersistentLevel.Level1'
[2016.09.20-18.19.34:556][357]LogBlueprintUserMessages: Late EndPlayMap Detection: Level '/Game/Level1.Level1:PersistentLevel' has LevelScriptBlueprint '/Game/Level1.Level1:PersistentLevel.Level1' with GeneratedClass '/Game/Level1.Level1_C' with ClassGeneratedBy '/Game/Level1.Level1:PersistentLevel.Level1'
[2016.09.20-18.19.42:135][264]LogText:Warning: Failed to parse argument "GameModeName" as a number (using "0" as a fallback). Please check your format string for errors: "GameMode: {GameModeName}".
[2016.09.20-18.22.01:061][143]BlueprintLog: New page: Compile Level1
[2016.09.20-18.22.01:137][143]BlueprintEditorCompileResults: Info [0590.77] Compile of PersistentLevel.Level1 successful! [in 76 ms] (/Game/Level1.Level1:PersistentLevel.Level1)
[2016.09.20-18.22.03:035][368]LogBlueprintUserMessages: Early PlayInEditor Detection: Level '/Game/Level1.Level1:PersistentLevel' has LevelScriptBlueprint '/Game/Level1.Level1:PersistentLevel.Level1' with GeneratedClass '/Game/Level1.Level1_C' with ClassGeneratedBy '/Game/Level1.Level1:PersistentLevel.Level1'
[2016.09.20-18.22.03:035][368]LogPlayLevel: PlayLevel: No blueprints needed recompiling
[2016.09.20-18.22.03:035][368]PIE: New page: PIE session: Level1 (Sep 20, 2016, 9:22:03 PM)
[2016.09.20-18.22.03:035][368]LogPlayLevel: Creating play world package: /Game/UEDPIE_0_Level1
[2016.09.20-18.22.03:037][368]LogPlayLevel: PIE: StaticDuplicateObject took: (0.002454s)
[2016.09.20-18.22.03:038][368]LogAIModule: Creating AISystem for world Level1
[2016.09.20-18.22.03:038][368]LogPlayLevel: PIE: World Init took: (0.000885s)
[2016.09.20-18.22.03:039][368]LogPlayLevel: PIE: Created PIE world by copying editor world from /Game/Level1.Level1 to /Game/UEDPIE_0_Level1.Level1 (0.003537s)
[2016.09.20-18.22.03:055][368]LogInit: XAudio2 using 'Speakers (Realtek High Definition Audio)' : 2 channels at 48 kHz using 32 bits per sample (channel mask 0x3)
[2016.09.20-18.22.03:066][368]LogInit: FAudioDevice initialized.
[2016.09.20-18.22.03:114][368]LogWorld: Game class is 'GameMode'
[2016.09.20-18.22.03:117][368]LogWorld: Bringing World /Game/UEDPIE_0_Level1.Level1 up for play (max tick rate 0) at 2016.09.20-20.22.03
[2016.09.20-18.22.03:118][368]LogWorld: Bringing up level for play took: 0.002254
[2016.09.20-18.22.03:119][368]PIE: Info Play in editor start time for /Game/UEDPIE_0_Level1 -0.591
[2016.09.20-18.22.03:119][368]LogBlueprintUserMessages: Late PlayInEditor Detection: Level '/Game/Level1.Level1:PersistentLevel' has LevelScriptBlueprint '/Game/Level1.Level1:PersistentLevel.Level1' with GeneratedClass '/Game/Level1.Level1_C' with ClassGeneratedBy '/Game/Level1.Level1:PersistentLevel.Level1'
[2016.09.20-18.22.05:306][628]LogBlueprintUserMessages: [Level1_C_0] Key was pressed
[2016.09.20-18.22.06:023][714]LogBlueprintUserMessages: [Level1_C_0] Hello Event Listeners
[2016.09.20-18.22.06:674][791]LogBlueprintUserMessages: [Level1_C_0] Key was pressed
[2016.09.20-18.22.08:384][952]LogBlueprintUserMessages: Early EndPlayMap Detection: Level '/Game/Level1.Level1:PersistentLevel' has LevelScriptBlueprint '/Game/Level1.Level1:PersistentLevel.Level1' with GeneratedClass '/Game/Level1.Level1_C' with ClassGeneratedBy '/Game/Level1.Level1:PersistentLevel.Level1'
[2016.09.20-18.22.08:413][952]LogBlueprintUserMessages: Late EndPlayMap Detection: Level '/Game/Level1.Level1:PersistentLevel' has LevelScriptBlueprint '/Game/Level1.Level1:PersistentLevel.Level1' with GeneratedClass '/Game/Level1.Level1_C' with ClassGeneratedBy '/Game/Level1.Level1:PersistentLevel.Level1'
[2016.09.20-18.22.10:923][249]LogBlueprintUserMessages: Early PlayInEditor Detection: Level '/Game/Level1.Level1:PersistentLevel' has LevelScriptBlueprint '/Game/Level1.Level1:PersistentLevel.Level1' with GeneratedClass '/Game/Level1.Level1_C' with ClassGeneratedBy '/Game/Level1.Level1:PersistentLevel.Level1'
[2016.09.20-18.22.10:923][249]LogPlayLevel: PlayLevel: No blueprints needed recompiling
[2016.09.20-18.22.10:924][249]PIE: New page: PIE session: Level1 (Sep 20, 2016, 9:22:10 PM)
[2016.09.20-18.22.10:924][249]LogPlayLevel: Creating play world package: /Game/UEDPIE_0_Level1
[2016.09.20-18.22.10:926][249]LogPlayLevel: PIE: StaticDuplicateObject took: (0.002592s)
[2016.09.20-18.22.10:927][249]LogAIModule: Creating AISystem for world Level1
[2016.09.20-18.22.10:927][249]LogPlayLevel: PIE: World Init took: (0.000556s)
[2016.09.20-18.22.10:927][249]LogPlayLevel: PIE: Created PIE world by copying editor world from /Game/Level1.Level1 to /Game/UEDPIE_0_Level1.Level1 (0.003331s)
[2016.09.20-18.22.10:943][249]LogInit: XAudio2 using 'Speakers (Realtek High Definition Audio)' : 2 channels at 48 kHz using 32 bits per sample (channel mask 0x3)
[2016.09.20-18.22.10:953][249]LogInit: FAudioDevice initialized.
[2016.09.20-18.22.11:001][249]LogWorld: Game class is 'GameMode'
[2016.09.20-18.22.11:004][249]LogWorld: Bringing World /Game/UEDPIE_0_Level1.Level1 up for play (max tick rate 0) at 2016.09.20-20.22.11
[2016.09.20-18.22.11:004][249]LogWorld: Bringing up level for play took: 0.001908
[2016.09.20-18.22.11:006][249]PIE: Info Play in editor start time for /Game/UEDPIE_0_Level1 -0.704
[2016.09.20-18.22.11:006][249]LogBlueprintUserMessages: Late PlayInEditor Detection: Level '/Game/Level1.Level1:PersistentLevel' has LevelScriptBlueprint '/Game/Level1.Level1:PersistentLevel.Level1' with GeneratedClass '/Game/Level1.Level1_C' with ClassGeneratedBy '/Game/Level1.Level1:PersistentLevel.Level1'
[2016.09.20-18.22.12:786][462]LogBlueprintUserMessages: [Level1_C_0] Key was pressed
[2016.09.20-18.22.13:719][574]LogBlueprintUserMessages: [Level1_C_0] Key was pressed
[2016.09.20-18.22.13:911][597]LogBlueprintUserMessages: [Level1_C_0] Hello Event Listeners
[2016.09.20-18.22.14:053][614]LogBlueprintUserMessages: [Level1_C_0] Key was pressed
[2016.09.20-18.22.14:228][635]LogBlueprintUserMessages: [Level1_C_0] Key was pressed
[2016.09.20-18.22.14:778][701]LogBlueprintUserMessages: [Level1_C_0] Key was pressed
[2016.09.20-18.22.15:253][758]LogBlueprintUserMessages: [Level1_C_0] Key was pressed
[2016.09.20-18.22.15:453][782]LogBlueprintUserMessages: [Level1_C_0] Key was pressed
[2016.09.20-18.22.15:945][841]LogBlueprintUserMessages: [Level1_C_0] Key was pressed
[2016.09.20-18.22.16:145][865]LogBlueprintUserMessages: [Level1_C_0] Key was pressed
[2016.09.20-18.22.16:428][899]LogBlueprintUserMessages: [Level1_C_0] Key was pressed
[2016.09.20-18.22.16:620][922]LogBlueprintUserMessages: [Level1_C_0] Key was pressed
[2016.09.20-18.22.16:861][951]LogBlueprintUserMessages: [Level1_C_0] Key was pressed
[2016.09.20-18.22.17:053][974]LogBlueprintUserMessages: [Level1_C_0] Key was pressed
[2016.09.20-18.22.17:161][987]LogBlueprintUserMessages: [Level1_C_0] Key was pressed
[2016.09.20-18.22.17:445][ 21]LogBlueprintUserMessages: [Level1_C_0] Key was pressed
[2016.09.20-18.22.18:379][133]LogBlueprintUserMessages: Early EndPlayMap Detection: Level '/Game/Level1.Level1:PersistentLevel' has LevelScriptBlueprint '/Game/Level1.Level1:PersistentLevel.Level1' with GeneratedClass '/Game/Level1.Level1_C' with ClassGeneratedBy '/Game/Level1.Level1:PersistentLevel.Level1'
[2016.09.20-18.22.18:412][133]LogBlueprintUserMessages: Late EndPlayMap Detection: Level '/Game/Level1.Level1:PersistentLevel' has LevelScriptBlueprint '/Game/Level1.Level1:PersistentLevel.Level1' with GeneratedClass '/Game/Level1.Level1_C' with ClassGeneratedBy '/Game/Level1.Level1:PersistentLevel.Level1'
[2016.09.20-18.24.07:392][296]Cmd: OBJ SAVEPACKAGE PACKAGE="/Game/Level1" FILE="../../../../../../Users/William/Documents/Unreal Projects/MyProject2/Content/Level1.umap" SILENT=true AUTOSAVING=false KEEPDIRTY=false
[2016.09.20-18.24.07:494][296]LogSavePackage: Save=83.12ms
[2016.09.20-18.24.07:494][296]LogSavePackage: Moving '../../../../../../Users/William/Documents/Unreal Projects/MyProject2/Saved/Level14E13787A48340E73E7F81DA3C0DE981C.tmp' to '../../../../../../Users/William/Documents/Unreal Projects/MyProject2/Content/Level1.umap'
[2016.09.20-18.24.07:496][296]LogSavePackage:Display: Finished SavePackage ../../../../../../Users/William/Documents/Unreal Projects/MyProject2/Content/Level1.umap
[2016.09.20-18.24.18:686][615]LogMetaData: Removing '/Game/KeyPressDemo.KeyPressDemo_C' ref from Metadata '/Game/Level1.PackageMetaData'
[2016.09.20-18.24.18:686][615]LogMetaData: Removing '/Game/KeyPressDemo.SKEL_KeyPressDemo_C' ref from Metadata '/Game/Level1.PackageMetaData'
[2016.09.20-18.24.18:802][615]Cmd: OBJ SAVEPACKAGE PACKAGE="/Game/KeyPressDemo" FILE="../../../../../../Users/William/Documents/Unreal Projects/MyProject2/Content/KeyPressDemo.umap" SILENT=true AUTOSAVING=false KEEPDIRTY=false
[2016.09.20-18.24.18:910][615]LogSavePackage: Save=91.39ms
[2016.09.20-18.24.18:910][615]LogSavePackage: Moving '../../../../../../Users/William/Documents/Unreal Projects/MyProject2/Saved/KeyPressDemoD53234E844FD0F3C9B2D7EBB537F95B9.tmp' to '../../../../../../Users/William/Documents/Unreal Projects/MyProject2/Content/KeyPressDemo.umap'
[2016.09.20-18.24.18:912][615]LogSavePackage:Display: Finished SavePackage ../../../../../../Users/William/Documents/Unreal Projects/MyProject2/Content/KeyPressDemo.umap
[2016.09.20-18.24.18:921][615]LogFileHelpers: Saving map 'KeyPressDemo' took 0.217
[2016.09.20-18.24.21:051][852]Cmd: OBJ SAVEPACKAGE PACKAGE="/Game/KeyPressDemo" FILE="../../../../../../Users/William/Documents/Unreal Projects/MyProject2/Content/KeyPressDemo.umap" SILENT=true AUTOSAVING=false KEEPDIRTY=false
[2016.09.20-18.24.21:151][852]LogSavePackage: Save=82.43ms
[2016.09.20-18.24.21:151][852]LogSavePackage: Moving 