Log file open, 09/20/16 20:26:19
LogInit:Display: Running engine for game: PointyStick
LogPlatformFile: Not using cached read wrapper
LogInit:Display: RandInit(-616017489) SRandInit(-616017487).
LogTaskGraph: Started task graph with 4 named threads and 7 total threads with 1 sets of task threads.
LogStats: Stats thread started at 0.074656
LogInit: Version: 4.12.5-3039270+++UE4+Release-4.12
LogInit: API Version: 2992821
LogInit: Net Version: 3039270
LogDevObjectVersion: Number of dev versions registered: 13
LogDevObjectVersion:   Dev-Blueprints (B0D832E4-1F89-4F0D-ACCF-7EB736FD4AA2): 3
LogDevObjectVersion:   Dev-Build (E1C64328-A22C-4D53-A36C-8E866417BD8C): 0
LogDevObjectVersion:   Dev-Core (375EC13C-06E4-48FB-B500-84F0262A717E): 1
LogDevObjectVersion:   Dev-Editor (E4B068ED-F494-42E9-A231-DA0B2E46BB41): 2
LogDevObjectVersion:   Dev-Framework (CFFC743F-43B0-4480-9391-14DF171D2073): 6
LogDevObjectVersion:   Dev-Mobile (B02B49B5-BB20-44E9-A304-32B752E40360): 0
LogDevObjectVersion:   Dev-Networking (A4E4105C-59A1-49B5-A7C5-40C4547EDFEE): 0
LogDevObjectVersion:   Dev-Online (39C831C9-5AE6-47DC-9A44-9C173E1C8E7C): 0
LogDevObjectVersion:   Dev-Physics (78F01B33-EBEA-4F98-B9B4-84EACCB95AA2): 0
LogDevObjectVersion:   Dev-Platform (6631380F-2D4D-43E0-8009-CF276956A95A): 0
LogDevObjectVersion:   Dev-Rendering (12F88B9F-8875-4AFC-A67C-D90C383ABD29): 2
LogDevObjectVersion:   Dev-Sequencer (7B5AE74C-D270-4C10-A958-57980B212A5A): 0
LogDevObjectVersion:   Dev-VR (D7296918-1DD6-4BDD-9DE2-64A83CC13884): 0
LogInit: Compiled (64-bit): Jul  6 2016 09:09:46
LogInit: Compiled with Visual C++: 19.00.23026.00
LogInit: Build Configuration: Development
LogInit: Branch Name: ++UE4+Release-4.12
LogInit: Command line: -EpicPortal 
LogInit: Base directory: C:/Program Files (x86)/Epic Games/4.12/Engine/Binaries/Win64/
LogInit: Installed Engine Build: 1
LogInit: Using libcurl 7.41.0
LogInit:  - built for x86_64-pc-win32
LogInit:  - supports SSL with WinSSL
LogInit:  - other features:
LogInit:      CURL_VERSION_SSL
LogInit:      CURL_VERSION_IPV6
LogInit:      CURL_VERSION_ASYNCHDNS
LogInit:      CURL_VERSION_LARGEFILE
LogInit:      CURL_VERSION_IDN
LogInit:  CurlRequestOptions (configurable via config and command line):
LogInit:  - bVerifyPeer = true  - Libcurl will verify peer certificate
LogInit:  - bUseHttpProxy = false  - Libcurl will NOT use HTTP proxy
LogInit:  - bDontReuseConnections = false  - Libcurl will reuse connections
LogInit:  - CertBundlePath = nullptr  - Libcurl will use whatever was configured at build time.
LogInit: Presizing for max 8388607 objects, including 0 objects not considered by GC, pre-allocating 0 bytes for permanent pool.
LogInit: Object subsystem initialized
[2016.09.20-18.26.19:087][  0]LogInit: Selected Device Profile: [Windows]
[2016.09.20-18.26.19:087][  0]LogInit: Applying CVar settings loaded from the selected device profile: [Windows]
[2016.09.20-18.26.19:097][  0]LogInit: Computer: WILLIAM-DESKTOP
[2016.09.20-18.26.19:097][  0]LogInit: User: William
[2016.09.20-18.26.19:097][  0]LogInit: CPU Page size=65536, Cores=4
[2016.09.20-18.26.19:097][  0]LogInit: High frequency timer resolution =3.125013 MHz
[2016.09.20-18.26.19:097][  0]LogMemory: Memory total: Physical=7.9GB (8GB approx)
[2016.09.20-18.26.19:097][  0]LogMemory: Platform Memory Stats for Windows
[2016.09.20-18.26.19:097][  0]LogMemory: Process Physical Memory: 189.07 MB used, 189.07 MB peak
[2016.09.20-18.26.19:097][  0]LogMemory: Process Virtual Memory: 195.09 MB used, 195.09 MB peak
[2016.09.20-18.26.19:097][  0]LogMemory: Physical Memory: 5479.18 MB used, 8067.15 MB total
[2016.09.20-18.26.19:097][  0]LogMemory: Virtual Memory: 553.96 MB used, 134217728.00 MB total
[2016.09.20-18.26.19:137][  0]LogTextLocalizationManager: No specific translations for ('en-US') exist, so ('en') translations will be used.
[2016.09.20-18.26.19:503][  0]LogD3D11RHI: D3D11 adapters:
[2016.09.20-18.26.19:522][  0]LogD3D11RHI:    0. 'NVIDIA GeForce GTX 780' (Feature Level 11_0)
[2016.09.20-18.26.19:522][  0]LogD3D11RHI:       3039/0/4033 MB DedicatedVideo/DedicatedSystem/SharedSystem, Outputs:1, VendorId:0x10de
[2016.09.20-18.26.19:528][  0]LogD3D11RHI:    1. 'Intel(R) HD Graphics 4600' (Feature Level 11_0)
[2016.09.20-18.26.19:528][  0]LogD3D11RHI:       112/0/4033 MB DedicatedVideo/DedicatedSystem/SharedSystem, Outputs:0, VendorId:0x8086
[2016.09.20-18.26.19:530][  0]LogD3D11RHI:    2. 'Microsoft Basic Render Driver' (Feature Level 11_0)
[2016.09.20-18.26.19:530][  0]LogD3D11RHI:       0/0/4033 MB DedicatedVideo/DedicatedSystem/SharedSystem, Outputs:0, VendorId:0x1414
[2016.09.20-18.26.19:530][  0]LogD3D11RHI: Chosen D3D11 Adapter: 0
[2016.09.20-18.26.19:533][  0]LogD3D11RHI: Creating new Direct3DDevice
[2016.09.20-18.26.19:533][  0]LogD3D11RHI:     GPU DeviceId: 0x1004 (for the marketing name, search the web for "GPU Device Id")
[2016.09.20-18.26.19:533][  0]LogWindows: EnumDisplayDevices:
[2016.09.20-18.26.19:533][  0]LogWindows:    0. 'NVIDIA GeForce GTX 780' (P:1 D:1)
[2016.09.20-18.26.19:533][  0]LogWindows:    1. 'NVIDIA GeForce GTX 780' (P:0 D:0)
[2016.09.20-18.26.19:533][  0]LogWindows:    2. 'NVIDIA GeForce GTX 780' (P:0 D:0)
[2016.09.20-18.26.19:533][  0]LogWindows:    3. 'NVIDIA GeForce GTX 780' (P:0 D:0)
[2016.09.20-18.26.19:533][  0]LogWindows:    4. 'Intel(R) HD Graphics 4600' (P:0 D:0)
[2016.09.20-18.26.19:533][  0]LogWindows:    5. 'Intel(R) HD Graphics 4600' (P:0 D:0)
[2016.09.20-18.26.19:533][  0]LogWindows:    6. 'Intel(R) HD Graphics 4600' (P:0 D:0)
[2016.09.20-18.26.19:533][  0]LogWindows: DebugString: PrimaryIsNotTheChoosenAdapter PrimaryIsNotTheChoosenAdapter PrimaryIsNotTheChoosenAdapter FoundDriverCount:4 
[2016.09.20-18.26.19:533][  0]LogD3D11RHI:     Adapter Name: NVIDIA GeForce GTX 780
[2016.09.20-18.26.19:533][  0]LogD3D11RHI:   Driver Version: 368.81 (internal:10.18.13.6881, unified:368.81)
[2016.09.20-18.26.19:533][  0]LogD3D11RHI:      Driver Date: 7-10-2016
[2016.09.20-18.26.19:533][  0]LogRHI: Texture pool is 1361 MB (70% of 1945 MB)
[2016.09.20-18.26.19:544][  0]LogD3D11RHI: Async texture creation enabled
[2016.09.20-18.26.19:554][  0]LogD3D11RHI: GPU Timing Frequency: 1000.000000 (Debug: 2 1)
[2016.09.20-18.26.19:554][  0]LogShaderCompilers: Guid format shader working directory is -21 characters bigger than the processId version (../../../../../../Users/William/Documents/Unreal Projects/PointyStick/Intermediate/Shaders/WorkingDirectory/4220/).
[2016.09.20-18.26.19:554][  0]LogShaderCompilers: Cleaned the shader compiler working directory 'C:/Users/William/AppData/Local/Temp/UnrealShaderWorkingDir/212A26D9417114485D5CA6B16AE0B0DA/'.
[2016.09.20-18.26.19:554][  0]LogShaderCompilers:Display: Using Local Shader Compiler.
[2016.09.20-18.26.20:610][  0]LogTemp:Display: Loaded TP AllDesktopTargetPlatform
[2016.09.20-18.26.20:619][  0]LogTemp:Display: Loaded TP WindowsClientTargetPlatform
[2016.09.20-18.26.20:630][  0]LogTemp:Display: Loaded TP WindowsNoEditorTargetPlatform
[2016.09.20-18.26.20:640][  0]LogTemp:Display: Loaded TP WindowsServerTargetPlatform
[2016.09.20-18.26.20:649][  0]LogTemp:Display: Loaded TP WindowsTargetPlatform
[2016.09.20-18.26.20:659][  0]LogTemp:Display: Loaded TP AndroidTargetPlatform
[2016.09.20-18.26.20:668][  0]LogTemp:Display: Loaded TP Android_ASTCTargetPlatform
[2016.09.20-18.26.20:676][  0]LogTemp:Display: Loaded TP Android_ATCTargetPlatform
[2016.09.20-18.26.20:684][  0]LogTemp:Display: Loaded TP Android_DXTTargetPlatform
[2016.09.20-18.26.20:692][  0]LogTemp:Display: Loaded TP Android_ETC1TargetPlatform
[2016.09.20-18.26.20:701][  0]LogTemp:Display: Loaded TP Android_ETC2TargetPlatform
[2016.09.20-18.26.20:717][  0]LogTemp:Display: Loaded TP Android_MultiTargetPlatform
[2016.09.20-18.26.20:717][  0]LogTemp:Display: Loaded TP Android_PVRTCTargetPlatform
[2016.09.20-18.26.20:719][  0]LogTemp:Display: Loaded TP HTML5TargetPlatform
[2016.09.20-18.26.20:741][  0]LogTemp:Display: Loaded TP IOSTargetPlatform
[2016.09.20-18.26.20:748][  0]LogTemp:Display: Loaded TP TVOSTargetPlatform
[2016.09.20-18.26.20:756][  0]LogTemp:Display: Loaded TP LinuxNoEditorTargetPlatform
[2016.09.20-18.26.20:764][  0]LogTemp:Display: Loaded TP LinuxServerTargetPlatform
[2016.09.20-18.26.20:773][  0]LogTemp:Display: Loaded TP LinuxTargetPlatform
[2016.09.20-18.26.20:773][  0]LogTargetPlatformManager:Display: Building Assets For Windows
[2016.09.20-18.26.20:845][  0]LogDerivedDataCache:Display: Max Cache Size: 512 MB
[2016.09.20-18.26.20:895][  0]LogDerivedDataCache: Loaded boot cache 0.05s 48MB C:/Users/William/AppData/Local/UnrealEngine/4.12/DerivedDataCache/Boot.ddc.
[2016.09.20-18.26.20:895][  0]LogDerivedDataCache:Display: Loaded Boot cache: C:/Users/William/AppData/Local/UnrealEngine/4.12/DerivedDataCache/Boot.ddc
[2016.09.20-18.26.20:895][  0]LogDerivedDataCache: FDerivedDataBackendGraph:  Pak pak cache file ../../../../../../Users/William/Documents/Unreal Projects/PointyStick/DerivedDataCache/DDC.ddp not found, will not use a pak cache.
[2016.09.20-18.26.20:895][  0]LogDerivedDataCache: Unable to find inner node Pak for hierarchical cache Hierarchy.
[2016.09.20-18.26.20:895][  0]LogDerivedDataCache: FDerivedDataBackendGraph:  CompressedPak pak cache file ../../../../../../Users/William/Documents/Unreal Projects/PointyStick/DerivedDataCache/Compressed.ddp not found, will not use a pak cache.
[2016.09.20-18.26.20:895][  0]LogDerivedDataCache: Unable to find inner node CompressedPak for hierarchical cache Hierarchy.
[2016.09.20-18.26.20:914][  0]LogDerivedDataCache:Display: Pak cache opened for reading ../../../Engine/DerivedDataCache/Compressed.ddp.
[2016.09.20-18.26.20:926][  0]LogDerivedDataCache: Using Local data cache path C:/Users/William/AppData/Local/UnrealEngine/Common/DerivedDataCache: Writable
[2016.09.20-18.26.21:115][  0]LogInit: Selected Device Profile: [Windows]
[2016.09.20-18.26.21:116][  0]LogContentStreaming: Texture pool size is 0.00 MB
[2016.09.20-18.26.21:262][  0]LogMeshUtilities: No automatic mesh reduction module available
[2016.09.20-18.26.21:262][  0]LogMeshUtilities: No automatic mesh merging module available
[2016.09.20-18.26.21:262][  0]LogMeshUtilities: No distributed automatic mesh merging module available
[2016.09.20-18.26.21:499][  0]LogAssetRegistry: FAssetRegistry took 0.0220 seconds to start up
[2016.09.20-18.26.21:525][  0]LogPackageLocalizationCache: Processed 3 localized package path(s) for 2 prioritized culture(s) in 0.023459 seconds
[2016.09.20-18.26.21:530][  0]LogUObjectArray: 28739 objects as part of root set at end of initial load.
[2016.09.20-18.26.21:530][  0]LogUObjectAllocator: 5855624 out of 0 bytes used by permanent object pool.
[2016.09.20-18.26.21:530][  0]LogUObjectArray: CloseDisregardForGC: 0/0 objects in disregard for GC pool
[2016.09.20-18.26.21:536][  0]LogInit: WinSock: version 1.1 (2.2), MaxSocks=32767, MaxUdp=65467
[2016.09.20-18.26.21:711][  0]LogSlate: SlateFontCache - WITH_FREETYPE: 1, WITH_HARFBUZZ: 1
[2016.09.20-18.26.21:711][  0]LogSlate: SlateFontCache - WITH_FREETYPE: 1, WITH_HARFBUZZ: 1
[2016.09.20-18.26.22:747][  0]LogUdpMessaging: Initializing bridge on interface 0.0.0.0:0 to multicast group 230.0.0.1:6666.
[2016.09.20-18.26.22:971][  0]SourceControl: Info Source control is disabled
[2016.09.20-18.26.23:004][  0]SourceControl: Info Source control is disabled
[2016.09.20-18.26.23:011][  0]SourceControl: Info Source control is disabled
[2016.09.20-18.26.23:017][  0]SourceControl: Info Source control is disabled
[2016.09.20-18.26.23:203][  0]LogEngine: Initializing Engine...
[2016.09.20-18.26.23:204][  0]LogHMD: SteamVR failed to initialize.  Err: 110
[2016.09.20-18.26.23:204][  0]LogHMD: SteamVR failed to initialize.  Err: 110
[2016.09.20-18.26.23:337][  0]LogAIModule: Creating AISystem for world NewWorld
[2016.09.20-18.26.23:342][  0]LogInit: XAudio2 using 'Speakers (Realtek High Definition Audio)' : 2 channels at 48 kHz using 32 bits per sample (channel mask 0x3)
[2016.09.20-18.26.23:372][  0]LogInit: FAudioDevice initialized.
[2016.09.20-18.26.23:396][  0]LogDerivedDataCache: Saved boot cache 0.02s 48MB C:/Users/William/AppData/Local/UnrealEngine/4.12/DerivedDataCache/Boot.ddc.
[2016.09.20-18.26.23:401][  0]LogInit: Texture streaming: Enabled
[2016.09.20-18.26.23:422][  0]LogInit: Transaction tracking system initialized
[2016.09.20-18.26.23:442][  0]BlueprintLog: New page: Editor Load
[2016.09.20-18.26.23:514][  0]LocalizationService: Info Localization service is disabled
[2016.09.20-18.26.23:575][  0]LogConsoleResponse:Display: 
[2016.09.20-18.26.23:686][  0]LogCook:Display: Max memory allowance for cook 8192mb
[2016.09.20-18.26.23:686][  0]LogCook:Display: Mobile HDR setting 1
[2016.09.20-18.26.23:775][  0]LogFileCache: Scanning file cache for directory 'C:/Users/William/Documents/Unreal Projects/PointyStick/Content/' took 0.01s
[2016.09.20-18.26.23:775][  0]SourceControl: Info Source control is disabled
[2016.09.20-18.26.23:775][  0]Cmd: MAP LOAD FILE="../../../Engine/Content/Maps/Templates/Template_Default.umap" TEMPLATE=1 SHOWPROGRESS=1 FEATURELEVEL=3
[2016.09.20-18.26.23:776][  0]LightingResults: New page: Lighting Build
[2016.09.20-18.26.23:779][  0]MapCheck: New page: Map Check
[2016.09.20-18.26.23:779][  0]LightingResults: New page: Lighting Build
[2016.09.20-18.26.23:995][  0]LogAIModule: Creating AISystem for world Untitled_1
[2016.09.20-18.26.24:000][  0]LogEditorServer: Finished looking for orphan Actors (0.000 secs)
[2016.09.20-18.26.24:004][  0]Cmd: MAP CHECKDEP NOCLEARLOG
[2016.09.20-18.26.24:093][  0]MapCheck: Info Map check complete: 0 Error(s), 0 Warning(s), took 88.576ms to complete.
[2016.09.20-18.26.24:093][  0]LogFileHelpers: Loading map 'Template_Default' took 0.318
[2016.09.20-18.26.24:215][  0]LogCollectionManager: Loaded 0 collections in 0.001574 seconds
[2016.09.20-18.26.24:254][  0]LogFileCache: Scanning file cache for directory 'C:/Users/William/Documents/Unreal Projects/PointyStick/Saved/Collections/' took 0.01s
[2016.09.20-18.26.24:254][  0]LogFileCache: Scanning file cache for directory 'C:/Users/William/Documents/Unreal Projects/PointyStick/Content/Developers/William/Collections/' took 0.01s
[2016.09.20-18.26.24:254][  0]LogFileCache: Scanning file cache for directory 'C:/Users/William/Documents/Unreal Projects/PointyStick/Content/Collections/' took 0.01s
[2016.09.20-18.26.24:254][  0]LogCollectionManager: Rebuilt the GUID cache for 0 collections in 0.000003 seconds
[2016.09.20-18.26.24:262][  0]LogContentBrowser: Native class hierarchy populated in 0.0076 seconds. Added 2047 classes and 369 folders.
[2016.09.20-18.26.24:266][  0]LogStats: UGameplayTagsManager::ConstructGameplayTagTree: Construct from data asset -  0.000 s
[2016.09.20-18.26.24:266][  0]LogStats: UGameplayTagsManager::ConstructGameplayTagTree: GameplayTagTreeChangedEvent.Broadcast -  0.000 s
[2016.09.20-18.26.24:266][  0]LogContentBrowser: Native class hierarchy updated for 'GameplayTags' in 0.0004 seconds. Added 12 classes and 0 folders.
[2016.09.20-18.26.24:271][  0]LogContentBrowser: Native class hierarchy updated for 'WidgetCarousel' in 0.0004 seconds. Added 0 classes and 0 folders.
[2016.09.20-18.26.24:334][  0]LogContentBrowser: Native class hierarchy updated for 'AddContentDialog' in 0.0005 seconds. Added 0 classes and 0 folders.
[2016.09.20-18.26.24:337][  0]LogContentBrowser: Native class hierarchy updated for 'SceneOutliner' in 0.0004 seconds. Added 1 classes and 2 folders.
[2016.09.20-18.26.24:350][  0]LogCrashTracker: Crashtracker disabled due to settings.
[2016.09.20-18.26.24:355][  0]LogUObjectGlobals:Warning: Failed to find object 'Class None.'
[2016.09.20-18.26.24:382][  0]LogContentBrowser: Native class hierarchy updated for 'HierarchicalLODOutliner' in 0.0004 seconds. Added 1 classes and 2 folders.
[2016.09.20-18.26.24:382][  0]LogLoad: Full Startup: 5.95 seconds (BP compile: 0.03 seconds)
[2016.09.20-18.26.24:382][  0]LogExternalProfiler: Found external profiler: VSPerf
[2016.09.20-18.26.24:382][  0]LogExternalProfiler: Using external profiler: VSPerf
[2016.09.20-18.26.24:391][  0]LogWindowsTextInputMethodSystem:Display: IME system now deactivated.
[2016.09.20-18.26.24:391][  0]LogOcInput: OculusInput pre-init called
[2016.09.20-18.26.24:410][  0]LogContentStreaming: Texture pool size now 1000 MB
[2016.09.20-18.26.24:554][  0]LogRenderer: Reallocating scene render targets to support 1208x576 (Frame:2).
[2016.09.20-18.26.24:609][  1]LogAssetRegistry: Asset discovery search completed in 3.1320 seconds
[2016.09.20-18.26.24:609][  1]LogCollectionManager: Rebuilt the object cache for 0 collections in 0.000001 seconds (found 0 objects)
[2016.09.20-18.26.24:609][  1]LogCollectionManager: Fixed up redirectors for 0 collections in 0.000036 seconds (updated 0 objects)
[2016.09.20-18.26.29:652][597]LogAIModule: Creating AISystem for world KeyPressDemo
[2016.09.20-18.26.29:671][597]Cmd: MAP LOAD FILE="../../../../../../Users/William/Documents/Unreal Projects/PointyStick/Content/KeyPressDemo.umap" TEMPLATE=0 SHOWPROGRESS=1 FEATURELEVEL=3
[2016.09.20-18.26.29:671][597]LightingResults: New page: Lighting Build
[2016.09.20-18.26.29:673][597]LoadErrors: New page: Loading map: KeyPressDemo.umap
[2016.09.20-18.26.29:673][597]MapCheck: New page: Map Check
[2016.09.20-18.26.29:674][597]LightingResults: New page: Lighting Build
[2016.09.20-18.26.29:684][597]LogEditorServer: Finished looking for orphan Actors (0.000 secs)
[2016.09.20-18.26.29:693][597]Cmd: MAP CHECKDEP NOCLEARLOG
[2016.09.20-18.26.29:764][597]MapCheck: Info Map check complete: 0 Error(s), 0 Warning(s), took 70.989ms to complete.
[2016.09.20-18.26.29:764][597]LogFileHelpers: Loading map 'KeyPressDemo' took 0.093
[2016.09.20-18.26.30:749][712]LogBlueprintUserMessages: Early PlayInEditor Detection: Level '/Game/KeyPressDemo.KeyPressDemo:PersistentLevel' has LevelScriptBlueprint '/Game/KeyPressDemo.KeyPressDemo:PersistentLevel.KeyPressDemo' with GeneratedClass '/Game/KeyPressDemo.KeyPressDemo_C' with ClassGeneratedBy '/Game/KeyPressDemo.KeyPressDemo:PersistentLevel.KeyPressDemo'
[2016.09.20-18.26.30:749][712]LogPlayLevel: PlayLevel: No blueprints needed recompiling
[2016.09.20-18.26.30:749][712]PIE: New page: PIE session: KeyPressDemo (Sep 20, 2016, 9:26:30 PM)
[2016.09.20-18.26.30:749][712]LogPlayLevel: Creating play world package: /Game/UEDPIE_0_KeyPressDemo
[2016.09.20-18.26.30:751][712]LogPlayLevel: PIE: StaticDuplicateObject took: (0.002285s)
[2016.09.20-18.26.30:752][712]LogAIModule: Creating AISystem for world KeyPressDemo
[2016.09.20-18.26.30:752][712]LogPlayLevel: PIE: World Init took: (0.000691s)
[2016.09.20-18.26.30:752][712]LogPlayLevel: PIE: Created PIE world by copying editor world from /Game/KeyPressDemo.KeyPressDemo to /Game/UEDPIE_0_KeyPressDemo.KeyPressDemo (0.003184s)
[2016.09.20-18.26.30:761][712]LogInit: XAudio2 using 'Speakers (Realtek High Definition Audio)' : 2 channels at 48 kHz using 32 bits per sample (channel mask 0x3)
[2016.09.20-18.26.30:771][712]LogInit: FAudioDevice initialized.
[2016.09.20-18.26.30:833][712]LogWorld: Game class is 'GameMode'
[2016.09.20-18.26.30:836][712]LogWorld: Bringing World /Game/UEDPIE_0_KeyPressDemo.KeyPressDemo up for play (max tick rate 0) at 2016.09.20-20.26.30
[2016.09.20-18.26.30:837][712]LogWorld: Bringing up level for play took: 0.001770
[2016.09.20-18.26.30:840][712]LogContentBrowser: Native class hierarchy updated for 'MovieSceneCapture' in 0.0004 seconds. Added 11 classes and 0 folders.
[2016.09.20-18.26.30:841][712]PIE: Info Play in editor start time for /Game/UEDPIE_0_KeyPressDemo -0.869
[2016.09.20-18.26.30:842][712]LogBlueprintUserMessages: Late PlayInEditor Detection: Level '/Game/KeyPressDemo.KeyPressDemo:PersistentLevel' has LevelScriptBlueprint '/Game/KeyPressDemo.KeyPressDemo:PersistentLevel.KeyPressDemo' with GeneratedClass '/Game/KeyPressDemo.KeyPressDemo_C' with ClassGeneratedBy '/Game/KeyPressDemo.KeyPressDemo:PersistentLevel.KeyPressDemo'
[2016.09.20-18.26.31:846][831]LogBlueprintUserMessages: [KeyPressDemo_C_0] Key was pressed
[2016.09.20-18.26.31:863][833]LogBlueprintUserMessages: [KeyPressDemo_C_0] Key was pressed
[2016.09.20-18.26.33:321][  8]LogBlueprintUserMessages: [KeyPressDemo_C_0] Key was pressed
[2016.09.20-18.26.33:738][ 58]LogBlueprintUserMessages: [KeyPressDemo_C_0] Hello Event Listeners
[2016.09.20-18.26.33:880][ 75]LogBlueprintUserMessages: [KeyPressDemo_C_0] Key was pressed
[2016.09.20-18.26.34:363][133]LogBlueprintUserMessages: [KeyPressDemo_C_0] Key was pressed
[2016.09.20-18.26.35:363][253]LogBlueprintUserMessages: [KeyPressDemo_C_0] Key was pressed
[2016.09.20-18.26.35:730][297]LogBlueprintUserMessages: [KeyPressDemo_C_0] Key was pressed
[2016.09.20-18.26.36:389][376]LogBlueprintUserMessages: [KeyPressDemo_C_0] Key was pressed
[2016.09.20-18.26.37:739][538]LogBlueprintUserMessages: [KeyPressDemo_C_0] Key was pressed
[2016.09.20-18.26.38:405][618]LogBlueprintUserMessages: [KeyPressDemo_C_0] Key was pressed
[2016.09.20-18.26.38:614][643]LogBlueprintUserMessages: [KeyPressDemo_C_0] Key was pressed
[2016.09.20-18.26.38:772][662]LogBlueprintUserMessages: [KeyPressDemo_C_0] Key was pressed
[2016.09.20-18.26.38:997][689]LogBlueprintUserMessages: [KeyPressDemo_C_0] Key was pressed
[2016.09.20-18.26.39:205][714]LogBlueprintUserMessages: [KeyPressDemo_C_0] Key was pressed
[2016.09.20-18.26.39:397][737]LogBlueprintUserMessages: [KeyPressDemo_C_0] Key was pressed
[2016.09.20-18.26.40:673][890]LogBlueprintUserMessages: Early EndPlayMap Detection: Level '/Game/KeyPressDemo.KeyPressDemo:PersistentLevel' has LevelScriptBlueprint '/Game/KeyPressDemo.KeyPressDemo:PersistentLevel.KeyPressDemo' with GeneratedClass '/Game/KeyPressDemo.KeyPressDemo_C' with ClassGeneratedBy '/Game/KeyPressDemo.KeyPressDemo:PersistentLevel.KeyPressDemo'
[2016.09.20-18.26.40:703][890]LogBlueprintUserMessages: Late EndPlayMap Detection: Level '/Game/KeyPressDemo.KeyPressDemo:PersistentLevel' has LevelScriptBlueprint '/Game/KeyPressDemo.KeyPressDemo:PersistentLevel.KeyPressDemo' with GeneratedClass '/Game/KeyPressDemo.KeyPressDemo_C' with ClassGeneratedBy '/Game/KeyPressDemo.KeyPressDemo:PersistentLevel.KeyPressDemo'
[2016.09.20-18.38.58:790][919]LogText:Warning: Failed to parse argument "GameModeName" as a number (using "0" as a fallback). Please check your format string for errors: "GameMode: {GameModeName}".
[2016.09.20-18.39.00:159][ 41]LogContentBrowser: Native class hierarchy updated for 'BlueprintGraph' in 0.0008 seconds. Added 111 classes and 0 folders.
[2016.09.20-18.42.39:008][431]LogSavePackage: Save=103.68ms
[2016.09.20-18.42.39:008][431]LogSavePackage: Moving '../../../../../../Users/William/Documents/Unreal Projects/PointyStick/Saved/KeyPressDemo_Auto168C8F11042DD8A4EBCD0CEAE5AAF4408.tmp' to '../../../../../../Users/William/Documents/Unreal Projects/PointyStick/Saved/Autosaves/Game/KeyPressDemo_Auto1.umap'
[2016.09.20-18.42.39:009][431]LogSavePackage:Display: Finished SavePackage ../../../../../../Users/William/Documents/Unreal Projects/PointyStick/Saved/Autosaves/Game/KeyPressDemo_Auto1.umap
[2016.09.20-18.42.39:011][431]LogFileHelpers: Editor autosave (incl. sublevels) for '/Game/KeyPressDemo' took 0.142
[2016.09.20-18.42.39:011][431]LogFileHelpers: Editor autosave (incl. sublevels) for all levels took 0.142
[2016.09.20-18.45.40:856][506]BlueprintLog: New page: Compile KeyPressDemo
[2016.09.20-18.45.40:932][506]BlueprintEditorCompileResults: Info [1162.50] Compile of PersistentLevel.KeyPressDemo successful! [in 75 ms] (/Game/KeyPressDemo.KeyPressDemo:PersistentLevel.KeyPressDemo)
[2016.09.20-18.45.45:026][990]Cmd: OBJ SAVEPACKAGE PACKAGE="/Game/KeyPressDemo" FILE="../../../../../../Users/William/Documents/Unreal Projects/PointyStick/Content/KeyPressDemo.umap" SILENT=true AUTOSAVING=false KEEPDIRTY=false
[2016.09.20-18.45.45:134][990]LogSavePackage: Save=90.82ms
[2016.09.20-18.45.45:134][990]LogSavePackage: Moving '../../../../../../Users/William/Documents/Unreal Projects/PointyStick/Saved/KeyPressDemo3BB5A2DD4C458DAA55F790B1E632B438.tmp' to '../../../../../../Users/William/Documents/Unreal Projects/PointyStick/Content/KeyPressDemo.umap'
[2016.09.20-18.45.45:137][990]LogSavePackage:Display: Finished SavePackage ../../../../../../Users/William/Documents/Unreal Projects/PointyStick/Content/KeyPressDemo.umap
[2016.09.20-18.45.46:567][159]LogBlueprintUserMessages: Early PlayInEditor Detection: Level '/Game/KeyPressDemo.KeyPressDemo:PersistentLevel' has LevelScriptBlueprint '/Game/KeyPressDemo.KeyPressDemo:PersistentLevel.KeyPressDemo' with GeneratedClass '/Game/KeyPressDemo.KeyPressDemo_C' with ClassGeneratedBy '/Game/KeyPressDemo.KeyPressDemo:PersistentLevel.KeyPressDemo'
[2016.09.20-18.45.46:567][159]LogPlayLevel: PlayLevel: No blueprints needed recompiling
[2016.09.20-18.45.46:567][159]PIE: New page: PIE session: KeyPressDemo (Sep 20, 2016, 9:45:46 PM)
[2016.09.20-18.45.46:567][159]LogPlayLevel: Creating play world package: /Game/UEDPIE_0_KeyPressDemo
[2016.09.20-18.45.46:570][159]LogPlayLevel: PIE: StaticDuplicateObject took: (0.002524s)
[2016.09.20-18.45.46:571][159]LogAIModule: Creating AISystem for world KeyPressDemo
[2016.09.20-18.45.46:571][159]LogPlayLevel: PIE: World Init took: (0.001012s)
[2016.09.20-18.45.46:571][159]LogPlayLevel: PIE: Created PIE world by copying editor world from /Game/KeyPressDemo.KeyPressDemo to /Game/UEDPIE_0_KeyPressDemo.KeyPressDemo (0.003775s)
[2016.09.20-18.45.46:587][159]LogInit: XAudio2 using 'Speakers (Realtek High Definition Audio)' : 2 channels at 48 kHz using 32 bits per sample (channel mask 0x3)
[2016.09.20-18.45.46:598][159]LogInit: FAudioDevice initialized.
[2016.09.20-18.45.46:645][159]LogWorld: Game class is 'GameMode'
[2016.09.20-18.45.46:649][159]LogWorld: Bringing World /Game/UEDPIE_0_KeyPressDemo.KeyPressDemo up for play (max tick rate 0) at 2016.09.20-20.45.46
[2016.09.20-18.45.46:649][159]LogWorld: Bringing up level for play took: 0.002003
[2016.09.20-18.45.46:651][159]PIE: Info Play in editor start time for /Game/UEDPIE_0_KeyPressDemo 0.94
[2016.09.20-18.45.46:651][159]LogBlueprintUserMessages: Late PlayInEditor Detection: Level '/Game/KeyPressDemo.KeyPressDemo:PersistentLevel' has LevelScriptBlueprint '/Game/KeyPressDemo.KeyPressDemo:PersistentLevel.KeyPressDemo' with GeneratedClass '/Game/KeyPressDemo.KeyPressDemo_C' with ClassGeneratedBy '/Game/KeyPressDemo.KeyPressDemo:PersistentLevel.KeyPressDemo'
[2016.09.20-18.45.47:796][296]LogBlueprintUserMessages: [KeyPressDemo_C_0] Key was pressed
[2016.09.20-18.45.49:105][453]LogBlueprintUserMessages: [KeyPressDemo_C_0] Key was pressed
[2016.09.20-18.45.49:106][453]LogBlueprintUserMessages: [KeyPressDemo_C_0] 462.0
[2016.09.20-18.45.49:106][453]LogBlueprintUserMessages: [KeyPressDemo_C_0] 187.0
[2016.09.20-18.45.49:555][507]LogBlueprintUserMessages: [KeyPressDemo_C_0] Hello Event Listeners
[2016.09.20-18.45.50:774][653]LogBlueprintUserMessages: [KeyPressDemo_C_0] Key was pressed
[2016.09.20-18.45.50:816][658]LogBlueprintUserMessages: [KeyPressDemo_C_0] Key was pressed
[2016.09.20-18.45.51:297][716]LogBlueprintUserMessages: [KeyPressDemo_C_0] Key was pressed
[2016.09.20-18.45.51:298][716]LogBlueprintUserMessages: [KeyPressDemo_C_0] 16.0
[2016.09.20-18.45.51:298][716]LogBlueprintUserMessages: [KeyPressDemo_C_0] 130.0
[2016.09.20-18.45.52:014][802]LogBlueprintUserMessages: [KeyPressDemo_C_0] Key was pressed
[2016.09.20-18.45.52:014][802]LogBlueprintUserMessages: [KeyPressDemo_C_0] 0.0
[2016.09.20-18.45.52:014][802]LogBlueprintUserMessages: [KeyPressDemo_C_0] 147.0
[2016.09.20-18.45.53:006][921]LogBlueprintUserMessages: [KeyPressDemo_C_0] Key was pressed
[2016.09.20-18.45.53:006][921]LogBlueprintUserMessages: [KeyPressDemo_C_0] 0.0
[2016.09.20-18.45.53:006][921]LogBlueprintUserMessages: [KeyPressDemo_C_0] 161.0
[2016.09.20-18.45.54:306][ 77]LogBlueprintUserMessages: [KeyPressDemo_C_0] Key was pressed
[2016.09.20-18.45.54:306][ 77]LogBlueprintUserMessages: [KeyPressDemo_C_0] 15.0
[2016.09.20-18.45.54:306][ 77]LogBlueprintUserMessages: [KeyPressDemo_C_0] 174.0
[2016.09.20-18.45.54:772][133]LogBlueprintUserMessages: [KeyPressDemo_C_0] Key was pressed
[2016.09.20-18.45.54:772][133]LogBlueprintUserMessages: [KeyPressDemo_C_0] 15.0
[2016.09.20-18.45.54:772][133]LogBlueprintUserMessages: [KeyPressDemo_C_0] 174.0
[2016.09.20-18.45.55:581][230]LogBlueprintUserMessages: [KeyPressDemo_C_0] Key was pressed
[2016.09.20-18.45.55:581][230]LogBlueprintUserMessages: [KeyPressDemo_C_0] 0.0
[2016.09.20-18.45.55:581][230]LogBlueprintUserMessages: [KeyPressDemo_C_0] 171.0
[2016.09.20-18.45.56:931][392]LogBlueprintUserMessages: [KeyPressDemo_C_0] Key was pressed
[2016.09.20-18.45.56:931][392]LogBlueprintUserMessages: [KeyPressDemo_C_0] 16.0
[2016.09.20-18.45.56:931][392]LogBlueprintUserMessages: [KeyPressDemo_C_0] 0.0
[2016.09.20-18.45.57:673][481]LogBlueprintUserMessages: [KeyPressDemo_C_0] Key was pressed
[2016.09.20-18.45.57:673][481]LogBlueprintUserMessages: [KeyPressDemo_C_0] 480.0
[2016.09.20-18.45.57:673][481]LogBlueprintUserMessages: [KeyPressDemo_C_0] 99.0
[2016.09.20-18.45.58:132][536]LogBlueprintUserMessages: [KeyPressDemo_C_0] Key was pressed
[2016.09.20-18.45.58:132][536]LogBlueprintUserMessages: [KeyPressDemo_C_0] 778.0
[2016.09.20-18.45.58:132][536]LogBlueprintUserMessages: [KeyPressDemo_C_0] 572.0
[2016.09.20-18.45.58:431][572]LogBlueprintUserMessages: [KeyPressDemo_C_0] Key was pressed
[2016.09.20-18.45.58:431][572]LogBlueprintUserMessages: [KeyPressDemo_C_0] 63.0
[2016.09.20-18.45.58:431][572]LogBlueprintUserMessages: [KeyPressDemo_C_0] 436.0
[2016.09.20-18.45.58:665][600]LogBlueprintUserMessages: [KeyPressDemo_C_0] Key was pressed
[2016.09.20-18.45.58:665][600]LogBlueprintUserMessages: [KeyPressDemo_C_0] 388.0
[2016.09.20-18.45.58:665][600]LogBlueprintUserMessages: [KeyPressDemo_C_0] 0.0
[2016.09.20-18.45.58:873][625]LogBlueprintUserMessages: [KeyPressDemo_C_0] Key was pressed
[2016.09.20-18.45.58:873][625]LogBlueprintUserMessages: [KeyPressDemo_C_0] 1142.0
[2016.09.20-18.45.58:873][625]LogBlueprintUserMessages: [KeyPressDemo_C_0] 312.0
[2016.09.20-18.45.59:131][656]LogBlueprintUserMessages: [KeyPressDemo_C_0] Key was pressed
[2016.09.20-18.45.59:131][656]LogBlueprintUserMessages: [KeyPressDemo_C_0] 653.0
[2016.09.20-18.45.59:131][656]LogBlueprintUserMessages: [KeyPressDemo_C_0] 560.0
[2016.09.20-18.45.59:381][686]LogBlueprintUserMessages: [KeyPressDemo_C_0] Key was pressed
[2016.09.20-18.45.59:381][686]LogBlueprintUserMessages: [KeyPressDemo_C_0] 346.0
[2016.09.20-18.45.59:381][686]LogBlueprintUserMessages: [KeyPressDemo_C_0] 164.0
[2016.09.20-18.45.59:615][714]LogBlueprintUserMessages: [KeyPressDemo_C_0] Key was pressed
[2016.09.20-18.45.59:615][714]LogBlueprintUserMessages: [KeyPressDemo_C_0] 1060.0
[2016.09.20-18.45.59:615][714]LogBlueprintUserMessages: [KeyPressDemo_C_0] 122.0
[2016.09.20-18.45.59:848][742]LogBlueprintUserMessages: [KeyPressDemo_C_0] Key was pressed
[2016.09.20-18.45.59:848][742]LogBlueprintUserMessages: [KeyPressDemo_C_0] 937.0
[2016.09.20-18.45.59:848][742]LogBlueprintUserMessages: [KeyPressDemo_C_0] 458.0
[2016.09.20-18.46.01:940][993]LogBlueprintUserMessages: [KeyPressDemo_C_0] Key was pressed
[2016.09.20-18.46.02:232][ 28]LogBlueprintUserMessages: [KeyPressDemo_C_0] Key was pressed
[2016.09.20-18.46.03:107][133]LogBlueprintUserMessages: Early EndPlayMap Detection: Level '/Game/KeyPressDemo.KeyPressDemo:PersistentLevel' has LevelScriptBlueprint '/Game/KeyPressDemo.KeyPressDemo:PersistentLevel.KeyPressDemo' with GeneratedClass '/Game/KeyPressDemo.KeyPressDemo_C' with ClassGeneratedBy '/Game/KeyPressDemo.KeyPressDemo:PersistentLevel.KeyPressDemo'
[2016.09.20-18.46.03:139][133]LogBlueprintUserMessages: Late EndPlayMap Detection: Level '/Game/KeyPressDemo.KeyPressDemo:PersistentLevel' has LevelScriptBlueprint '/Game/KeyPressDemo.KeyPressDemo:PersistentLevel.KeyPressDemo' with GeneratedClass '/Game/KeyPressDemo.KeyPressDemo_C' with ClassGeneratedBy '/Game/KeyPressDemo.KeyPressDemo:PersistentLevel.KeyPressDemo'
[2016.09.20-18.46.09:798][927]Cmd: OBJ SAVEPACKAGE PACKAGE="/Game/KeyPressDemo" FILE="../../../../../../Users/William/Documents/Unreal Projects/PointyStick/Content/KeyPressDemo.umap" SILENT=true AUTOSAVING=false KEEPDIRTY=false
[2016.09.20-18.46.09:906][927]LogSavePackage: Save=92.05ms
[2016.09.20-18.46.09:906][927]LogSavePackage: Moving '../../../../../../Users/William/Documents/Unreal Projects/PointyStick/Saved/KeyPressDemo72AC67F64AA4EDEBA8BE81B3B0E3B088.tmp' to '../../../../../../Users/William/Documents/Unreal Projects/PointyStick/Content/KeyPressDemo.umap'
[2016.09.20-18.46.09:907][927]LogSavePackage:Display: Finished SavePackage ../../../../../../Users/William/Documents/Unreal Projects/PointyStick/Content/KeyPressDemo.umap
[2016.09.20-18.51.57:749][679]LogText:Warning: Failed to parse argument "GameModeName" as a number (using "0" as a fallback). Please check your format string for errors: "GameMode: {GameModeName}".
[2016.09.20-18.53.43:661][734]BlueprintLog: New page: Compile KeyPressDemo
[2016.09.20-18.53.43:671][734]LogBlueprint:Error: Compiler Error The type of  Array  is undetermined.  Connect something to  Make Array  to imply a specific type.
[2016.09.20-18.53.43:671][734]LogBlueprint:Error: Compiler Error The type of  [ 0]  is undetermined.  Connect something to  Make Array  to imply a specific type.
[2016.09.20-18.53.43:671][734]LogBlueprint:Error: Compiler Error The type of  Target Array  is undetermined.  Connect something to  Add  to imply a specific type.
[2016.09.20-18.53.43:671][734]LogBlueprint:Error: Compiler Error The type of  New Item  is undetermined.  Connect something to  Add  to imply a specific type.
[2016.09.20-18.53.43:671][734]LogBlueprint:Error: Compiler Error The type of  Variable  is undetermined.  Connect something to  Add  to imply a specific type.
[2016.09.20-18.53.43:672][734]LogBlueprint:Error: Compiler Error The current value of the ' [ 0] ' pin is invalid: Unsupported type Wildcard on pin [0]
[2016.09.20-18.53.43:777][734]LogTexture:Display: Building textures: BadBlueprintSprite (BGRA8)
[2016.09.20-18.53.43:799][734]LogBlueprint:Warning: Compiler Warning [1645.37] Compile of PersistentLevel.KeyPressDemo failed. 6 Fatal Issue(s) 0 Warning(s) [in 137 ms] (/Game/KeyPressDemo.KeyPressDemo:PersistentLevel.KeyPressDemo)
[2016.09.20-18.53.43:799][734]BlueprintEditorCompileResults:Error: Error The type of  Array  is undetermined.  Connect something to  Make Array  to imply a specific type.
[2016.09.20-18.53.43:799][734]BlueprintEditorCompileResults:Error: Error The type of  [ 0]  is undetermined.  Connect something to  Make Array  to imply a specific type.
[2016.09.20-18.53.43:799][734]BlueprintEditorCompileResults:Error: Error The type of  Target Array  is undetermined.  Connect something to  Add  to imply a specific type.
[2016.09.20-18.53.43:799][734]BlueprintEditorCompileResults:Error: Error The type of  New Item  is undetermined.  Connect something to  Add  to imply a specific type.
[2016.09.20-18.53.43:799][734]BlueprintEditorCompileResults:Error: Error The type of  Variable  is undetermined.  Connect something to  Add  to imply a specific type.
[2016.09.20-18.53.43:799][734]BlueprintEditorCompileResults:Error: Error The current value of the ' [ 0] ' pin is invalid: Unsupported type Wildcard on pin [0]
[2016.09.20-18.53.43:799][734]BlueprintEditorCompileResults:Warning: Warning [1645.37] Compile of PersistentLevel.KeyPressDemo failed. 6 Fatal Issue(s) 0 Warning(s) [in 137 ms] (/Game/KeyPressDemo.KeyPressDemo:PersistentLevel.KeyPressDemo)
[2016.09.20-18.54.39:750][ 72]BlueprintLog: New page: Compile KeyPressDemo
[2016.09.20-18.54.39:761][ 72]LogBlueprint:Error: Compiler Error The type of  Array  is undetermined.  Connect something to  Make Array  to imply a specific type.
[2016.09.20-18.54.39:761][ 72]LogBlueprint:Error: Compiler Error The type of  [ 0]  is undetermined.  Connect something to  Make Array  to imply a specific type.
[2016.09.20-18.54.39:761][ 72]LogBlueprint:Error: Compiler Error The type of  Target Array  is undetermined.  Connect something to  Add  to imply a specific type.
[2016.09.20-18.54.39:761][ 72]LogBlueprint:Error: Compiler Error The type of  New Item  is undetermined.  Connect something to  Add  to imply a specific type.
[2016.09.20-18.54.39:761][ 72]LogBlueprint:Error: Compiler Error The type of  Variable  is undetermined.  Connect something to  Add  to imply a specific type.
[2016.09.20-18.54.39:885][ 72]LogBlueprint:Warning: Compiler Warning [1701.45] Compile of PersistentLevel.KeyPressDemo failed. 5 Fatal Issue(s) 0 Warning(s) [in 135 ms] (/Game/KeyPressDemo.KeyPressDemo:PersistentLevel.KeyPressDemo)
[2016.09.20-18.54.39:885][ 72]BlueprintEditorCompileResults:Error: Error The type of  Array  is undetermined.  Connect something to  Make Array  to imply a specific type.
[2016.09.20-18.54.39:885][ 72]BlueprintEditorCompileResults:Error: Error The type of  [ 0]  is undetermined.  Connect something to  Make Array  to imply a specific type.
[2016.09.20-18.54.39:885][ 72]BlueprintEditorCompileResults:Error: Error The type of  Target Array  is undetermined.  Connect something to  Add  to imply a specific type.
[2016.09.20-18.54.39:885][ 72]BlueprintEditorCompileResults:Error: Error The type of  New Item  is undetermined.  Connect something to  Add  to imply a specific type.
[2016.09.20-18.54.39:885][ 72]BlueprintEditorCompileResults:Error: Error The type of  Variable  is undetermined.  Connect something to  Add  to imply a specific type.
[2016.09.20-18.54.39:885][ 72]BlueprintEditorCompileResults:Warning: Warning [1701.45] Compile of PersistentLevel.KeyPressDemo failed. 5 Fatal Issue(s) 0 Warning(s) [in 135 ms] (/Game/KeyPressDemo.KeyPressDemo:PersistentLevel.KeyPressDemo)
[2016.09.20-18.56.10:278][896]LogBlueprint:Error: Compiler Error The type of  Array  is undetermined.  Connect something to  Make Array  to imply a specific type.
[2016.09.20-18.56.10:278][896]LogBlueprint:Error: Compiler Error The type of  [ 0]  is undetermined.  Connect something to  Make Array  to imply a specific type.
[2016.09.20-18.56.10:278][896]LogBlueprint:Error: Compiler Error The type of  Target Array  is undetermined.  Connect something to  Add  to imply a specific type.
[2016.09.20-18.56.10:278][896]LogBlueprint:Error: Compiler Error The type of  New Item  is undetermined.  Connect something to  Add  to imply a specific type.
[2016.09.20-18.56.10:278][896]LogBlueprint:Error: Compiler Error The type of  Variable  is undetermined.  Connect something to  Add  to imply a specific type.
[2016.09.20-18.56.10:377][896]LogBlueprint:Warning: Compiler Warning [1791.95] Compile of PersistentLevel.KeyPressDemo failed. 5 Fatal Issue(s) 0 Warning(s) [in 104 ms] (/Game/KeyPressDemo.KeyPressDemo:PersistentLevel.KeyPressDemo)
[2016.09.20-18.56.10:377][896]LogBlueprint:Warning: Compiler Warning [1791.95] Compile of PersistentLevel.KeyPressDemo failed. 5 Fatal Issue(s) 1 Warning(s) [in 0 ms] (/Game/KeyPressDemo.KeyPressDemo:PersistentLevel.KeyPressDemo)
[2016.09.20-18.56.10:377][896]LogBlueprint:Warning: Compiler Warning [1791.95] Compile of PersistentLevel.KeyPressDemo failed. 5 Fatal Issue(s) 2 Warning(s) [in 0 ms] (/Game/KeyPressDemo.KeyPressDemo:PersistentLevel.KeyPressDemo)
[2016.09.20-18.56.10:377][896]LogBlueprint:Warning: Compiler Warning [1791.95] Compile of PersistentLevel.KeyPressDemo failed. 5 Fatal Issue(s) 3 Warning(s) [in 0 ms] (/Game/KeyPressDemo.KeyPressDemo:PersistentLevel.KeyPressDemo)
[2016.09.20-18.56.10:379][896]LogBlueprint:Warning: Compiler Warning [1791.95] Compile of PersistentLevel.KeyPressDemo failed. 5 Fatal Issue(s) 4 Warning(s) [in 1 ms] (/Game/KeyPressDemo.KeyPressDemo:PersistentLevel.KeyPressDemo)
[2016.09.20-18.56.10:379][896]LogBlueprint:Warning: Compiler Warning [1791.95] Compile of PersistentLevel.KeyPressDemo failed. 5 Fatal Issue(s) 5 Warning(s) [in 0 ms] (/Game/KeyPressDemo.KeyPressDemo:PersistentLevel.KeyPressDemo)
[2016.09.20-18.56.10:414][896]LogSavePackage: Save=145.84ms
[2016.09.20-18.56.10:414][896]LogSavePackage: Moving '../../../../../../Users/William/Documents/Unreal Projects/PointyStick/Saved/KeyPressDemo_Auto255E200AF4BD2EB127B3003B3BD7325A9.tmp' to '../../../../../../Users/William/Documents/Unreal Projects/PointyStick/Saved/Autosaves/Game/KeyPressDemo_Auto2.umap'
[2016.09.20-18.56.10:415][896]LogSavePackage:Display: Finished SavePackage ../../../../../../Users/William/Documents/Unreal Projects/PointyStick/Saved/Autosaves/Game/KeyPressDemo_Auto2.umap
[2016.09.20-18.56.10:416][896]LogFileHelpers: Editor autosave (incl. sublevels) for '/Game/KeyPressDemo' took 0.174
[2016.09.20-18.56.10:416][896]LogFileHelpers: Editor autosave (incl. sublevels) for all levels took 0.174
[2016.09.20-19.00.18:437][573]BlueprintLog: New page: Compile KeyPressDemo
[2016.09.20-19.00.18:519][573]BlueprintEditorCompileResults: Info [2040.09] Compile of PersistentLevel.KeyPressDemo successful! [in 81 ms] (/Game/KeyPressDemo.KeyPressDemo:PersistentLevel.KeyPressDemo)
[2016.09.20-19.02.26:991][138]BlueprintLog: New page: Compile KeyPressDemo
[2016.09.20-19.02.27:074][138]BlueprintEditorCompileResults: Info [2168.64] Compile of PersistentLevel.KeyPressDemo successful! [in 82 ms] (/Game/KeyPressDemo.KeyPressDemo:PersistentLevel.KeyPressDemo)
[2016.09.20-19.02.31:143][611]Cmd: OBJ SAVEPACKAGE PACKAGE="/Game/KeyPressDemo" FILE="../../../../../../Users/William/Documents/Unreal Projects/PointyStick/Content/KeyPressDemo.umap" SILENT=true AUTOSAVING=false KEEPDIRTY=false
[2016.09.20-19.02.31:265][611]LogSavePackage: Save=103.08ms
[2016.09.20-19.02.31:265][611]LogSavePackage: Moving '../../../../../../Users/William/Documents/Unreal Projects/PointyStick/Saved/KeyPressDemoEDFB813B4C32537364F76CA48CA3FB58.tmp' to '../../../../../../Users/William/Documents/Unreal Projects/PointyStick/Content/KeyPressDemo.umap'
[2016.09.20-19.02.31:268][611]LogSavePackage:Display: Finished SavePackage ../../../../../../Users/William/Documents/Unreal Projects/PointyStick/Content/KeyPressDemo.umap
[2016.09.20-19.02.33:724][903]LogBlueprintUserMessages: Early PlayInEditor Detection: Level '/Game/KeyPressDemo.KeyPressDemo:PersistentLevel' has LevelScriptBlueprint '/Game/KeyPressDemo.KeyPressDemo:PersistentLevel.KeyPressDemo' with GeneratedClass '/Game/KeyPressDemo.KeyPressDemo_C' with ClassGeneratedBy '/Game/KeyPressDemo.KeyPressDemo:PersistentLevel.KeyPressDemo'
[2016.09.20-19.02.33:724][903]LogPlayLevel: PlayLevel: No blueprints needed recompiling
[2016.09.20-19.02.33:724][903]PIE: New page: PIE session: KeyPressDemo (Sep 20, 2016, 10:02:33 PM)
[2016.09.20-19.02.33:724][903]LogPlayLevel: Creating play world package: /Game/UEDPIE_0_KeyPressDemo
[2016.09.20-19.02.33:728][903]LogPlayLevel: PIE: StaticDuplicateObject took: (0.003263s)
[2016.09.20-19.02.33:728][903]LogAIModule: Creating AISystem for world KeyPressDemo
[2016.09.20-19.02.33:728][903]LogPlayLevel: PIE: World Init took: (0.000793s)
[2016.09.20-19.02.33:728][903]LogPlayLevel: PIE: Created PIE world by copying editor world from /Game/KeyPressDemo.KeyPressDemo to /Game/UEDPIE_0_KeyPressDemo.KeyPressDemo (0.004252s)
[2016.09.20-19.02.33:747][903]LogInit: XAudio2 using 'Speakers (Realtek High Definition Audio)' : 2 channels at 48 kHz using 32 bits per sample (channel mask 0x3)
[2016.09.20-19.02.33:759][903]LogInit: FAudioDevice initialized.
[2016.09.20-19.02.33:810][903]LogWorld: Game class is 'GameMode'
[2016.09.20-19.02.33:813][903]LogWorld: Bringing World /Game/UEDPIE_0_KeyPressDemo.KeyPressDemo up for play (max tick rate 0) at 2016.09.20-21.02.33
[2016.09.20-19.02.33:814][903]LogWorld: Bringing up level for play took: 0.002217
[2016.09.20-19.02.33:815][903]PIE: Info Play in editor start time for /Game/UEDPIE_0_KeyPressDemo 0.105
[2016.09.20-19.02.33:815][903]LogBlueprintUserMessages: Late PlayInEditor Detection: Level '/Game/KeyPressDemo.KeyPressDemo:PersistentLevel' has LevelScriptBlueprint '/Game/KeyPressDemo.KeyPressDemo:PersistentLevel.KeyPressDemo' with GeneratedClass '/Game/KeyPressDemo.KeyPressDemo_C' with ClassGeneratedBy '/Game/KeyPressDemo.KeyPressDemo:PersistentLevel.KeyPressDemo'
[2016.09.20-19.02.36:711][250]LogBlueprintUserMessages: [KeyPressDemo_C_1] Hello Event Listeners
[2016.09.20-19.02.38:119][419]LogBlueprintUserMessages: [KeyPressDemo_C_1] Key was pressed
[2016.09.20-19.02.39:694][608]LogBlueprintUserMessages: [KeyPressDemo_C_1] Key was pressed
[2016.09.20-19.02.40:953][759]LogBlueprintUserMessages: [KeyPressDemo_C_1] Key was pressed
[2016.09.20-19.02.40:953][759]LogBlueprintUserMessages: [KeyPressDemo_C_1] 673.0
[2016.09.20-19.02.40:953][759]LogBlueprintUserMessages: [KeyPressDemo_C_1] 159.0
[2016.09.20-19.02.42:212][910]LogBlueprintUserMessages: [KeyPressDemo_C_1] Key was pressed
[2016.09.20-19.02.42:212][910]LogBlueprintUserMessages: [KeyPressDemo_C_1] 
[2016.09.20-19.02.43:470][ 61]LogBlueprintUserMessages: [KeyPressDemo_C_1] Key was pressed
[2016.09.20-19.02.43:470][ 61]LogBlueprintUserMessages: [KeyPressDemo_C_1] 673.0
[2016.09.20-19.02.43:470][ 61]LogBlueprintUserMessages: [KeyPressDemo_C_1] 159.0
[2016.09.20-19.02.43:778][ 98]LogBlueprintUserMessages: [KeyPressDemo_C_1] Key was pressed
[2016.09.20-19.02.43:778][ 98]LogBlueprintUserMessages: [KeyPressDemo_C_1] 673.0
[2016.09.20-19.02.43:778][ 98]LogBlueprintUserMessages: [KeyPressDemo_C_1] 159.0
[2016.09.20-19.02.44:061][132]LogBlueprintUserMessages: [KeyPressDemo_C_1] Key was pressed
[2016.09.20-19.02.44:061][132]LogBlueprintUserMessages: [KeyPressDemo_C_1] 673.0
[2016.09.20-19.02.44:061][132]LogBlueprintUserMessages: [KeyPressDemo_C_1] 159.0
[2016.09.20-19.02.44:370][169]LogBlueprintUserMessages: [KeyPressDemo_C_1] Key was pressed
[2016.09.20-19.02.44:370][169]LogBlueprintUserMessages: [KeyPressDemo_C_1] 673.0
[2016.09.20-19.02.44:370][169]LogBlueprintUserMessages: [KeyPressDemo_C_1] 159.0
[2016.09.20-19.02.45:128][260]LogBlueprintUserMessages: [KeyPressDemo_C_1] Key was pressed
[2016.09.20-19.02.45:128][260]LogBlueprintUserMessages: [KeyPressDemo_C_1] 
[2016.09.20-19.02.45:128][260]LogBlueprintUserMessages: [KeyPressDemo_C_1] 
[2016.09.20-19.02.45:128][260]LogBlueprintUserMessages: [KeyPressDemo_C_1] 
[2016.09.20-19.02.45:128][260]LogBlueprintUserMessages: [KeyPressDemo_C_1] 
[2016.09.20-19.02.45:128][260]LogBlueprintUserMessages: [KeyPressDemo_C_1] 
[2016.09.20-19.02.45:912][354]LogBlueprintUserMessages: [KeyPressDemo_C_1] Key was pressed
[2016.09.20-19.02.45:912][354]LogBlueprintUserMessages: [KeyPressDemo_C_1] 
[2016.09.20-19.02.45:912][354]LogBlueprintUserMessages: [KeyPressDemo_C_1] 
[2016.09.20-19.02.45:912][354]LogBlueprintUserMessages: [KeyPressDemo_C_1] 
[2016.09.20-19.02.45:912][354]LogBlueprintUserMessages: [KeyPressDemo_C_1] 
[2016.09.20-19.02.45:912][354]LogBlueprintUserMessages: [KeyPressDemo_C_1] 
[2016.09.20-19.02.46:829][464]LogBlueprintUserMessages: [KeyPressDemo_C_1] Key was pressed
[2016.09.20-19.02.46:829][464]LogBlueprintUserMessages: [KeyPressDemo_C_1] 
[2016.09.20-19.02.46:829][464]LogBlueprintUserMessages: [KeyPressDemo_C_1] 
[2016.09.20-19.02.46:829][464]LogBlueprintUserMessages: [KeyPressDemo_C_1] 
[2016.09.20-19.02.46:829][464]LogBlueprintUserMessages: [KeyPressDemo_C_1] 
[2016.09.20-19.02.46:829][464]LogBlueprintUserMessages: [KeyPressDemo_C_1] 
[2016.09.20-19.02.47:929][596]LogBlueprintUserMessages: [KeyPressDemo_C_1] Key was pressed
[2016.09.20-19.02.47:929][596]LogBlueprintUserMessages: [KeyPressDemo_C_1] 673.0
[2016.09.20-19.02.47:929][596]LogBlueprintUserMessages: [KeyPressDemo_C_1] 159.0
[2016.09.20-19.02.48:537][669]LogBlueprintUserMessages: [KeyPressDemo_C_1] Key was pressed
[2016.09.20-19.02.48:537][669]LogBlueprintUserMessages: [KeyPressDemo_C_1] 
[2016.09.20-19.02.48:537][669]LogBlueprintUserMessages: [KeyPressDemo_C_1] 
[2016.09.20-19.02.48:537][669]LogBlueprintUserMessages: [KeyPressDemo_C_1] 
[2016.09.20-19.02.48:537][669]LogBlueprintUserMessages: [KeyPressDemo_C_1] 
[2016.09.20-19.02.48:537][669]LogBlueprintUserMessages: [KeyPressDemo_C_1] 
[2016.09.20-19.02.48:537][669]LogBlueprintUserMessages: [KeyPressDemo_C_1] 
[2016.09.20-19.02.49:537][789]LogBlueprintUserMessages: [KeyPressDemo_C_1] Key was pressed
[2016.09.20-19.02.49:537][789]LogBlueprintUserMessages: [KeyPressDemo_C_1] 673.0
[2016.09.20-19.02.49:537][789]LogBlueprintUserMessages: [KeyPressDemo_C_1] 159.0
[2016.09.20-19.02.49:746][814]LogBlueprintUserMessages: [KeyPressDemo_C_1] Key was pressed
[2016.09.20-19.02.49:746][814]LogBlueprintUserMessages: [KeyPressDemo_C_1] 673.0
[2016.09.20-19.02.49:746][814]LogBlueprintUserMessages: [KeyPressDemo_C_1] 159.0
[2016.09.20-19.02.50:004][845]LogBlueprintUserMessages: [KeyPressDemo_C_1] Key was pressed
[2016.09.20-19.02.50:004][845]LogBlueprintUserMessages: [KeyPressDemo_C_1] 673.0
[2016.09.20-19.02.50:004][845]LogBlueprintUserMessages: [KeyPressDemo_C_1] 159.0
[2016.09.20-19.02.50:245][874]LogBlueprintUserMessages: [KeyPressDemo_C_1] Key was pressed
[2016.09.20-19.02.50:245][874]LogBlueprintUserMessages: [KeyPressDemo_C_1] 673.0
[2016.09.20-19.02.50:245][874]LogBlueprintUserMessages: [KeyPressDemo_C_1] 159.0
[2016.09.20-19.02.50:471][901]LogBlueprintUserMessages: [KeyPressDemo_C_1] Key was pressed
[2016.09.20-19.02.50:471][901]LogBlueprintUserMessages: [KeyPressDemo_C_1] 673.0
[2016.09.20-19.02.50:471][901]LogBlueprintUserMessages: [KeyPressDemo_C_1] 159.0
[2016.09.20-19.02.50:712][930]LogBlueprintUserMessages: [KeyPressDemo_C_1] Key was pressed
[2016.09.20-19.02.50:712][930]LogBlueprintUserMessages: [KeyPressDemo_C_1] 673.0
[2016.09.20-19.02.50:712][930]LogBlueprintUserMessages: [KeyPressDemo_C_1] 159.0
[2016.09.20-19.02.50:946][958]LogBlueprintUserMessages: [KeyPressDemo_C_1] Key was pressed
[2016.09.20-19.02.50:946][958]LogBlueprintUserMessages: [KeyPressDemo_C_1] 673.0
[2016.09.20-19.02.50:946][958]LogBlueprintUserMessages: [KeyPressDemo_C_1] 159.0
[2016.09.20-19.02.51:204][989]LogBlueprintUserMessages: [KeyPressDemo_C_1] Key was pressed
[2016.09.20-19.02.51:204][989]LogBlueprintUserMessages: [KeyPressDemo_C_1] 673.0
[2016.09.20-19.02.51:204][989]LogBlueprintUserMessages: [KeyPressDemo_C_1] 159.0
[2016.09.20-19.02.52:096][ 96]LogBlueprintUserMessages: [KeyPressDemo_C_1] Key was pressed
[2016.09.20-19.02.52:096][ 96]LogBlueprintUserMessages: [KeyPressDemo_C_1] 
[2016.09.20-19.02.52:096][ 96]LogBlueprintUserMessages: [KeyPressDemo_C_1] 
[2016.09.20-19.02.52:096][ 96]LogBlueprintUserMessages: [KeyPressDemo_C_1] 
[2016.09.20-19.02.52:096][ 96]LogBlueprintUserMessages: [KeyPressDemo_C_1] 
[2016.09.20-19.02.52:096][ 96]LogBlueprintUserMessages: [KeyPressDemo_C_1] 
[2016.09.20-19.02.52:096][ 96]LogBlueprintUserMessages: [KeyPressDemo_C_1] 
[2016.09.20-19.02.52:096][ 96]LogBlueprintUserMessages: [KeyPressDemo_C_1] 
[2016.09.20-19.02.52:096][ 96]LogBlueprintUserMessages: [KeyPressDemo_C_1] 
[2016.09.20-19.02.52:096][ 96]LogBlueprintUserMessages: [KeyPressDemo_C_1] 
[2016.09.20-19.02.52:096][ 96]LogBlueprintUserMessages: [KeyPressDemo_C_1] 
[2016.09.20-19.02.52:096][ 96]LogBlueprintUserMessages: [KeyPressDemo_C_1] 
[2016.09.20-19.02.52:096][ 96]LogBlueprintUserMessages: [KeyPressDemo_C_1] 
[2016.09.20-19.02.52:096][ 96]LogBlueprintUserMessages: [KeyPressDemo_C_1] 
[2016.09.20-19.02.52:096][ 96]LogBlueprintUserMessages: [KeyPressDemo_C_1] 
[2016.09.20-19.02.53:913][314]LogBlueprintUserMessages: [KeyPressDemo_C_1] Key was pressed
[2016.09.20-19.02.53:913][314]LogBlueprintUserMessages: [KeyPressDemo_C_1] 
[2016.09.20-19.02.53:913][314]LogBlueprintUserMessages: [KeyPressDemo_C_1] 
[2016.09.20-19.02.53:913][314]LogBlueprintUserMessages: [KeyPressDemo_C_1] 
[2016.09.20-19.02.53:913][314]LogBlueprintUserMessages: [KeyPressDemo_C_1] 
[2016.09.20-19.02.53:913][314]LogBlueprintUserMessages: [KeyPressDemo_C_1] 
[2016.09.20-19.02.53:913][314]LogBlueprintUserMessages: [KeyPressDemo_C_1] 
[2016.09.20-19.02.53:913][314]LogBlueprintUserMessages: [KeyPressDemo_C_1] 
[2016.09.20-19.02.53:913][314]LogBlueprintUserMessages: [KeyPressDemo_C_1] 
[2016.09.20-19.02.53:913][314]LogBlueprintUserMessages: [KeyPressDemo_C_1] 
[2016.09.20-19.02.53:913][314]LogBlueprintUserMessages: [KeyPressDemo_C_1] 
[2016.09.20-19.02.53:913][314]LogBlueprintUserMessages: [KeyPressDemo_C_1] 
[2016.09.20-19.02.53:913][314]LogBlueprintUserMessages: [KeyPressDemo_C_1] 
[2016.09.20-19.02.53:913][314]LogBlueprintUserMessages: [KeyPressDemo_C_1] 
[2016.09.20-19.02.53:913][314]LogBlueprintUserMessages: [KeyPressDemo_C_1] 
[2016.09.20-19.02.54:630][400]LogBlueprintUserMessages: [KeyPressDemo_C_1] Key was pressed
[2016.09.20-19.02.54:630][400]LogBlueprintUserMessages: [KeyPressDemo_C_1] 
[2016.09.20-19.02.54:630][400]LogBlueprintUserMessages: [KeyPressDemo_C_1] 
[2016.09.20-19.02.54:630][400]LogBlueprintUserMessages: [KeyPressDemo_C_1] 
[2016.09.20-19.02.54:630][400]LogBlueprintUserMessages: [KeyPressDemo_C_1] 
[2016.09.20-19.02.54:630][400]LogBlueprintUserMessages: [KeyPressDemo_C_1] 
[2016.09.20-19.02.54:630][400]LogBlueprintUserMessages: [KeyPressDemo_C_1] 
[2016.09.20-19.02.54:630][400]LogBlueprintUserMessages: [KeyPressDemo_C_1] 
[2016.09.20-19.02.54:630][400]LogBlueprintUserMessages: [KeyPressDemo_C_1] 
[2016.09.20-19.02.54:630][400]LogBlueprintUserMessages: [KeyPressDemo_C_1] 
[2016.09.20-19.02.54:630][400]LogBlueprintUserMessages: [KeyPressDemo_C_1] 
[2016.09.20-19.02.54:630][400]LogBlueprintUserMessages: [KeyPressDemo_C_1] 
[2016.09.20-19.02.54:630][400]LogBlueprintUserMessages: [KeyPressDemo_C_1] 
[2016.09.20-19.02.54:630][400]LogBlueprintUserMessages: [KeyPressDemo_C_1] 
[2016.09.20-19.02.54:630][400]LogBlueprintUserMessages: [KeyPressDemo_C_1] 
[2016.09.20-19.02.56:380][610]LogBlueprintUserMessages: [KeyPressDemo_C_1] Key was pressed
[2016.09.20-19.02.56:380][610]LogBlueprintUserMessages: [KeyPressDemo_C_1] 
[2016.09.20-19.02.56:380][610]LogBlueprintUserMessages: [KeyPressDemo_C_1] 
[2016.09.20-19.02.56:380][610]LogBlueprintUserMessages: [KeyPressDemo_C_1] 
[2016.09.20-19.02.56:380][610]LogBlueprintUserMessages: [KeyPressDemo_C_1] 
[2016.09.20-19.02.56:380][610]LogBlueprintUserMessages: [KeyPressDemo_C_1] 
[2016.09.20-19.02.56:380][610]LogBlueprintUserMessages: [KeyPressDemo_C_1] 
[2016.09.20-19.02.56:380][610]LogBlueprintUserMessages: [KeyPressDemo_C_1] 
[2016.09.20-19.02.56:380][610]LogBlueprintUserMessages: [KeyPressDemo_C_1] 
[2016.09.20-19.02.56:380][610]LogBlueprintUserMessages: [KeyPressDemo_C_1] 
[2016.09.20-19.02.56:380][610]LogBlueprintUserMessages: [KeyPressDemo_C_1] 
[2016.09.20-19.02.56:380][610]LogBlueprintUserMessages: [KeyPressDemo_C_1] 
[2016.09.20-19.02.56:380][610]LogBlueprintUserMessages: [KeyPressDemo_C_1] 
[2016.09.20-19.02.56:380][610]LogBlueprintUserMessages: [KeyPressDemo_C_1] 
[2016.09.20-19.02.56:380][610]LogBlueprintUserMessages: [KeyPressDemo_C_1] 
[2016.09.20-19.02.57:088][695]LogBlueprintUserMessages: [KeyPressDemo_C_1] Key was pressed
[2016.09.20-19.02.57:088][695]LogBlueprintUserMessages: [KeyPressDemo_C_1] 
[2016.09.20-19.02.57:088][695]LogBlueprintUserMessages: [KeyPressDemo_C_1] 
[2016.09.20-19.02.57:088][695]LogBlueprintUserMessages: [KeyPressDemo_C_1] 
[2016.09.20-19.02.57:088][695]LogBlueprintUserMessages: [KeyPressDemo_C_1] 
[2016.09.20-19.02.57:088][695]LogBlueprintUserMessages: [KeyPressDemo_C_1] 
[2016.09.20-19.02.57:088][695]LogBlueprintUserMessages: [KeyPressDemo_C_1] 
[2016.09.20-19.02.57:088][695]LogBlueprintUserMessages: [KeyPressDemo_C_1] 
[2016.09.20-19.02.57:088][695]LogBlueprintUserMessages: [KeyPressDemo_C_1] 
[2016.09.20-19.02.57:088][695]LogBlueprintUserMessages: [KeyPressDemo_C_1] 
[2016.09.20-19.02.57:088][695]LogBlueprintUserMessages: [KeyPressDemo_C_1] 
[2016.09.20-19.02.57:088][695]LogBlueprintUserMessages: [KeyPressDemo_C_1] 
[2016.09.20-19.02.57:088][695]LogBlueprintUserMessages: [KeyPressDemo_C_1] 
[2016.09.20-19.02.57:088][695]LogBlueprintUserMessages: [KeyPressDemo_C_1] 
[2016.09.20-19.02.57:088][695]LogBlueprintUserMessages: [KeyPressDemo_C_1] 
[2016.09.20-19.02.59:655][  3]LogBlueprintUserMessages: [KeyPressDemo_C_1] Key was pressed
[2016.09.20-19.02.59:973][ 41]LogBlueprintUserMessages: [KeyPressDemo_C_1] Key was pressed
[2016.09.20-19.03.00:975][161]LogBlueprintUserMessages: Early EndPlayMap Detection: Level '/Game/KeyPressDemo.KeyPressDemo:PersistentLevel' has LevelScriptBlueprint '/Game/KeyPressDemo.KeyPressDemo:PersistentLevel.KeyPressDemo' with GeneratedClass '/Game/KeyPressDemo.KeyPressDemo_C' with ClassGeneratedBy '/Game/KeyPressDemo.KeyPressDemo:PersistentLevel.KeyPressDemo'
[2016.09.20-19.03.01:005][161]LogBlueprintUserMessages: Late EndPlayMap Detection: Level '/Game/KeyPressDemo.KeyPressDemo:PersistentLevel' has LevelScriptBlueprint '/Game/KeyPressDemo.KeyPressDemo:PersistentLevel.KeyPressDemo' with GeneratedClass '/Game/KeyPressDemo.KeyPressDemo_C' with ClassGeneratedBy '/Game/KeyPressDemo.KeyPressDemo:PersistentLevel.KeyPressDemo'
[2016.09.20-19.03.08:585][ 68]LogText:Warning: Failed to parse argument "GameModeName" as a number (using "0" as a fallback). Please check your format string for errors: "GameMode: {GameModeName}".
[2016.09.20-19.03.14:929][716]LogBlueprintUserMessages: Early PlayInEditor Detection: Level '/Game/KeyPressDemo.KeyPressDemo:PersistentLevel' has LevelScriptBlueprint '/Game/KeyPressDemo.KeyPressDemo:PersistentLevel.KeyPressDemo' with GeneratedClass '/Game/KeyPressDemo.KeyPressDemo_C' with ClassGeneratedBy '/Game/KeyPressDemo.KeyPressDemo:PersistentLevel.KeyPressDemo'
[2016.09.20-19.03.14:929][716]LogPlayLevel: PlayLevel: No blueprints needed recompiling
[2016.09.20-19.03.14:929][716]PIE: New page: PIE session: KeyPressDemo (Sep 20, 2016, 10:03:14 PM)
[2016.09.20-19.03.14:929][716]LogPlayLevel: Creating play world package: /Game/UEDPIE_0_KeyPressDemo
[2016.09.20-19.03.14:933][716]LogPlayLevel: PIE: StaticDuplicateObject took: (0.004236s)
[2016.09.20-19.03.14:934][716]LogAIModule: Creating AISystem for world KeyPressDemo
[2016.09.20-19.03.14:934][716]LogPlayLevel: PIE: World Init took: (0.000705s)
[2016.09.20-19.03.14:934][716]LogPlayLevel: PIE: Created PIE world by copying editor world from /Game/KeyPressDemo.KeyPressDemo to /Game/UEDPIE_0_KeyPressDemo.KeyPressDemo (0.005127s)
[2016.09.20-19.03.14:950][716]LogInit: XAudio2 using 'Speakers (Realtek High Definition Audio)' : 2 channels at 48 kHz using 32 bits per sample (channel mask 0x3)
[2016.09.20-19.03.14:961][716]LogInit: FAudioDevice initialized.
[2016.09.20-19.03.15:010][716]LogWorld: Game class is 'GameMode'
[2016.09.20-19.03.15:012][716]LogWorld: Bringing World /Game/UEDPIE_0_KeyPressDemo.KeyPressDemo up for play (max tick rate 0) at 2016.09.20-21.03.15
[2016.09.20-19.03.15:013][716]LogWorld: Bringing up level for play took: 0.001918
[2016.09.20-19.03.15:014][716]PIE: Info Play in editor start time for /Game/UEDPIE_0_KeyPressDemo -0.696
[2016.09.20-19.03.15:015][716]LogBlueprintUserMessages: Late PlayInEditor Detection: Level '/Game/KeyPressDemo.KeyPressDemo:PersistentLevel' has LevelScriptBlueprint '/Game/KeyPressDemo.KeyPressDemo:PersistentLevel.KeyPressDemo' with GeneratedClass '/Game/KeyPressDemo.KeyPressDemo_C' with ClassGeneratedBy '/Game/KeyPressDemo.KeyPressDemo:PersistentLevel.KeyPressDemo'
[2016.09.20-19.03.16:892][914]LogBlueprintUserMessages: [KeyPressDemo_C_1] Key was pressed
[2016.09.20-19.03.17:923][ 24]LogBlueprintUserMessages: [KeyPressDemo_C_1] Hello Event Listeners
[2016.09.20-19.03.18:178][ 50]LogBlueprintUserMessages: [KeyPressDemo_C_1] Key was pressed
[2016.09.20-19.03.19:617][199]LogBlueprintUserMessages: [KeyPressDemo_C_1] Key was pressed
[2016.09.20-19.03.19:617][199]LogBlueprintUserMessages: [KeyPressDemo_C_1] 445.0
[2016.09.20-19.03.19:617][199]LogBlueprintUserMessages: [KeyPressDemo_C_1] 124.0
[2016.09.20-19.03.24:677][735]LogBlueprintUserMessages: [KeyPressDemo_C_1] Key was pressed
[2016.09.20-19.03.24:677][735]LogBlueprintUserMessages: [KeyPressDemo_C_1] 223.0
[2016.09.20-19.03.24:677][735]LogBlueprintUserMessages: [KeyPressDemo_C_1] 0.0
[2016.09.20-19.03.25:636][837]LogBlueprintUserMessages: [KeyPressDemo_C_1] Key was pressed
[2016.09.20-19.03.25:636][837]LogBlueprintUserMessages: [KeyPressDemo_C_1] 223.0
[2016.09.20-19.03.25:636][837]LogBlueprintUserMessages: [KeyPressDemo_C_1] 0.0
[2016.09.20-19.03.26:659][947]LogBlueprintUserMessages: [KeyPressDemo_C_1] Key was pressed
[2016.09.20-19.03.26:659][947]LogBlueprintUserMessages: [KeyPressDemo_C_1] 
[2016.09.20-19.03.26:659][947]LogBlueprintUserMessages: [KeyPressDemo_C_1] 
[2016.09.20-19.03.26:659][947]LogBlueprintUserMessages: [KeyPressDemo_C_1] 
[2016.09.20-19.03.31:503][463]LogBlueprintUserMessages: [KeyPressDemo_C_1] Key was pressed
[2016.09.20-19.03.32:939][614]LogBlueprintUserMessages: [KeyPressDemo_C_1] Key was pressed
[2016.09.20-19.03.33:134][635]LogBlueprintUserMessages: [KeyPressDemo_C_1] Key was pressed
[2016.09.20-19.03.33:899][712]LogBlueprintUserMessages: Early EndPlayMap Detection: Level '/Game/KeyPressDemo.KeyPressDemo:PersistentLevel' has LevelScriptBlueprint '/Game/KeyPressDemo.KeyPressDemo:PersistentLevel.KeyPressDemo' with GeneratedClass '/Game/KeyPressDemo.KeyPressDemo_C' with ClassGeneratedBy '/Game/KeyPressDemo.KeyPressDemo:PersistentLevel.KeyPressDemo'
[2016.09.20-19.03.33:938][712]LogBlueprintUserMessages: Late EndPlayMap Detection: Level '/Game/KeyPressDemo.KeyPressDemo:PersistentLevel' has LevelScriptBlueprint '/Game/KeyPressDemo.KeyPressDemo:PersistentLevel.KeyPressDemo' with GeneratedClass '/Game/KeyPressDemo.KeyPressDemo_C' with ClassGeneratedBy '/Game/KeyPressDemo.KeyPressDemo:PersistentLevel.KeyPressDemo'
[2016.09.20-19.03.43:352][730]BlueprintLog: New page: Compile KeyPressDemo
[2016.09.20-19.03.43:435][730]BlueprintEditorCompileResults: Info [2245.00] Compile of PersistentLevel.KeyPressDemo successful! [in 82 ms] (/Game/KeyPressDemo.KeyPressDemo:PersistentLevel.KeyPressDemo)
[2016.09.20-19.03.58:297][736]LogBlueprintUserMessages: Early PlayInEditor Detection: Level '/Game/KeyPressDemo.KeyPressDemo:PersistentLevel' has LevelScriptBlueprint '/Game/KeyPressDemo.KeyPressDemo:PersistentLevel.KeyPressDemo' with GeneratedClass '/Game/KeyPressDemo.KeyPressDemo_C' with ClassGeneratedBy '/Game/KeyPressDemo.KeyPressDemo:PersistentLevel.KeyPressDemo'
[2016.09.20-19.03.58:297][736]LogPlayLevel: PlayLevel: No blueprints needed recompiling
[2016.09.20-19.03.58:297][736]PIE: New page: PIE session: KeyPressDemo (Sep 20, 2016, 10:03:58 PM)
[2016.09.20-19.03.58:297][736]LogPlayLevel: Creating play world package: /Game/UEDPIE_0_KeyPressDemo
[2016.09.20-19.03.58:300][736]LogPlayLevel: PIE: StaticDuplicateObject took: (0.003387s)
[2016.09.20-19.03.58:301][736]LogAIModule: Creating AISystem for world KeyPressDemo
[2016.09.20-19.03.58:301][736]LogPlayLevel: PIE: World Init took: (0.000667s)
[2016.09.20-19.03.58:301][736]LogPlayLevel: PIE: Created PIE world by copying editor world from /Game/KeyPressDemo.KeyPressDemo to /Game/UEDPIE_0_KeyPressDemo.KeyPressDemo (0.004265s)
[2016.09.20-19.03.58:317][736]LogInit: XAudio2 using 'Speakers (Realtek High Definition Audio)' : 2 channels at 48 kHz using 32 bits per sample (channel mask 0x3)
[2016.09.20-19.03.58:328][736]LogInit: FAudioDevice initialized.
[2016.09.20-19.03.58:378][736]LogWorld: Game class is 'GameMode'
[2016.09.20-19.03.58:380][736]LogWorld: Bringing World /Game/UEDPIE_0_KeyPressDemo.KeyPressDemo up for play (max tick rate 0) at 2016.09.20-21.03.58
[2016.09.20-19.03.58:380][736]LogWorld: Bringing up level for play took: 0.001785
[2016.09.20-19.03.58:382][736]PIE: Info Play in editor start time for /Game/UEDPIE_0_KeyPressDemo 0.671
[2016.09.20-19.03.58:382][736]LogBlueprintUserMessages: Late PlayInEditor Detection: Level '/Game/KeyPressDemo.KeyPressDemo:PersistentLevel' has LevelScriptBlueprint '/Game/KeyPressDemo.KeyPressDemo:PersistentLevel.KeyPressDemo' with GeneratedClass '/Game/KeyPressDemo.KeyPressDemo_C' with ClassGeneratedBy '/Game/KeyPressDemo.KeyPressDemo:PersistentLevel.KeyPressDemo'
[2016.09.20-19.03.59:502][870]LogBlueprintUserMessages: [KeyPressDemo_C_0] Key was pressed
[2016.09.20-19.03.59:502][870]LogBlueprintUserMessages: [KeyPressDemo_C_0] LOL
[2016.09.20-19.04.01:219][ 76]LogBlueprintUserMessages: [KeyPressDemo_C_0] Key was pressed
[2016.09.20-19.04.01:219][ 76]LogBlueprintUserMessages: [KeyPressDemo_C_0] 626.0
[2016.09.20-19.04.01:219][ 76]LogBlueprintUserMessages: [KeyPressDemo_C_0] 27.0
[2016.09.20-19.04.01:286][ 84]LogBlueprintUserMessages: [KeyPressDemo_C_0] Hello Event Listeners
[2016.09.20-19.04.02:485][228]LogBlueprintUserMessages: [KeyPressDemo_C_0] Key was pressed
[2016.09.20-19.04.02:486][228]LogBlueprintUserMessages: [KeyPressDemo_C_0] LOL
[2016.09.20-19.04.02:486][228]LogBlueprintUserMessages: [KeyPressDemo_C_0] 
[2016.09.20-19.04.05:086][540]LogBlueprintUserMessages: [KeyPressDemo_C_0] Key was pressed
[2016.09.20-19.04.05:086][540]LogBlueprintUserMessages: [KeyPressDemo_C_0] LOL
[2016.09.20-19.04.05:086][540]LogBlueprintUserMessages: [KeyPressDemo_C_0] 
[2016.09.20-19.04.06:311][687]LogBlueprintUserMessages: [KeyPressDemo_C_0] Key was pressed
[2016.09.20-19.04.06:311][687]LogBlueprintUserMessages: [KeyPressDemo_C_0] 626.0
[2016.09.20-19.04.06:311][687]LogBlueprintUserMessages: [KeyPressDemo_C_0] 27.0
[2016.09.20-19.04.07:144][787]LogBlueprintUserMessages: [KeyPressDemo_C_0] Key was pressed
[2016.09.20-19.04.07:144][787]LogBlueprintUserMessages: [KeyPressDemo_C_0] LOL
[2016.09.20-19.04.07:144][787]LogBlueprintUserMessages: [KeyPressDemo_C_0] 
[2016.09.20-19.04.07:144][787]LogBlueprintUserMessages: [KeyPressDemo_C_0] 
[2016.09.20-19.04.09:728][ 97]LogBlueprintUserMessages: Early EndPlayMap Detection: Level '/Game/KeyPressDemo.KeyPressDemo:PersistentLevel' has LevelScriptBlueprint '/Game/KeyPressDemo.KeyPressDemo:PersistentLevel.KeyPressDemo' with GeneratedClass '/Game/KeyPressDemo.KeyPressDemo_C' with ClassGeneratedBy '/Game/KeyPressDemo.KeyPressDemo:PersistentLevel.KeyPressDemo'
[2016.09.20-19.04.09:761][ 97]LogBlueprintUserMessages: Late EndPlayMap Detection: Level '/Game/KeyPressDemo.KeyPressDemo:PersistentLevel' has LevelScriptBlueprint '/Game/KeyPressDemo.KeyPressDemo:PersistentLevel.KeyPressDemo' with GeneratedClass '/Game/KeyPressDemo.KeyPressDemo_C' with ClassGeneratedBy '/Game/KeyPressDemo.KeyPressDemo:PersistentLevel.KeyPressDemo'
[2016.09.20-19.04.13:370][526]LogText:Warning: Failed to parse argument "GameModeName" as a number (using "0" as a fallback). Please check your format string for errors: "GameMode: {GameModeName}".
[2016.09.20-19.06.57:792][833]BlueprintLog: New page: Compile KeyPressDemo
[2016.09.20-19.06.57:876][833]BlueprintEditorCompileResults: Info [2439.44] Compile of PersistentLevel.KeyPressDemo successful! [in 83 ms] (/Game/KeyPressDemo.KeyPressDemo:PersistentLevel.KeyPressDemo)
[2016.09.20-19.07.01:491][242]LogBlueprintUserMessages: Early PlayInEditor Detection: Level '/Game/KeyPressDemo.KeyPressDemo:PersistentLevel' has LevelScriptBlueprint '/Game/KeyPressDemo.KeyPressDemo:PersistentLevel.KeyPressDemo' with GeneratedClass '/Game/KeyPressDemo.KeyPressDemo_C' with ClassGeneratedBy '/Game/KeyPressDemo.KeyPressDemo:PersistentLevel.KeyPressDemo'
[2016.09.20-19.07.01:491][242]LogPlayLevel: PlayLevel: No blueprints needed recompiling
[2016.09.20-19.07.01:491][242]PIE: New page: PIE session: KeyPressDemo (Sep 20, 2016, 10:07:01 PM)
[2016.09.20-19.07.01:491][242]LogPlayLevel: Creating play world package: /Game/UEDPIE_0_KeyPressDemo
[2016.09.20-19.07.01:494][242]LogPlayLevel: PIE: StaticDuplicateObject took: (0.003307s)
[2016.09.20-19.07.01:495][242]LogAIModule: Creating AISystem for world KeyPressDemo
[2016.09.20-19.07.01:495][242]LogPlayLevel: PIE: World Init took: (0.000738s)
[2016.09.20-19.07.01:495][242]LogPlayLevel: PIE: Created PIE world by copying editor world from /Game/KeyPressDemo.KeyPressDemo to /Game/UEDPIE_0_KeyPressDemo.KeyPressDemo (0.004256s)
[2016.09.20-19.07.01:511][242]LogInit: XAudio2 using 'Speakers (Realtek High Definition Audio)' : 2 channels at 48 kHz using 32 bits per sample (channel mask 0x3)
[2016.09.20-19.07.01:521][242]LogInit: FAudioDevice initialized.
[2016.09.20-19.07.01:571][242]LogWorld: Game class is 'GameMode'
[2016.09.20-19.07.01:575][242]LogWorld: Bringing World /Game/UEDPIE_0_KeyPressDemo.KeyPressDemo up for play (max tick rate 0) at 2016.09.20-21.07.01
[2016.09.20-19.07.01:575][242]LogWorld: Bringing up level for play took: 0.002164
[2016.09.20-19.07.01:577][242]PIE: Info Play in editor start time for /Game/UEDPIE_0_KeyPressDemo -0.134
[2016.09.20-19.07.01:577][242]LogBlueprintUserMessages: Late PlayInEditor Detection: Level '/Game/KeyPressDemo.KeyPressDemo:PersistentLevel' has LevelScriptBlueprint '/Game/KeyPressDemo.KeyPressDemo:PersistentLevel.KeyPressDemo' with GeneratedClass '/Game/KeyPressDemo.KeyPressDemo_C' with ClassGeneratedBy '/Game/KeyPressDemo.KeyPressDemo:PersistentLevel.KeyPressDemo'
[2016.09.20-19.07.04:480][590]LogBlueprintUserMessages: [KeyPressDemo_C_2] Hello Event Listeners
[2016.09.20-19.07.05:914][762]LogBlueprintUserMessages: [KeyPressDemo_C_2] Key was pressed
[2016.09.20-19.07.05:914][762]LogBlueprintUserMessages: [KeyPressDemo_C_2] 342.0
[2016.09.20-19.07.05:914][762]LogBlueprintUserMessages: [KeyPressDemo_C_2] 181.0
[2016.09.20-19.07.05:914][762]LogBlueprintUserMessages: [KeyPressDemo_C_2] Added
[2016.09.20-19.07.07:822][991]LogBlueprintUserMessages: [KeyPressDemo_C_2] Key was pressed
[2016.09.20-19.07.07:822][991]LogBlueprintUserMessages: [KeyPressDemo_C_2] LOL
[2016.09.20-19.07.07:822][991]LogBlueprintUserMessages: [KeyPressDemo_C_2] 
[2016.09.20-19.07.08:672][ 93]LogBlueprintUserMessages: [KeyPressDemo_C_2] Key was pressed
[2016.09.20-19.07.08:672][ 93]LogBlueprintUserMessages: [KeyPressDemo_C_2] LOL
[2016.09.20-19.07.08:672][ 93]LogBlueprintUserMessages: [KeyPressDemo_C_2] 
[2016.09.20-19.07.10:181][274]LogBlueprintUserMessages: [KeyPressDemo_C_2] Key was pressed
[2016.09.20-19.07.10:181][274]LogBlueprintUserMessages: [KeyPressDemo_C_2] LOL
[2016.09.20-19.07.10:181][274]LogBlueprintUserMessages: [KeyPressDemo_C_2] 
[2016.09.20-19.07.10:789][347]LogBlueprintUserMessages: [KeyPressDemo_C_2] Key was pressed
[2016.09.20-19.07.10:789][347]LogBlueprintUserMessages: [KeyPressDemo_C_2] LOL
[2016.09.20-19.07.10:789][347]LogBlueprintUserMessages: [KeyPressDemo_C_2] 
[2016.09.20-19.07.11:414][422]LogBlueprintUserMessages: [KeyPressDemo_C_2] Key was pressed
[2016.09.20-19.07.11:414][422]LogBlueprintUserMessages: [KeyPressDemo_C_2] LOL
[2016.09.20-19.07.11:414][422]LogBlueprintUserMessages: [KeyPressDemo_C_2] 
[2016.09.20-19.07.12:614][566]LogBlueprintUserMessages: [KeyPressDemo_C_2] Key was pressed
[2016.09.20-19.07.12:614][566]LogBlueprintUserMessages: [KeyPressDemo_C_2] 342.0
[2016.09.20-19.07.12:614][566]LogBlueprintUserMessages: [KeyPressDemo_C_2] 181.0
[2016.09.20-19.07.12:614][566]LogBlueprintUserMessages: [KeyPressDemo_C_2] Added
[2016.09.20-19.07.13:698][696]LogBlueprintUserMessages: [KeyPressDemo_C_2] Key was pressed
[2016.09.20-19.07.13:698][696]LogBlueprintUserMessages: [KeyPressDemo_C_2] LOL
[2016.09.20-19.07.13:698][696]LogBlueprintUserMessages: [KeyPressDemo_C_2] 
[2016.09.20-19.07.13:698][696]LogBlueprintUserMessages: [KeyPressDemo_C_2] 
[2016.09.20-19.07.14:264][764]LogBlueprintUserMessages: [KeyPressDemo_C_2] Key was pressed
[2016.09.20-19.07.14:264][764]LogBlueprintUserMessages: [KeyPressDemo_C_2] LOL
[2016.09.20-19.07.14:264][764]LogBlueprintUserMessages: [KeyPressDemo_C_2] 
[2016.09.20-19.07.14:264][764]LogBlueprintUserMessages: [KeyPressDemo_C_2] 
[2016.09.20-19.07.14:840][833]LogBlueprintUserMessages: [KeyPressDemo_C_2] Key was pressed
[2016.09.20-19.07.14:840][833]LogBlueprintUserMessages: [KeyPressDemo_C_2] LOL
[2016.09.20-19.07.14:840][833]LogBlueprintUserMessages: [KeyPressDemo_C_2] 
[2016.09.20-19.07.14:840][833]LogBlueprintUserMessages: [KeyPressDemo_C_2] 
[2016.09.20-19.07.15:373][897]LogBlueprintUserMessages: [KeyPressDemo_C_2] Key was pressed
[2016.09.20-19.07.15:373][897]LogBlueprintUserMessages: [KeyPressDemo_C_2] LOL
[2016.09.20-19.07.15:373][897]LogBlueprintUserMessages: [KeyPressDemo_C_2] 
[2016.09.20-19.07.15:373][897]LogBlueprintUserMessages: [KeyPressDemo_C_2] 
[2016.09.20-19.07.16:548][ 38]LogBlueprintUserMessages: Early EndPlayMap Detection: Level '/Game/KeyPressDemo.KeyPressDemo:PersistentLevel' has LevelScriptBlueprint '/Game/KeyPressDemo.KeyPressDemo:PersistentLevel.KeyPressDemo' with GeneratedClass '/Game/KeyPressDemo.KeyPressDemo_C' with ClassGeneratedBy '/Game/KeyPressDemo.KeyPressDemo:PersistentLevel.KeyPressDemo'
[2016.09.20-19.07.16:580][ 38]LogBlueprintUserMessages: Late EndPlayMap Detection: Level '/Game/KeyPressDemo.KeyPressDemo:PersistentLevel' has LevelScriptBlueprint '/Game/KeyPressDemo.KeyPressDemo:PersistentLevel.KeyPressDemo' with GeneratedClass '/Game/KeyPressDemo.KeyPressDemo_C' with ClassGeneratedBy '/Game/KeyPressDemo.KeyPressDemo:PersistentLevel.KeyPressDemo'
[2016.09.20-19.07.22:551][593]LogText:Warning: Failed to parse argument "GameModeName" as a number (using "0" as a fallback). Please check your format string for errors: "GameMode: {GameModeName}".
[2016.09.20-19.08.26:221][859]BlueprintLog: New page: Compile KeyPressDemo
[2016.09.20-19.08.26:303][859]BlueprintEditorCompileResults: Info [2527.87] Compile of PersistentLevel.KeyPressDemo successful! [in 81 ms] (/Game/KeyPressDemo.KeyPressDemo:PersistentLevel.KeyPressDemo)
[2016.09.20-19.08.28:647][131]LogBlueprintUserMessages: Early PlayInEditor Detection: Level '/Game/KeyPressDemo.KeyPressDemo:PersistentLevel' has LevelScriptBlueprint '/Game/KeyPressDemo.KeyPressDemo:PersistentLevel.KeyPressDemo' with GeneratedClass '/Game/KeyPressDemo.KeyPressDemo_C' with ClassGeneratedBy '/Game/KeyPressDemo.KeyPressDemo:PersistentLevel.KeyPressDemo'
[2016.09.20-19.08.28:647][131]LogPlayLevel: PlayLevel: No blueprints needed recompiling
[2016.09.20-19.08.28:647][131]PIE: New page: PIE session: KeyPressDemo (Sep 20, 2016, 10:08:28 PM)
[2016.09.20-19.08.28:647][131]LogPlayLevel: Creating play world package: /Game/UEDPIE_0_KeyPressDemo
[2016.09.20-19.08.28:651][131]LogPlayLevel: PIE: StaticDuplicateObject took: (0.003434s)
[2016.09.20-19.08.28:651][131]LogAIModule: Creating AISystem for world KeyPressDemo
[2016.09.20-19.08.28:651][131]LogPlayLevel: PIE: World Init took: (0.000718s)
[2016.09.20-19.08.28:651][131]LogPlayLevel: PIE: Created PIE world by copying editor world from /Game/KeyPressDemo.KeyPressDemo to /Game/UEDPIE_0_KeyPressDemo.KeyPressDemo (0.004353s)
[2016.09.20-19.08.28:667][131]LogInit: XAudio2 using 'Speakers (Realtek High Definition Audio)' : 2 channels at 48 kHz using 32 bits per sample (channel mask 0x3)
[2016.09.20-19.08.28:677][131]LogInit: FAudioDevice initialized.
[2016.09.20-19.08.28:724][131]LogWorld: Game class is 'GameMode'
[2016.09.20-19.08.28:726][131]LogWorld: Bringing World /Game/UEDPIE_0_KeyPressDemo.KeyPressDemo up for play (max tick rate 0) at 2016.09.20-21.08.28
[2016.09.20-19.08.28:727][131]LogWorld: Bringing up level for play took: 0.002007
[2016.09.20-19.08.28:728][131]PIE: Info Play in editor start time for /Game/UEDPIE_0_KeyPressDemo 1.018
[2016.09.20-19.08.28:728][131]LogBlueprintUserMessages: Late PlayInEditor Detection: Level '/Game/KeyPressDemo.KeyPressDemo:PersistentLevel' has LevelScriptBlueprint '/Game/KeyPressDemo.KeyPressDemo:PersistentLevel.KeyPressDemo' with GeneratedClass '/Game/KeyPressDemo.KeyPressDemo_C' with ClassGeneratedBy '/Game/KeyPressDemo.KeyPressDemo:PersistentLevel.KeyPressDemo'
[2016.09.20-19.08.29:681][245]LogBlueprintUserMessages: [KeyPressDemo_C_0] Key was pressed
[2016.09.20-19.08.29:681][245]LogBlueprintUserMessages: [KeyPressDemo_C_0] 619.0
[2016.09.20-19.08.29:681][245]LogBlueprintUserMessages: [KeyPressDemo_C_0] 2.0
[2016.09.20-19.08.30:490][342]LogBlueprintUserMessages: [KeyPressDemo_C_0] Key was pressed
[2016.09.20-19.08.30:490][342]LogBlueprintUserMessages: [KeyPressDemo_C_0] LOL
[2016.09.20-19.08.30:490][342]LogBlueprintUserMessages: [KeyPressDemo_C_0] 2.0
[2016.09.20-19.08.31:340][444]LogBlueprintUserMessages: [KeyPressDemo_C_0] Key was pressed
[2016.09.20-19.08.31:340][444]LogBlueprintUserMessages: [KeyPressDemo_C_0] LOL
[2016.09.20-19.08.31:340][444]LogBlueprintUserMessages: [KeyPressDemo_C_0] 2.0
[2016.09.20-19.08.31:640][480]LogBlueprintUserMessages: [KeyPressDemo_C_0] Hello Event Listeners
[2016.09.20-19.08.32:515][585]LogBlueprintUserMessages: [KeyPressDemo_C_0] Key was pressed
[2016.09.20-19.08.32:515][585]LogBlueprintUserMessages: [KeyPressDemo_C_0] LOL
[2016.09.20-19.08.32:515][585]LogBlueprintUserMessages: [KeyPressDemo_C_0] 2.0
[2016.09.20-19.08.33:148][661]LogBlueprintUserMessages: [KeyPressDemo_C_0] Key was pressed
[2016.09.20-19.08.33:148][661]LogBlueprintUserMessages: [KeyPressDemo_C_0] LOL
[2016.09.20-19.08.33:148][661]LogBlueprintUserMessages: [KeyPressDemo_C_0] 2.0
[2016.09.20-19.08.33:623][718]LogBlueprintUserMessages: [KeyPressDemo_C_0] Key was pressed
[2016.09.20-19.08.33:623][718]LogBlueprintUserMessages: [KeyPressDemo_C_0] LOL
[2016.09.20-19.08.33:623][718]LogBlueprintUserMessages: [KeyPressDemo_C_0] 2.0
[2016.09.20-19.08.35:807][980]LogBlueprintUserMessages: [KeyPressDemo_C_0] Key was pressed
[2016.09.20-19.08.35:807][980]LogBlueprintUserMessages: [KeyPressDemo_C_0] 620.0
[2016.09.20-19.08.35:807][980]LogBlueprintUserMessages: [KeyPressDemo_C_0] 2.0
[2016.09.20-19.08.37:723][210]LogBlueprintUserMessages: [KeyPressDemo_C_0] Key was pressed
[2016.09.20-19.08.37:723][210]LogBlueprintUserMessages: [KeyPressDemo_C_0] 526.0
[2016.09.20-19.08.37:723][210]LogBlueprintUserMessages: [KeyPressDemo_C_0] 172.0
[2016.09.20-19.08.38:623][318]LogBlueprintUserMessages: [KeyPressDemo_C_0] Key was pressed
[2016.09.20-19.08.38:623][318]LogBlueprintUserMessages: [KeyPressDemo_C_0] LOL
[2016.09.20-19.08.38:623][318]LogBlueprintUserMessages: [KeyPressDemo_C_0] 2.0
[2016.09.20-19.08.38:623][318]LogBlueprintUserMessages: [KeyPressDemo_C_0] 2.0
[2016.09.20-19.08.38:623][318]LogBlueprintUserMessages: [KeyPressDemo_C_0] 172.0
[2016.09.20-19.08.40:341][524]LogBlueprintUserMessages: Early EndPlayMap Detection: Level '/Game/KeyPressDemo.KeyPressDemo:PersistentLevel' has LevelScriptBlueprint '/Game/KeyPressDemo.KeyPressDemo:PersistentLevel.KeyPressDemo' with GeneratedClass '/Game/KeyPressDemo.KeyPressDemo_C' with ClassGeneratedBy '/Game/KeyPressDemo.KeyPressDemo:PersistentLevel.KeyPressDemo'
[2016.09.20-19.08.40:368][524]LogBlueprintUserMessages: Late EndPlayMap Detection: Level '/Game/KeyPressDemo.KeyPressDemo:PersistentLevel' has LevelScriptBlueprint '/Game/KeyPressDemo.KeyPressDemo:PersistentLevel.KeyPressDemo' with GeneratedClass '/Game/KeyPressDemo.KeyPressDemo_C' with ClassGeneratedBy '/Game/KeyPressDemo.KeyPressDemo:PersistentLevel.KeyPressDemo'
[2016.09.20-19.08.45:916][186]LogText:Warning: Failed to parse argument "GameModeName" as a number (using "0" as a fallback). Please check your format string for errors: "GameMode: {GameModeName}".
[2016.09.20-19.09.59:146][255]BlueprintLog: New page: Compile KeyPressDemo
[2016.09.20-19.09.59:232][255]BlueprintEditorCompileResults: Info [2620.80] Compile of PersistentLevel.KeyPressDemo successful! [in 85 ms] (/Game/KeyPressDemo.KeyPressDemo:PersistentLevel.KeyPressDemo)
[2016.09.20-19.10.01:490][514]LogBlueprintUserMessages: Early PlayInEditor Detection: Level '/Game/KeyPressDemo.KeyPressDemo:PersistentLevel' has LevelScriptBlueprint '/Game/KeyPressDemo.KeyPressDemo:PersistentLevel.KeyPressDemo' with GeneratedClass '/Game/KeyPressDemo.KeyPressDemo_C' with ClassGeneratedBy '/Game/KeyPressDemo.KeyPressDemo:PersistentLevel.KeyPressDemo'
[2016.09.20-19.10.01:490][514]LogPlayLevel: PlayLevel: No blueprints needed recompiling
[2016.09.20-19.10.01:490][514]PIE: New page: PIE session: KeyPressDemo (Sep 20, 2016, 10:10:01 PM)
[2016.09.20-19.10.01:490][514]LogPlayLevel: Creating play world package: /Game/UEDPIE_0_KeyPressDemo
[2016.09.20-19.10.01:494][514]LogPlayLevel: PIE: StaticDuplicateObject took: (0.003712s)
[2016.09.20-19.10.01:494][514]LogAIModule: Creating AISystem for world KeyPressDemo
[2016.09.20-19.10.01:494][514]LogPlayLevel: PIE: World Init took: (0.000657s)
[2016.09.20-19.10.01:495][514]LogPlayLevel: PIE: Created PIE world by copying editor world from /Game/KeyPressDemo.KeyPressDemo to /Game/UEDPIE_0_KeyPressDemo.KeyPressDemo (0.004588s)
[2016.09.20-19.10.01:511][514]LogInit: XAudio2 using 'Speakers (Realtek High Definition Audio)' : 2 channels at 48 kHz using 32 bits per sample (channel mask 0x3)
[2016.09.20-19.10.01:522][514]LogInit: FAudioDevice initialized.
[2016.09.20-19.10.01:567][514]LogWorld: Game class is 'GameMode'
[2016.09.20-19.10.01:570][514]LogWorld: Bringing World /Game/UEDPIE_0_KeyPressDemo.KeyPressDemo up for play (max tick rate 0) at 2016.09.20-21.10.01
[2016.09.20-19.10.01:571][514]LogWorld: Bringing up level for play took: 0.002469
[2016.09.20-19.10.01:573][514]PIE: Info Play in editor start time for /Game/UEDPIE_0_KeyPressDemo -0.138
[2016.09.20-19.10.01:573][514]LogBlueprintUserMessages: Late PlayInEditor Detection: Level '/Game/KeyPressDemo.KeyPressDemo:PersistentLevel' has LevelScriptBlueprint '/Game/KeyPressDemo.KeyPressDemo:PersistentLevel.KeyPressDemo' with GeneratedClass '/Game/KeyPressDemo.KeyPressDemo_C' with ClassGeneratedBy '/Game/KeyPressDemo.KeyPressDemo:PersistentLevel.KeyPressDemo'
[2016.09.20-19.10.04:392][852]LogBlueprintUserMessages: [KeyPressDemo_C_2] Key was pressed
[2016.09.20-19.10.04:392][852]LogBlueprintUserMessages: [KeyPressDemo_C_2] 357.0
[2016.09.20-19.10.04:392][852]LogBlueprintUserMessages: [KeyPressDemo_C_2] 157.0
[2016.09.20-19.10.04:476][862]LogBlueprintUserMessages: [KeyPressDemo_C_2] Hello Event Listeners
[2016.09.20-19.10.05:876][ 30]LogBlueprintUserMessages: [KeyPressDemo_C_2] Key was pressed
[2016.09.20-19.10.05:876][ 30]LogBlueprintUserMessages: [KeyPressDemo_C_2] 1205.0
[2016.09.20-19.10.05:876][ 30]LogBlueprintUserMessages: [KeyPressDemo_C_2] 0.0
[2016.09.20-19.10.07:901][273]LogBlueprintUserMessages: [KeyPressDemo_C_2] Key was pressed
[2016.09.20-19.10.07:901][273]LogBlueprintUserMessages: [KeyPressDemo_C_2] LOL
[2016.09.20-19.10.07:901][273]LogBlueprintUserMessages: [KeyPressDemo_C_2] 357.0
[2016.09.20-19.10.07:901][273]LogBlueprintUserMessages: [KeyPressDemo_C_2] 157.0
[2016.09.20-19.10.07:901][273]LogBlueprintUserMessages: [KeyPressDemo_C_2] 1205.0
[2016.09.20-19.10.07:901][273]LogBlueprintUserMessages: [KeyPressDemo_C_2] 0.0
[2016.09.20-19.10.09:893][512]LogBlueprintUserMessages: [KeyPressDemo_C_2] Key was pressed
[2016.09.20-19.10.09:893][512]LogBlueprintUserMessages: [KeyPressDemo_C_2] LOL
[2016.09.20-19.10.09:893][512]LogBlueprintUserMessages: [KeyPressDemo_C_2] 357.0
[2016.09.20-19.10.09:893][512]LogBlueprintUserMessages: [KeyPressDemo_C_2] 157.0
[2016.09.20-19.10.09:893][512]LogBlueprintUserMessages: [KeyPressDemo_C_2] 1205.0
[2016.09.20-19.10.09:893][512]LogBlueprintUserMessages: [KeyPressDemo_C_2] 0.0
[2016.09.20-19.10.10:643][602]LogBlueprintUserMessages: [KeyPressDemo_C_2] Key was pressed
[2016.09.20-19.10.10:643][602]LogBlueprintUserMessages: [KeyPressDemo_C_2] LOL
[2016.09.20-19.10.10:643][602]LogBlueprintUserMessages: [KeyPressDemo_C_2] 357.0
[2016.09.20-19.10.10:643][602]LogBlueprintUserMessages: [KeyPressDemo_C_2] 157.0
[2016.09.20-19.10.10:643][602]LogBlueprintUserMessages: [KeyPressDemo_C_2] 1205.0
[2016.09.20-19.10.10:643][602]LogBlueprintUserMessages: [KeyPressDemo_C_2] 0.0
[2016.09.20-19.10.15:410][174]LogBlueprintUserMessages: Early EndPlayMap Detection: Level '/Game/KeyPressDemo.KeyPressDemo:PersistentLevel' has LevelScriptBlueprint '/Game/KeyPressDemo.KeyPressDemo:PersistentLevel.KeyPressDemo' with GeneratedClass '/Game/KeyPressDemo.KeyPressDemo_C' with ClassGeneratedBy '/Game/KeyPressDemo.KeyPressDemo:PersistentLevel.KeyPressDemo'
[2016.09.20-19.10.15:443][174]LogBlueprintUserMessages: Late EndPlayMap Detection: Level '/Game/KeyPressDemo.KeyPressDemo:PersistentLevel' has LevelScriptBlueprint '/Game/KeyPressDemo.KeyPressDemo:PersistentLevel.KeyPressDemo' with GeneratedClass '/Game/KeyPressDemo.KeyPressDemo_C' with ClassGeneratedBy '/Game/KeyPressDemo.KeyPressDemo:PersistentLevel.KeyPressDemo'
[2016.09.20-19.10.17:771][450]LogText:Warning: Failed to parse argument "GameModeName" as a number (using "0" as a fallback). Please check your format string for errors: "GameMode: {GameModeName}".
[2016.09.20-19.10.36:450][454]BlueprintLog: New page: Compile KeyPressDemo
[2016.09.20-19.10.36:533][454]BlueprintEditorCompileResults: Info [2658.10] Compile of PersistentLevel.KeyPressDemo successful! [in 82 ms] (/Game/KeyPressDemo.KeyPressDemo:PersistentLevel.KeyPressDemo)
[2016.09.20-19.10.38:573][685]LogBlueprintUserMessages: Early PlayInEditor Detection: Level '/Game/KeyPressDemo.KeyPressDemo:PersistentLevel' has LevelScriptBlueprint '/Game/KeyPressDemo.KeyPressDemo:PersistentLevel.KeyPressDemo' with GeneratedClass '/Game/KeyPressDemo.KeyPressDemo_C' with ClassGeneratedBy '/Game/KeyPressDemo.KeyPressDemo:PersistentLevel.KeyPressDemo'
[2016.09.20-19.10.38:573][685]LogPlayLevel: PlayLevel: No blueprints needed recompiling
[2016.09.20-19.10.38:573][685]PIE: New page: PIE session: KeyPressDemo (Sep 20, 2016, 10:10:38 PM)
[2016.09.20-19.10.38:573][685]LogPlayLevel: Creating play world package: /Game/UEDPIE_0_KeyPressDemo
[2016.09.20-19.10.38:576][685]LogPlayLevel: PIE: StaticDuplicateObject took: (0.002940s)
[2016.09.20-19.10.38:577][685]LogAIModule: Creating AISystem for world KeyPressDemo
[2016.09.20-19.10.38:577][685]LogPlayLevel: PIE: World Init took: (0.000709s)
[2016.09.20-19.10.38:577][685]LogPlayLevel: PIE: Created PIE world by copying editor world from /Game/KeyPressDemo.KeyPressDemo to /Game/UEDPIE_0_KeyPressDemo.KeyPressDemo (0.003822s)
[2016.09.20-19.10.38:593][685]LogInit: XAudio2 using 'Speakers (Realtek High Definition Audio)' : 2 channels at 48 kHz using 32 bits per sample (channel mask 0x3)
[2016.09.20-19.10.38:603][685]LogInit: FAudioDevice initialized.
[2016.09.20-19.10.38:653][685]LogWorld: Game class is 'GameMode'
[2016.09.20-19.10.38:656][685]LogWorld: Bringing World /Game/UEDPIE_0_KeyPressDemo.KeyPressDemo up for play (max tick rate 0) at 2016.09.20-21.10.38
[2016.09.20-19.10.38:656][685]LogWorld: Bringing up level for play took: 0.001850
[2016.09.20-19.10.38:657][685]PIE: Info Play in editor start time for /Game/UEDPIE_0_KeyPressDemo 0.947
[2016.09.20-19.10.38:658][685]LogBlueprintUserMessages: Late PlayInEditor Detection: Level '/Game/KeyPressDemo.KeyPressDemo:PersistentLevel' has LevelScriptBlueprint '/Game/KeyPressDemo.KeyPressDemo:PersistentLevel.KeyPressDemo' with GeneratedClass '/Game/KeyPressDemo.KeyPressDemo_C' with ClassGeneratedBy '/Game/KeyPressDemo.KeyPressDemo:PersistentLevel.KeyPressDemo'
[2016.09.20-19.10.40:180][867]LogBlueprintUserMessages: [KeyPressDemo_C_0] Key was pressed
[2016.09.20-19.10.41:563][ 33]LogBlueprintUserMessages: [KeyPressDemo_C_0] Hello Event Listeners
[2016.09.20-19.10.41:664][ 45]LogBlueprintUserMessages: [KeyPressDemo_C_0] Key was pressed
[2016.09.20-19.10.41:664][ 45]LogBlueprintUserMessages: [KeyPressDemo_C_0] 508.0
[2016.09.20-19.10.41:664][ 45]LogBlueprintUserMessages: [KeyPressDemo_C_0] 54.0
[2016.09.20-19.10.44:296][361]LogBlueprintUserMessages: [KeyPressDemo_C_0] Key was pressed
[2016.09.20-19.10.44:297][361]LogBlueprintUserMessages: [KeyPressDemo_C_0] 508.0
[2016.09.20-19.10.44:297][361]LogBlueprintUserMessages: [KeyPressDemo_C_0] 54.0
[2016.09.20-19.10.47:055][692]LogBlueprintUserMessages: [KeyPressDemo_C_0] Key was pressed
[2016.09.20-19.10.47:055][692]LogBlueprintUserMessages: [KeyPressDemo_C_0] 508.0
[2016.09.20-19.10.47:055][692]LogBlueprintUserMessages: [KeyPressDemo_C_0] 54.0
[2016.09.20-19.10.47:055][692]LogBlueprintUserMessages: [KeyPressDemo_C_0] 508.0
[2016.09.20-19.10.47:055][692]LogBlueprintUserMessages: [KeyPressDemo_C_0] 54.0
[2016.09.20-19.10.48:439][858]LogBlueprintUserMessages: [KeyPressDemo_C_0] Key was pressed
[2016.09.20-19.10.48:439][858]LogBlueprintUserMessages: [KeyPressDemo_C_0] 508.0
[2016.09.20-19.10.48:439][858]LogBlueprintUserMessages: [KeyPressDemo_C_0] 54.0
[2016.09.20-19.10.48:439][858]LogBlueprintUserMessages: [KeyPressDemo_C_0] 508.0
[2016.09.20-19.10.48:439][858]LogBlueprintUserMessages: [KeyPressDemo_C_0] 54.0
[2016.09.20-19.10.50:422][ 96]LogBlueprintUserMessages: [KeyPressDemo_C_0] Key was pressed
[2016.09.20-19.10.50:422][ 96]LogBlueprintUserMessages: [KeyPressDemo_C_0] 665.0
[2016.09.20-19.10.50:422][ 96]LogBlueprintUserMessages: [KeyPressDemo_C_0] 497.0
[2016.09.20-19.10.51:155][184]LogBlueprintUserMessages: [KeyPressDemo_C_0] Key was pressed
[2016.09.20-19.10.51:155][184]LogBlueprintUserMessages: [KeyPressDemo_C_0] 508.0
[2016.09.20-19.10.51:155][184]LogBlueprintUserMessages: [KeyPressDemo_C_0] 54.0
[2016.09.20-19.10.51:155][184]LogBlueprintUserMessages: [KeyPressDemo_C_0] 508.0
[2016.09.20-19.10.51:155][184]LogBlueprintUserMessages: [KeyPressDemo_C_0] 54.0
[2016.09.20-19.10.51:155][184]LogBlueprintUserMessages: [KeyPressDemo_C_0] 665.0
[2016.09.20-19.10.51:155][184]LogBlueprintUserMessages: [KeyPressDemo_C_0] 497.0
[2016.09.20-19.10.52:939][398]LogBlueprintUserMessages: [KeyPressDemo_C_0] Key was pressed
[2016.09.20-19.10.52:939][398]LogBlueprintUserMessages: [KeyPressDemo_C_0] 0.0
[2016.09.20-19.10.52:939][398]LogBlueprintUserMessages: [KeyPressDemo_C_0] 47.0
[2016.09.20-19.10.53:264][437]LogBlueprintUserMessages: [KeyPressDemo_C_0] Key was pressed
[2016.09.20-19.10.53:264][437]LogBlueprintUserMessages: [KeyPressDemo_C_0] 0.0
[2016.09.20-19.10.53:264][437]LogBlueprintUserMessages: [KeyPressDemo_C_0] 550.0
[2016.09.20-19.10.53:606][478]LogBlueprintUserMessages: [KeyPressDemo_C_0] Key