Log file open, 09/20/16 20:26:19
LogInit:Display: Running engine for game: PointyStick
LogPlatformFile: Not using cached read wrapper
LogInit:Display: RandInit(-616017489) SRandInit(-616017487).
LogTaskGraph: Started task graph with 4 named threads and 7 total threads with 1 sets of task threads.
LogStats: Stats thread started at 0.074656
LogInit: Version: 4.12.5-3039270+++UE4+Release-4.12
LogInit: API Version: 2992821
LogInit: Net Version: 3039270
LogDevObjectVersion: Number of dev versions registered: 13
LogDevObjectVersion:   Dev-Blueprints (B0D832E4-1F89-4F0D-ACCF-7EB736FD4AA2): 3
LogDevObjectVersion:   Dev-Build (E1C64328-A22C-4D53-A36C-8E866417BD8C): 0
LogDevObjectVersion:   Dev-Core (375EC13C-06E4-48FB-B500-84F0262A717E): 1
LogDevObjectVersion:   Dev-Editor (E4B068ED-F494-42E9-A231-DA0B2E46BB41): 2
LogDevObjectVersion:   Dev-Framework (CFFC743F-43B0-4480-9391-14DF171D2073): 6
LogDevObjectVersion:   Dev-Mobile (B02B49B5-BB20-44E9-A304-32B752E40360): 0
LogDevObjectVersion:   Dev-Networking (A4E4105C-59A1-49B5-A7C5-40C4547EDFEE): 0
LogDevObjectVersion:   Dev-Online (39C831C9-5AE6-47DC-9A44-9C173E1C8E7C): 0
LogDevObjectVersion:   Dev-Physics (78F01B33-EBEA-4F98-B9B4-84EACCB95AA2): 0
LogDevObjectVersion:   Dev-Platform (6631380F-2D4D-43E0-8009-CF276956A95A): 0
LogDevObjectVersion:   Dev-Rendering (12F88B9F-8875-4AFC-A67C-D90C383ABD29): 2
LogDevObjectVersion:   Dev-Sequencer (7B5AE74C-D270-4C10-A958-57980B212A5A): 0
LogDevObjectVersion:   Dev-VR (D7296918-1DD6-4BDD-9DE2-64A83CC13884): 0
LogInit: Compiled (64-bit): Jul  6 2016 09:09:46
LogInit: Compiled with Visual C++: 19.00.23026.00
LogInit: Build Configuration: Development
LogInit: Branch Name: ++UE4+Release-4.12
LogInit: Command line: -EpicPortal 
LogInit: Base directory: C:/Program Files (x86)/Epic Games/4.12/Engine/Binaries/Win64/
LogInit: Installed Engine Build: 1
LogInit: Using libcurl 7.41.0
LogInit:  - built for x86_64-pc-win32
LogInit:  - supports SSL with WinSSL
LogInit:  - other features:
LogInit:      CURL_VERSION_SSL
LogInit:      CURL_VERSION_IPV6
LogInit:      CURL_VERSION_ASYNCHDNS
LogInit:      CURL_VERSION_LARGEFILE
LogInit:      CURL_VERSION_IDN
LogInit:  CurlRequestOptions (configurable via config and command line):
LogInit:  - bVerifyPeer = true  - Libcurl will verify peer certificate
LogInit:  - bUseHttpProxy = false  - Libcurl will NOT use HTTP proxy
LogInit:  - bDontReuseConnections = false  - Libcurl will reuse connections
LogInit:  - CertBundlePath = nullptr  - Libcurl will use whatever was configured at build time.
LogInit: Presizing for max 8388607 objects, including 0 objects not considered by GC, pre-allocating 0 bytes for permanent pool.
LogInit: Object subsystem initialized
[2016.09.20-18.26.19:087][  0]LogInit: Selected Device Profile: [Windows]
[2016.09.20-18.26.19:087][  0]LogInit: Applying CVar settings loaded from the selected device profile: [Windows]
[2016.09.20-18.26.19:097][  0]LogInit: Computer: WILLIAM-DESKTOP
[2016.09.20-18.26.19:097][  0]LogInit: User: William
[2016.09.20-18.26.19:097][  0]LogInit: CPU Page size=65536, Cores=4
[2016.09.20-18.26.19:097][  0]LogInit: High frequency timer resolution =3.125013 MHz
[2016.09.20-18.26.19:097][  0]LogMemory: Memory total: Physical=7.9GB (8GB approx)
[2016.09.20-18.26.19:097][  0]LogMemory: Platform Memory Stats for Windows
[2016.09.20-18.26.19:097][  0]LogMemory: Process Physical Memory: 189.07 MB used, 189.07 MB peak
[2016.09.20-18.26.19:097][  0]LogMemory: Process Virtual Memory: 195.09 MB used, 195.09 MB peak
[2016.09.20-18.26.19:097][  0]LogMemory: Physical Memory: 5479.18 MB used, 8067.15 MB total
[2016.09.20-18.26.19:097][  0]LogMemory: Virtual Memory: 553.96 MB used, 134217728.00 MB total
[2016.09.20-18.26.19:137][  0]LogTextLocalizationManager: No specific translations for ('en-US') exist, so ('en') translations will be used.
[2016.09.20-18.26.19:503][  0]LogD3D11RHI: D3D11 adapters:
[2016.09.20-18.26.19:522][  0]LogD3D11RHI:    0. 'NVIDIA GeForce GTX 780' (Feature Level 11_0)
[2016.09.20-18.26.19:522][  0]LogD3D11RHI:       3039/0/4033 MB DedicatedVideo/DedicatedSystem/SharedSystem, Outputs:1, VendorId:0x10de
[2016.09.20-18.26.19:528][  0]LogD3D11RHI:    1. 'Intel(R) HD Graphics 4600' (Feature Level 11_0)
[2016.09.20-18.26.19:528][  0]LogD3D11RHI:       112/0/4033 MB DedicatedVideo/DedicatedSystem/SharedSystem, Outputs:0, VendorId:0x8086
[2016.09.20-18.26.19:530][  0]LogD3D11RHI:    2. 'Microsoft Basic Render Driver' (Feature Level 11_0)
[2016.09.20-18.26.19:530][  0]LogD3D11RHI:       0/0/4033 MB DedicatedVideo/DedicatedSystem/SharedSystem, Outputs:0, VendorId:0x1414
[2016.09.20-18.26.19:530][  0]LogD3D11RHI: Chosen D3D11 Adapter: 0
[2016.09.20-18.26.19:533][  0]LogD3D11RHI: Creating new Direct3DDevice
[2016.09.20-18.26.19:533][  0]LogD3D11RHI:     GPU DeviceId: 0x1004 (for the marketing name, search the web for "GPU Device Id")
[2016.09.20-18.26.19:533][  0]LogWindows: EnumDisplayDevices:
[2016.09.20-18.26.19:533][  0]LogWindows:    0. 'NVIDIA GeForce GTX 780' (P:1 D:1)
[2016.09.20-18.26.19:533][  0]LogWindows:    1. 'NVIDIA GeForce GTX 780' (P:0 D:0)
[2016.09.20-18.26.19:533][  0]LogWindows:    2. 'NVIDIA GeForce GTX 780' (P:0 D:0)
[2016.09.20-18.26.19:533][  0]LogWindows:    3. 'NVIDIA GeForce GTX 780' (P:0 D:0)
[2016.09.20-18.26.19:533][  0]LogWindows:    4. 'Intel(R) HD Graphics 4600' (P:0 D:0)
[2016.09.20-18.26.19:533][  0]LogWindows:    5. 'Intel(R) HD Graphics 4600' (P:0 D:0)
[2016.09.20-18.26.19:533][  0]LogWindows:    6. 'Intel(R) HD Graphics 4600' (P:0 D:0)
[2016.09.20-18.26.19:533][  0]LogWindows: DebugString: PrimaryIsNotTheChoosenAdapter PrimaryIsNotTheChoosenAdapter PrimaryIsNotTheChoosenAdapter FoundDriverCount:4 
[2016.09.20-18.26.19:533][  0]LogD3D11RHI:     Adapter Name: NVIDIA GeForce GTX 780
[2016.09.20-18.26.19:533][  0]LogD3D11RHI:   Driver Version: 368.81 (internal:10.18.13.6881, unified:368.81)
[2016.09.20-18.26.19:533][  0]LogD3D11RHI:      Driver Date: 7-10-2016
[2016.09.20-18.26.19:533][  0]LogRHI: Texture pool is 1361 MB (70% of 1945 MB)
[2016.09.20-18.26.19:544][  0]LogD3D11RHI: Async texture creation enabled
[2016.09.20-18.26.19:554][  0]LogD3D11RHI: GPU Timing Frequency: 1000.000000 (Debug: 2 1)
[2016.09.20-18.26.19:554][  0]LogShaderCompilers: Guid format shader working directory is -21 characters bigger than the processId version (../../../../../../Users/William/Documents/Unreal Projects/PointyStick/Intermediate/Shaders/WorkingDirectory/4220/).
[2016.09.20-18.26.19:554][  0]LogShaderCompilers: Cleaned the shader compiler working directory 'C:/Users/William/AppData/Local/Temp/UnrealShaderWorkingDir/212A26D9417114485D5CA6B16AE0B0DA/'.
[2016.09.20-18.26.19:554][  0]LogShaderCompilers:Display: Using Local Shader Compiler.
[2016.09.20-18.26.20:610][  0]LogTemp:Display: Loaded TP AllDesktopTargetPlatform
[2016.09.20-18.26.20:619][  0]LogTemp:Display: Loaded TP WindowsClientTargetPlatform
[2016.09.20-18.26.20:630][  0]LogTemp:Display: Loaded TP WindowsNoEditorTargetPlatform
[2016.09.20-18.26.20:640][  0]LogTemp:Display: Loaded TP WindowsServerTargetPlatform
[2016.09.20-18.26.20:649][  0]LogTemp:Display: Loaded TP WindowsTargetPlatform
[2016.09.20-18.26.20:659][  0]LogTemp:Display: Loaded TP AndroidTargetPlatform
[2016.09.20-18.26.20:668][  0]LogTemp:Display: Loaded TP Android_ASTCTargetPlatform
[2016.09.20-18.26.20:676][  0]LogTemp:Display: Loaded TP Android_ATCTargetPlatform
[2016.09.20-18.26.20:684][  0]LogTemp:Display: Loaded TP Android_DXTTargetPlatform
[2016.09.20-18.26.20:692][  0]LogTemp:Display: Loaded TP Android_ETC1TargetPlatform
[2016.09.20-18.26.20:701][  0]LogTemp:Display: Loaded TP Android_ETC2TargetPlatform
[2016.09.20-18.26.20:717][  0]LogTemp:Display: Loaded TP Android_MultiTargetPlatform
[2016.09.20-18.26.20:717][  0]LogTemp:Display: Loaded TP Android_PVRTCTargetPlatform
[2016.09.20-18.26.20:719][  0]LogTemp:Display: Loaded TP HTML5TargetPlatform
[2016.09.20-18.26.20:741][  0]LogTemp:Display: Loaded TP IOSTargetPlatform
[2016.09.20-18.26.20:748][  0]LogTemp:Display: Loaded TP TVOSTargetPlatform
[2016.09.20-18.26.20:756][  0]LogTemp:Display: Loaded TP LinuxNoEditorTargetPlatform
[2016.09.20-18.26.20:764][  0]LogTemp:Display: Loaded TP LinuxServerTargetPlatform
[2016.09.20-18.26.20:773][  0]LogTemp:Display: Loaded TP LinuxTargetPlatform
[2016.09.20-18.26.20:773][  0]LogTargetPlatformManager:Display: Building Assets For Windows
[2016.09.20-18.26.20:845][  0]LogDerivedDataCache:Display: Max Cache Size: 512 MB
[2016.09.20-18.26.20:895][  0]LogDerivedDataCache: Loaded boot cache 0.05s 48MB C:/Users/William/AppData/Local/UnrealEngine/4.12/DerivedDataCache/Boot.ddc.
[2016.09.20-18.26.20:895][  0]LogDerivedDataCache:Display: Loaded Boot cache: C:/Users/William/AppData/Local/UnrealEngine/4.12/DerivedDataCache/Boot.ddc
[2016.09.20-18.26.20:895][  0]LogDerivedDataCache: FDerivedDataBackendGraph:  Pak pak cache file ../../../../../../Users/William/Documents/Unreal Projects/PointyStick/DerivedDataCache/DDC.ddp not found, will not use a pak cache.
[2016.09.20-18.26.20:895][  0]LogDerivedDataCache: Unable to find inner node Pak for hierarchical cache Hierarchy.
[2016.09.20-18.26.20:895][  0]LogDerivedDataCache: FDerivedDataBackendGraph:  CompressedPak pak cache file ../../../../../../Users/William/Documents/Unreal Projects/PointyStick/DerivedDataCache/Compressed.ddp not found, will not use a pak cache.
[2016.09.20-18.26.20:895][  0]LogDerivedDataCache: Unable to find inner node CompressedPak for hierarchical cache Hierarchy.
[2016.09.20-18.26.20:914][  0]LogDerivedDataCache:Display: Pak cache opened for reading ../../../Engine/DerivedDataCache/Compressed.ddp.
[2016.09.20-18.26.20:926][  0]LogDerivedDataCache: Using Local data cache path C:/Users/William/AppData/Local/UnrealEngine/Common/DerivedDataCache: Writable
[2016.09.20-18.26.21:115][  0]LogInit: Selected Device Profile: [Windows]
[2016.09.20-18.26.21:116][  0]LogContentStreaming: Texture pool size is 0.00 MB
[2016.09.20-18.26.21:262][  0]LogMeshUtilities: No automatic mesh reduction module available
[2016.09.20-18.26.21:262][  0]LogMeshUtilities: No automatic mesh merging module available
[2016.09.20-18.26.21:262][  0]LogMeshUtilities: No distributed automatic mesh merging module available
[2016.09.20-18.26.21:499][  0]LogAssetRegistry: FAssetRegistry took 0.0220 seconds to start up
[2016.09.20-18.26.21:525][  0]LogPackageLocalizationCache: Processed 3 localized package path(s) for 2 prioritized culture(s) in 0.023459 seconds
[2016.09.20-18.26.21:530][  0]LogUObjectArray: 28739 objects as part of root set at end of initial load.
[2016.09.20-18.26.21:530][  0]LogUObjectAllocator: 5855624 out of 0 bytes used by permanent object pool.
[2016.09.20-18.26.21:530][  0]LogUObjectArray: CloseDisregardForGC: 0/0 objects in disregard for GC pool
[2016.09.20-18.26.21:536][  0]LogInit: WinSock: version 1.1 (2.2), MaxSocks=32767, MaxUdp=65467
[2016.09.20-18.26.21:711][  0]LogSlate: SlateFontCache - WITH_FREETYPE: 1, WITH_HARFBUZZ: 1
[2016.09.20-18.26.21:711][  0]LogSlate: SlateFontCache - WITH_FREETYPE: 1, WITH_HARFBUZZ: 1
[2016.09.20-18.26.22:747][  0]LogUdpMessaging: Initializing bridge on interface 0.0.0.0:0 to multicast group 230.0.0.1:6666.
[2016.09.20-18.26.22:971][  0]SourceControl: Info Source control is disabled
[2016.09.20-18.26.23:004][  0]SourceControl: Info Source control is disabled
[2016.09.20-18.26.23:011][  0]SourceControl: Info Source control is disabled
[2016.09.20-18.26.23:017][  0]SourceControl: Info Source control is disabled
[2016.09.20-18.26.23:203][  0]LogEngine: Initializing Engine...
[2016.09.20-18.26.23:204][  0]LogHMD: SteamVR failed to initialize.  Err: 110
[2016.09.20-18.26.23:204][  0]LogHMD: SteamVR failed to initialize.  Err: 110
[2016.09.20-18.26.23:337][  0]LogAIModule: Creating AISystem for world NewWorld
[2016.09.20-18.26.23:342][  0]LogInit: XAudio2 using 'Speakers (Realtek High Definition Audio)' : 2 channels at 48 kHz using 32 bits per sample (channel mask 0x3)
[2016.09.20-18.26.23:372][  0]LogInit: FAudioDevice initialized.
[2016.09.20-18.26.23:396][  0]LogDerivedDataCache: Saved boot cache 0.02s 48MB C:/Users/William/AppData/Local/UnrealEngine/4.12/DerivedDataCache/Boot.ddc.
[2016.09.20-18.26.23:401][  0]LogInit: Texture streaming: Enabled
[2016.09.20-18.26.23:422][  0]LogInit: Transaction tracking system initialized
[2016.09.20-18.26.23:442][  0]BlueprintLog: New page: Editor Load
[2016.09.20-18.26.23:514][  0]LocalizationService: Info Localization service is disabled
[2016.09.20-18.26.23:575][  0]LogConsoleResponse:Display: 
[2016.09.20-18.26.23:686][  0]LogCook:Display: Max memory allowance for cook 8192mb
[2016.09.20-18.26.23:686][  0]LogCook:Display: Mobile HDR setting 1
[2016.09.20-18.26.23:775][  0]LogFileCache: Scanning file cache for directory 'C:/Users/William/Documents/Unreal Projects/PointyStick/Content/' took 0.01s
[2016.09.20-18.26.23:775][  0]SourceControl: Info Source control is disabled
[2016.09.20-18.26.23:775][  0]Cmd: MAP LOAD FILE="../../../Engine/Content/Maps/Templates/Template_Default.umap" TEMPLATE=1 SHOWPROGRESS=1 FEATURELEVEL=3
[2016.09.20-18.26.23:776][  0]LightingResults: New page: Lighting Build
[2016.09.20-18.26.23:779][  0]MapCheck: New page: Map Check
[2016.09.20-18.26.23:779][  0]LightingResults: New page: Lighting Build
[2016.09.20-18.26.23:995][  0]LogAIModule: Creating AISystem for world Untitled_1
[2016.09.20-18.26.24:000][  0]LogEditorServer: Finished looking for orphan Actors (0.000 secs)
[2016.09.20-18.26.24:004][  0]Cmd: MAP CHECKDEP NOCLEARLOG
[2016.09.20-18.26.24:093][  0]MapCheck: Info Map check complete: 0 Error(s), 0 Warning(s), took 88.576ms to complete.
[2016.09.20-18.26.24:093][  0]LogFileHelpers: Loading map 'Template_Default' took 0.318
[2016.09.20-18.26.24:215][  0]LogCollectionManager: Loaded 0 collections in 0.001574 seconds
[2016.09.20-18.26.24:254][  0]LogFileCache: Scanning file cache for directory 'C:/Users/William/Documents/Unreal Projects/PointyStick/Saved/Collections/' took 0.01s
[2016.09.20-18.26.24:254][  0]LogFileCache: Scanning file cache for directory 'C:/Users/William/Documents/Unreal Projects/PointyStick/Content/Developers/William/Collections/' took 0.01s
[2016.09.20-18.26.24:254][  0]LogFileCache: Scanning file cache for directory 'C:/Users/William/Documents/Unreal Projects/PointyStick/Content/Collections/' took 0.01s
[2016.09.20-18.26.24:254][  0]LogCollectionManager: Rebuilt the GUID cache for 0 collections in 0.000003 seconds
[2016.09.20-18.26.24:262][  0]LogContentBrowser: Native class hierarchy populated in 0.0076 seconds. Added 2047 classes and 369 folders.
[2016.09.20-18.26.24:266][  0]LogStats: UGameplayTagsManager::ConstructGameplayTagTree: Construct from data asset -  0.000 s
[2016.09.20-18.26.24:266][  0]LogStats: UGameplayTagsManager::ConstructGameplayTagTree: GameplayTagTreeChangedEvent.Broadcast -  0.000 s
[2016.09.20-18.26.24:266][  0]LogContentBrowser: Native class hierarchy updated for 'GameplayTags' in 0.0004 seconds. Added 12 classes and 0 folders.
[2016.09.20-18.26.24:271][  0]LogContentBrowser: Native class hierarchy updated for 'WidgetCarousel' in 0.0004 seconds. Added 0 classes and 0 folders.
[2016.09.20-18.26.24:334][  0]LogContentBrowser: Native class hierarchy updated for 'AddContentDialog' in 0.0005 seconds. Added 0 classes and 0 folders.
[2016.09.20-18.26.24:337][  0]LogContentBrowser: Native class hierarchy updated for 'SceneOutliner' in 0.0004 seconds. Added 1 classes and 2 folders.
[2016.09.20-18.26.24:350][  0]LogCrashTracker: Crashtracker disabled due to settings.
[2016.09.20-18.26.24:355][  0]LogUObjectGlobals:Warning: Failed to find object 'Class None.'
[2016.09.20-18.26.24:382][  0]LogContentBrowser: Native class hierarchy updated for 'HierarchicalLODOutliner' in 0.0004 seconds. Added 1 classes and 2 folders.
[2016.09.20-18.26.24:382][  0]LogLoad: Full Startup: 5.95 seconds (BP compile: 0.03 seconds)
[2016.09.20-18.26.24:382][  0]LogExternalProfiler: Found external profiler: VSPerf
[2016.09.20-18.26.24:382][  0]LogExternalProfiler: Using external profiler: VSPerf
[2016.09.20-18.26.24:391][  0]LogWindowsTextInputMethodSystem:Display: IME system now deactivated.
[2016.09.20-18.26.24:391][  0]LogOcInput: OculusInput pre-init called
[2016.09.20-18.26.24:410][  0]LogContentStreaming: Texture pool size now 1000 MB
[2016.09.20-18.26.24:554][  0]LogRenderer: Reallocating scene render targets to support 1208x576 (Frame:2).
[2016.09.20-18.26.24:609][  1]LogAssetRegistry: Asset discovery search completed in 3.1320 seconds
[2016.09.20-18.26.24:609][  1]LogCollectionManager: Rebuilt the object cache for 0 collections in 0.000001 seconds (found 0 objects)
[2016.09.20-18.26.24:609][  1]LogCollectionManager: Fixed up redirectors for 0 collections in 0.000036 seconds (updated 0 objects)
[2016.09.20-18.26.29:652][597]LogAIModule: Creating AISystem for world KeyPressDemo
[2016.09.20-18.26.29:671][597]Cmd: MAP LOAD FILE="../../../../../../Users/William/Documents/Unreal Projects/PointyStick/Content/KeyPressDemo.umap" TEMPLATE=0 SHOWPROGRESS=1 FEATURELEVEL=3
[2016.09.20-18.26.29:671][597]LightingResults: New page: Lighting Build
[2016.09.20-18.26.29:673][597]LoadErrors: New page: Loading map: KeyPressDemo.umap
[2016.09.20-18.26.29:673][597]MapCheck: New page: Map Check
[2016.09.20-18.26.29:674][597]LightingResults: New page: Lighting Build
[2016.09.20-18.26.29:684][597]LogEditorServer: Finished looking for orphan Actors (0.000 secs)
[2016.09.20-18.26.29:693][597]Cmd: MAP CHECKDEP NOCLEARLOG
[2016.09.20-18.26.29:764][597]MapCheck: Info Map check complete: 0 Error(s), 0 Warning(s), took 70.989ms to complete.
[2016.09.20-18.26.29:764][597]LogFileHelpers: Loading map 'KeyPressDemo' took 0.093
[2016.09.20-18.26.30:749][712]LogBlueprintUserMessages: Early PlayInEditor Detection: Level '/Game/KeyPressDemo.KeyPressDemo:PersistentLevel' has LevelScriptBlueprint '/Game/KeyPressDemo.KeyPressDemo:PersistentLevel.KeyPressDemo' with GeneratedClass '/Game/KeyPressDemo.KeyPressDemo_C' with ClassGeneratedBy '/Game/KeyPressDemo.KeyPressDemo:PersistentLevel.KeyPressDemo'
[2016.09.20-18.26.30:749][712]LogPlayLevel: PlayLevel: No blueprints needed recompiling
[2016.09.20-18.26.30:749][712]PIE: New page: PIE session: KeyPressDemo (Sep 20, 2016, 9:26:30 PM)
[2016.09.20-18.26.30:749][712]LogPlayLevel: Creating play world package: /Game/UEDPIE_0_KeyPressDemo
[2016.09.20-18.26.30:751][712]LogPlayLevel: PIE: StaticDuplicateObject took: (0.002285s)
[2016.09.20-18.26.30:752][712]LogAIModule: Creating AISystem for world KeyPressDemo
[2016.09.20-18.26.30:752][712]LogPlayLevel: PIE: World Init took: (0.000691s)
[2016.09.20-18.26.30:752][712]LogPlayLevel: PIE: Created PIE world by copying editor world from /Game/KeyPressDemo.KeyPressDemo to /Game/UEDPIE_0_KeyPressDemo.KeyPressDemo (0.003184s)
[2016.09.20-18.26.30:761][712]LogInit: XAudio2 using 'Speakers (Realtek High Definition Audio)' : 2 channels at 48 kHz using 32 bits per sample (channel mask 0x3)
[2016.09.20-18.26.30:771][712]LogInit: FAudioDevice initialized.
[2016.09.20-18.26.30:833][712]LogWorld: Game class is 'GameMode'
[2016.09.20-18.26.30:836][712]LogWorld: Bringing World /Game/UEDPIE_0_KeyPressDemo.KeyPressDemo up for play (max tick rate 0) at 2016.09.20-20.26.30
[2016.09.20-18.26.30:837][712]LogWorld: Bringing up level for play took: 0.001770
[2016.09.20-18.26.30:840][712]LogContentBrowser: Native class hierarchy updated for 'MovieSceneCapture' in 0.0004 seconds. Added 11 classes and 0 folders.
[2016.09.20-18.26.30:841][712]PIE: Info Play in editor start time for /Game/UEDPIE_0_KeyPressDemo -0.869
[2016.09.20-18.26.30:842][712]LogBlueprintUserMessages: Late PlayInEditor Detection: Level '/Game/KeyPressDemo.KeyPressDemo:PersistentLevel' has LevelScriptBlueprint '/Game/KeyPressDemo.KeyPressDemo:PersistentLevel.KeyPressDemo' with GeneratedClass '/Game/KeyPressDemo.KeyPressDemo_C' with ClassGeneratedBy '/Game/KeyPressDemo.KeyPressDemo:PersistentLevel.KeyPressDemo'
[2016.09.20-18.26.31:846][831]LogBlueprintUserMessages: [KeyPressDemo_C_0] Key was pressed
[2016.09.20-18.26.31:863][833]LogBlueprintUserMessages: [KeyPressDemo_C_0] Key was pressed
[2016.09.20-18.26.33:321][  8]LogBlueprintUserMessages: [KeyPressDemo_C_0] Key was pressed
[2016.09.20-18.26.33:738][ 58]LogBlueprintUserMessages: [KeyPressDemo_C