Log file open, 09/21/16 11:06:33
LogInit:Display: Running engine for game: PointyStick
LogPlatformFile: Not using cached read wrapper
LogInit:Display: RandInit(-207061858) SRandInit(-207061822).
LogTaskGraph: Started task graph with 4 named threads and 7 total threads with 1 sets of task threads.
LogStats: Stats thread started at 0.080054
LogInit: Version: 4.12.5-3039270+++UE4+Release-4.12
LogInit: API Version: 2992821
LogInit: Net Version: 3039270
LogDevObjectVersion: Number of dev versions registered: 13
LogDevObjectVersion:   Dev-Blueprints (B0D832E4-1F89-4F0D-ACCF-7EB736FD4AA2): 3
LogDevObjectVersion:   Dev-Build (E1C64328-A22C-4D53-A36C-8E866417BD8C): 0
LogDevObjectVersion:   Dev-Core (375EC13C-06E4-48FB-B500-84F0262A717E): 1
LogDevObjectVersion:   Dev-Editor (E4B068ED-F494-42E9-A231-DA0B2E46BB41): 2
LogDevObjectVersion:   Dev-Framework (CFFC743F-43B0-4480-9391-14DF171D2073): 6
LogDevObjectVersion:   Dev-Mobile (B02B49B5-BB20-44E9-A304-32B752E40360): 0
LogDevObjectVersion:   Dev-Networking (A4E4105C-59A1-49B5-A7C5-40C4547EDFEE): 0
LogDevObjectVersion:   Dev-Online (39C831C9-5AE6-47DC-9A44-9C173E1C8E7C): 0
LogDevObjectVersion:   Dev-Physics (78F01B33-EBEA-4F98-B9B4-84EACCB95AA2): 0
LogDevObjectVersion:   Dev-Platform (6631380F-2D4D-43E0-8009-CF276956A95A): 0
LogDevObjectVersion:   Dev-Rendering (12F88B9F-8875-4AFC-A67C-D90C383ABD29): 2
LogDevObjectVersion:   Dev-Sequencer (7B5AE74C-D270-4C10-A958-57980B212A5A): 0
LogDevObjectVersion:   Dev-VR (D7296918-1DD6-4BDD-9DE2-64A83CC13884): 0
LogInit: Compiled (64-bit): Jul  6 2016 09:09:46
LogInit: Compiled with Visual C++: 19.00.23026.00
LogInit: Build Configuration: Development
LogInit: Branch Name: ++UE4+Release-4.12
LogInit: Command line: -EpicPortal 
LogInit: Base directory: C:/Program Files (x86)/Epic Games/4.12/Engine/Binaries/Win64/
LogInit: Installed Engine Build: 1
LogInit: Using libcurl 7.41.0
LogInit:  - built for x86_64-pc-win32
LogInit:  - supports SSL with WinSSL
LogInit:  - other features:
LogInit:      CURL_VERSION_SSL
LogInit:      CURL_VERSION_IPV6
LogInit:      CURL_VERSION_ASYNCHDNS
LogInit:      CURL_VERSION_LARGEFILE
LogInit:      CURL_VERSION_IDN
LogInit:  CurlRequestOptions (configurable via config and command line):
LogInit:  - bVerifyPeer = true  - Libcurl will verify peer certificate
LogInit:  - bUseHttpProxy = false  - Libcurl will NOT use HTTP proxy
LogInit:  - bDontReuseConnections = false  - Libcurl will reuse connections
LogInit:  - CertBundlePath = nullptr  - Libcurl will use whatever was configured at build time.
LogInit: Presizing for max 8388607 objects, including 0 objects not considered by GC, pre-allocating 0 bytes for permanent pool.
LogInit: Object subsystem initialized
[2016.09.21-09.06.33:799][  0]LogInit: Selected Device Profile: [Windows]
[2016.09.21-09.06.33:799][  0]LogInit: Applying CVar settings loaded from the selected device profile: [Windows]
[2016.09.21-09.06.33:811][  0]LogInit: Computer: DESKTOP-EB3M7AR
[2016.09.21-09.06.33:811][  0]LogInit: User: OpenVR
[2016.09.21-09.06.33:811][  0]LogInit: CPU Page size=65536, Cores=4
[2016.09.21-09.06.33:811][  0]LogInit: High frequency timer resolution =2.648439 MHz
[2016.09.21-09.06.33:811][  0]LogMemory: Memory total: Physical=7.9GB (8GB approx)
[2016.09.21-09.06.33:811][  0]LogMemory: Platform Memory Stats for Windows
[2016.09.21-09.06.33:811][  0]LogMemory: Process Physical Memory: 189.89 MB used, 189.89 MB peak
[2016.09.21-09.06.33:811][  0]LogMemory: Process Virtual Memory: 195.08 MB used, 195.08 MB peak
[2016.09.21-09.06.33:811][  0]LogMemory: Physical Memory: 5352.02 MB used, 8121.53 MB total
[2016.09.21-09.06.33:811][  0]LogMemory: Virtual Memory: 553.95 MB used, 134217728.00 MB total
[2016.09.21-09.06.33:850][  0]LogTextLocalizationManager: No specific translations for ('en-GB') exist, so ('en') translations will be used.
[2016.09.21-09.06.34:268][  0]LogD3D11RHI: D3D11 adapters:
[2016.09.21-09.06.34:294][  0]LogD3D11RHI:    0. 'NVIDIA GeForce GTX 1070' (Feature Level 11_0)
[2016.09.21-09.06.34:294][  0]LogD3D11RHI:       8085/0/4060 MB DedicatedVideo/DedicatedSystem/SharedSystem, Outputs:1, VendorId:0x10de
[2016.09.21-09.06.34:296][  0]LogD3D11RHI:    1. 'Microsoft Basic Render Driver' (Feature Level 11_0)
[2016.09.21-09.06.34:296][  0]LogD3D11RHI:       0/0/4060 MB DedicatedVideo/DedicatedSystem/SharedSystem, Outputs:0, VendorId:0x1414
[2016.09.21-09.06.34:296][  0]LogD3D11RHI: Chosen D3D11 Adapter: 0
[2016.09.21-09.06.34:301][  0]LogD3D11RHI: Creating new Direct3DDevice
[2016.09.21-09.06.34:302][  0]LogD3D11RHI:     GPU DeviceId: 0x1b81 (for the marketing name, search the web for "GPU Device Id")
[2016.09.21-09.06.34:302][  0]LogWindows: EnumDisplayDevices:
[2016.09.21-09.06.34:302][  0]LogWindows:    0. 'NVIDIA GeForce GTX 1070' (P:1 D:1)
[2016.09.21-09.06.34:302][  0]LogWindows:    1. 'NVIDIA GeForce GTX 1070' (P:0 D:0)
[2016.09.21-09.06.34:302][  0]LogWindows:    2. 'NVIDIA GeForce GTX 1070' (P:0 D:0)
[2016.09.21-09.06.34:302][  0]LogWindows:    3. 'NVIDIA GeForce GTX 1070' (P:0 D:0)
[2016.09.21-09.06.34:303][  0]LogWindows: DebugString: FoundDriverCount:4 
[2016.09.21-09.06.34:303][  0]LogD3D11RHI:     Adapter Name: NVIDIA GeForce GTX 1070
[2016.09.21-09.06.34:303][  0]LogD3D11RHI:   Driver Version: 368.39 (internal:10.18.13.6839, unified:368.39)
[2016.09.21-09.06.34:303][  0]LogD3D11RHI:      Driver Date: 6-2-2016
[2016.09.21-09.06.34:303][  0]LogRHI: Texture pool is 1361 MB (70% of 1945 MB)
[2016.09.21-09.06.34:320][  0]LogD3D11RHI: Async texture creation enabled
[2016.09.21-09.06.34:329][  0]LogD3D11RHI: GPU Timing Frequency: 1000.000000 (Debug: 2 1)
[2016.09.21-09.06.34:330][  0]LogShaderCompilers: Guid format shader working directory is -34 characters bigger than the processId version (../../../../../../Users/OpenVR/Documents/Unreal Projects/PointyStick-keyPressDemo/Intermediate/Shaders/WorkingDirectory/8152/).
[2016.09.21-09.06.34:330][  0]LogShaderCompilers: Cleaned the shader compiler working directory 'C:/Users/OpenVR/AppData/Local/Temp/UnrealShaderWorkingDir/6F061B5E41D38FDB424392814371544C/'.
[2016.09.21-09.06.34:330][  0]LogShaderCompilers:Display: Using Local Shader Compiler.
[2016.09.21-09.06.35:334][  0]LogTemp:Display: Loaded TP AllDesktopTargetPlatform
[2016.09.21-09.06.35:343][  0]LogTemp:Display: Loaded TP WindowsClientTargetPlatform
[2016.09.21-09.06.35:354][  0]LogTemp:Display: Loaded TP WindowsNoEditorTargetPlatform
[2016.09.21-09.06.35:364][  0]LogTemp:Display: Loaded TP WindowsServerTargetPlatform
[2016.09.21-09.06.35:375][  0]LogTemp:Display: Loaded TP WindowsTargetPlatform
[2016.09.21-09.06.35:383][  0]LogTemp:Display: Loaded TP AndroidTargetPlatform
[2016.09.21-09.06.35:392][  0]LogTemp:Display: Loaded TP Android_ASTCTargetPlatform
[2016.09.21-09.06.35:400][  0]LogTemp:Display: Loaded TP Android_ATCTargetPlatform
[2016.09.21-09.06.35:409][  0]LogTemp:Display: Loaded TP Android_DXTTargetPlatform
[2016.09.21-09.06.35:417][  0]LogTemp:Display: Loaded TP Android_ETC1TargetPlatform
[2016.09.21-09.06.35:426][  0]LogTemp:Display: Loaded TP Android_ETC2TargetPlatform
[2016.09.21-09.06.35:442][  0]LogTemp:Display: Loaded TP Android_MultiTargetPlatform
[2016.09.21-09.06.35:442][  0]LogTemp:Display: Loaded TP Android_PVRTCTargetPlatform
[2016.09.21-09.06.35:444][  0]LogTemp:Display: Loaded TP HTML5TargetPlatform
[2016.09.21-09.06.35:466][  0]LogTemp:Display: Loaded TP IOSTargetPlatform
[2016.09.21-09.06.35:474][  0]LogTemp:Display: Loaded TP TVOSTargetPlatform
[2016.09.21-09.06.35:483][  0]LogTemp:Display: Loaded TP LinuxNoEditorTargetPlatform
[2016.09.21-09.06.35:492][  0]LogTemp:Display: Loaded TP LinuxServerTargetPlatform
[2016.09.21-09.06.35:501][  0]LogTemp:Display: Loaded TP LinuxTargetPlatform
[2016.09.21-09.06.35:501][  0]LogTargetPlatformManager:Display: Building Assets For Windows
[2016.09.21-09.06.35:586][  0]LogDerivedDataCache:Display: Max Cache Size: 512 MB
[2016.09.21-09.06.35:635][  0]LogDerivedDataCache: Loaded boot cache 0.05s 48MB C:/Users/OpenVR/AppData/Local/UnrealEngine/4.12/DerivedDataCache/Boot.ddc.
[2016.09.21-09.06.35:635][  0]LogDerivedDataCache:Display: Loaded Boot cache: C:/Users/OpenVR/AppData/Local/UnrealEngine/4.12/DerivedDataCache/Boot.ddc
[2016.09.21-09.06.35:635][  0]LogDerivedDataCache: FDerivedDataBackendGraph:  Pak pak cache file ../../../../../../Users/OpenVR/Documents/Unreal Projects/PointyStick-keyPressDemo/DerivedDataCache/DDC.ddp not found, will not use a pak cache.
[2016.09.21-09.06.35:635][  0]LogDerivedDataCache: Unable to find inner node Pak for hierarchical cache Hierarchy.
[2016.09.21-09.06.35:636][  0]LogDerivedDataCache: FDerivedDataBackendGraph:  CompressedPak pak cache file ../../../../../../Users/OpenVR/Documents/Unreal Projects/PointyStick-keyPressDemo/DerivedDataCache/Compressed.ddp not found, will not use a pak cache.
[2016.09.21-09.06.35:636][  0]LogDerivedDataCache: Unable to find inner node CompressedPak for hierarchical cache Hierarchy.
[2016.09.21-09.06.35:654][  0]LogDerivedDataCache:Display: Pak cache opened for reading ../../../Engine/DerivedDataCache/Compressed.ddp.
[2016.09.21-09.06.35:668][  0]LogDerivedDataCache: Using Local data cache path C:/Users/OpenVR/AppData/Local/UnrealEngine/Common/DerivedDataCache: Writable
[2016.09.21-09.06.35:877][  0]LogInit: Selected Device Profile: [Windows]
[2016.09.21-09.06.35:878][  0]LogContentStreaming: Texture pool size is 0.00 MB
[2016.09.21-09.06.36:055][  0]LogMeshUtilities: No automatic mesh reduction module available
[2016.09.21-09.06.36:055][  0]LogMeshUtilities: No automatic mesh merging module available
[2016.09.21-09.06.36:055][  0]LogMeshUtilities: No distributed automatic mesh merging module available
[2016.09.21-09.06.36:302][  0]LogAssetRegistry: FAssetRegistry took 0.0214 seconds to start up
[2016.09.21-09.06.36:356][  0]LogPackageLocalizationCache: Processed 3 localized package path(s) for 2 prioritized culture(s) in 0.052377 seconds
[2016.09.21-09.06.36:361][  0]LogUObjectArray: 28739 objects as part of root set at end of initial load.
[2016.09.21-09.06.36:361][  0]LogUObjectAllocator: 5855632 out of 0 bytes used by permanent object pool.
[2016.09.21-09.06.36:361][  0]LogUObjectArray: CloseDisregardForGC: 0/0 objects in disregard for GC pool
[2016.09.21-09.06.36:368][  0]LogInit: WinSock: version 1.1 (2.2), MaxSocks=32767, MaxUdp=65467
[2016.09.21-09.06.36:547][  0]LogSlate: SlateFontCache - WITH_FREETYPE: 1, WITH_HARFBUZZ: 1
[2016.09.21-09.06.36:547][  0]LogSlate: SlateFontCache - WITH_FREETYPE: 1, WITH_HARFBUZZ: 1
[2016.09.21-09.06.37:392][  0]LogUdpMessaging: Initializing bridge on interface 0.0.0.0:0 to multicast group 230.0.0.1:6666.
[2016.09.21-09.06.37:633][  0]SourceControl: Info Source control is disabled
[2016.09.21-09.06.37:691][  0]SourceControl: Info Source control is disabled
[2016.09.21-09.06.37:703][  0]SourceControl: Info Source control is disabled
[2016.09.21-09.06.37:713][  0]SourceControl: Info Source control is disabled
[2016.09.21-09.06.37:964][  0]LogEngine: Initializing Engine...
[2016.09.21-09.06.43:014][  0]LogHMD: SteamVR failed to initialize.  Err: 308
[2016.09.21-09.06.48:063][  0]LogHMD: SteamVR failed to initialize.  Err: 308
[2016.09.21-09.06.48:217][  0]LogAIModule: Creating AISystem for world NewWorld
[2016.09.21-09.06.48:228][  0]LogInit: XAudio2 using 'Speakers (USB Audio Device)' : 2 channels at 44.1 kHz using 16 bits per sample (channel mask 0x3)
[2016.09.21-09.06.48:240][  0]LogInit: FAudioDevice initialized.
[2016.09.21-09.06.48:267][  0]LogDerivedDataCache: Saved boot cache 0.03s 48MB C:/Users/OpenVR/AppData/Local/UnrealEngine/4.12/DerivedDataCache/Boot.ddc.
[2016.09.21-09.06.48:273][  0]LogInit: Texture streaming: Enabled
[2016.09.21-09.06.48:302][  0]LogInit: Transaction tracking system initialized
[2016.09.21-09.06.48:328][  0]BlueprintLog: New page: Editor Load
[2016.09.21-09.06.48:412][  0]LocalizationService: Info Localization service is disabled
[2016.09.21-09.06.48:483][  0]LogConsoleResponse:Display: 
[2016.09.21-09.06.48:596][  0]LogCook:Display: Max memory allowance for cook 8192mb
[2016.09.21-09.06.48:596][  0]LogCook:Display: Mobile HDR setting 1
[2016.09.21-09.06.48:711][  0]LogFileCache: Scanning file cache for directory 'C:/Users/OpenVR/Documents/Unreal Projects/PointyStick-keyPressDemo/Content/' took 0.01s
[2016.09.21-09.06.48:711][  0]SourceControl: Info Source control is disabled
[2016.09.21-09.06.48:711][  0]Cmd: MAP LOAD FILE="../../../Engine/Content/Maps/Templates/Template_Default.umap" TEMPLATE=1 SHOWPROGRESS=1 FEATURELEVEL=3
[2016.09.21-09.06.48:712][  0]LightingResults: New page: Lighting Build
[2016.09.21-09.06.48:714][  0]MapCheck: New page: Map Check
[2016.09.21-09.06.48:715][  0]LightingResults: New page: Lighting Build
[2016.09.21-09.06.48:945][  0]LogAIModule: Creating AISystem for world Untitled_1
[2016.09.21-09.06.48:950][  0]LogEditorServer: Finished looking for orphan Actors (0.000 secs)
[2016.09.21-09.06.48:955][  0]Cmd: MAP CHECKDEP NOCLEARLOG
[2016.09.21-09.06.49:018][  0]MapCheck: Info Map check complete: 0 Error(s), 0 Warning(s), took 63.461ms to complete.
[2016.09.21-09.06.49:018][  0]LogFileHelpers: Loading map 'Template_Default' took 0.307
[2016.09.21-09.06.49:155][  0]LogCollectionManager: Loaded 0 collections in 0.001906 seconds
[2016.09.21-09.06.49:196][  0]LogFileCache: Scanning file cache for directory 'C:/Users/OpenVR/Documents/Unreal Projects/PointyStick-keyPressDemo/Saved/Collections/' took 0.01s
[2016.09.21-09.06.49:196][  0]LogFileCache: Scanning file cache for directory 'C:/Users/OpenVR/Documents/Unreal Projects/PointyStick-keyPressDemo/Content/Developers/OpenVR/Collections/' took 0.01s
[2016.09.21-09.06.49:196][  0]LogFileCache: Scanning file cache for directory 'C:/Users/OpenVR/Documents/Unreal Projects/PointyStick-keyPressDemo/Content/Collections/' took 0.01s
[2016.09.21-09.06.49:196][  0]LogCollectionManager: Rebuilt the GUID cache for 0 collections in 0.000002 seconds
[2016.09.21-09.06.49:204][  0]LogContentBrowser: Native class hierarchy populated in 0.0076 seconds. Added 2047 classes and 369 folders.
[2016.09.21-09.06.49:208][  0]LogStats: UGameplayTagsManager::ConstructGameplayTagTree: Construct from data asset -  0.000 s
[2016.09.21-09.06.49:208][  0]LogStats: UGameplayTagsManager::ConstructGameplayTagTree: GameplayTagTreeChangedEvent.Broadcast -  0.000 s
[2016.09.21-09.06.49:209][  0]LogContentBrowser: Native class hierarchy updated for 'GameplayTags' in 0.0005 seconds. Added 12 classes and 0 folders.
[2016.09.21-09.06.49:213][  0]LogContentBrowser: Native class hierarchy updated for 'WidgetCarousel' in 0.0004 seconds. Added 0 classes and 0 folders.
[2016.09.21-09.06.49:223][  0]LogContentBrowser: Native class hierarchy updated for 'AddContentDialog' in 0.0004 seconds. Added 0 classes and 0 folders.
[2016.09.21-09.06.49:228][  0]LogContentBrowser: Native class hierarchy updated for 'SceneOutliner' in 0.0006 seconds. Added 1 classes and 2 folders.
[2016.09.21-09.06.49:242][  0]LogCrashTracker: Crashtracker disabled due to settings.
[2016.09.21-09.06.49:246][  0]LogUObjectGlobals:Warning: Failed to find object 'Class None.'
[2016.09.21-09.06.49:273][  0]LogContentBrowser: Native class hierarchy updated for 'HierarchicalLODOutliner' in 0.0005 seconds. Added 1 classes and 2 folders.
[2016.09.21-09.06.49:274][  0]LogLoad: Full Startup: 16.23 seconds (BP compile: 0.03 seconds)
[2016.09.21-09.06.49:274][  0]LogExternalProfiler: Found external profiler: VSPerf
[2016.09.21-09.06.49:274][  0]LogExternalProfiler: Using external profiler: VSPerf
[2016.09.21-09.06.49:285][  0]LogWindowsTextInputMethodSystem:Display: IME system now deactivated.
[2016.09.21-09.06.49:285][  0]LogOcInput: OculusInput pre-init called
[2016.09.21-09.06.49:304][  0]LogContentStreaming: Texture pool size now 1000 MB
[2016.09.21-09.06.49:426][  1]LogAssetRegistry: Asset discovery search completed in 13.1462 seconds
[2016.09.21-09.06.49:427][  1]LogCollectionManager: Rebuilt the object cache for 0 collections in 0.000001 seconds (found 0 objects)
[2016.09.21-09.06.49:427][  1]LogCollectionManager: Fixed up redirectors for 0 collections in 0.000064 seconds (updated 0 objects)
[2016.09.21-09.06.49:449][  2]LogRenderer: Reallocating scene render targets to support 808x368 (Frame:2).
[2016.09.21-09.07.01:448][421]LogAIModule: Creating AISystem for world KeyPressDemo
[2016.09.21-09.07.01:469][421]Cmd: MAP LOAD FILE="../../../../../../Users/OpenVR/Documents/Unreal Projects/PointyStick-keyPressDemo/Content/KeyPressDemo.umap" TEMPLATE=0 SHOWPROGRESS=1 FEATURELEVEL=3
[2016.09.21-09.07.01:469][421]LightingResults: New page: Lighting Build
[2016.09.21-09.07.01:470][421]LoadErrors: New page: Loading map: KeyPressDemo.umap
[2016.09.21-09.07.01:470][421]MapCheck: New page: Map Check
[2016.09.21-09.07.01:470][421]LightingResults: New page: Lighting Build
[2016.09.21-09.07.01:482][421]LogEditorServer: Finished looking for orphan Actors (0.000 secs)
[2016.09.21-09.07.01:500][421]Cmd: MAP CHECKDEP NOCLEARLOG
[2016.09.21-09.07.01:568][421]MapCheck: Info Map check complete: 0 Error(s), 0 Warning(s), took 66.981ms to complete.
[2016.09.21-09.07.01:568][421]LogFileHelpers: Loading map 'KeyPressDemo' took 0.099
[2016.09.21-09.07.06:295][984]LogText:Warning: Failed to parse argument "GameModeName" as a number (using "0" as a fallback). Please check your format string for errors: "GameMode: {GameModeName}".
[2016.09.21-09.07.07:436][ 76]LogContentBrowser: Native class hierarchy updated for 'BlueprintGraph' in 0.0010 seconds. Added 111 classes and 0 folders.
[2016.09.21-09.09.59:716][722]LogSavePackage: Save=149.91ms
[2016.09.21-09.09.59:716][722]LogSavePackage: Moving '../../../../../../Users/OpenVR/Documents/Unreal Projects/PointyStick-keyPressDemo/Saved/KeyPressDemoAEE5493F43FD71AE561B0FAC4EABB2BD.tmp' to '../../../../../../Users/OpenVR/Documents/Unreal Projects/PointyStick-keyPressDemo/Content/KeyPressDemo.umap'
[2016.09.21-09.09.59:721][722]LogSavePackage:Display: Finished SavePackage ../../../../../../Users/OpenVR/Documents/Unreal Projects/PointyStick-keyPressDemo/Content/KeyPressDemo.umap
[2016.09.21-09.09.59:754][722]LogFileHelpers: Saving map 'KeyPressDemo' took 0.280
[2016.09.21-09.10.02:581][ 49]LogBlueprintUserMessages: Early PlayInEditor Detection: Level '/Game/KeyPressDemo.KeyPressDemo:PersistentLevel' has LevelScriptBlueprint '/Game/KeyPressDemo.KeyPressDemo:PersistentLevel.KeyPressDemo' with GeneratedClass '/Game/KeyPressDemo.KeyPressDemo_C' with ClassGeneratedBy '/Game/KeyPressDemo.KeyPressDemo:PersistentLevel.KeyPressDemo'
[2016.09.21-09.10.02:581][ 49]LogPlayLevel: PlayLevel: No blueprints needed recompiling
[2016.09.21-09.10.02:582][ 49]PIE: New page: PIE session: KeyPressDemo (21 Sep 2016 12:10:02)
[2016.09.21-09.10.02:582][ 49]LogPlayLevel: Creating play world package: /Game/UEDPIE_0_KeyPressDemo
[2016.09.21-09.10.02:587][ 49]LogPlayLevel: PIE: StaticDuplicateObject took: (0.005442s)
[2016.09.21-09.10.02:588][ 49]LogAIModule: Creating AISystem for world KeyPressDemo
[2016.09.21-09.10.02:588][ 49]LogPlayLevel: PIE: World Init took: (0.000777s)
[2016.09.21-09.10.02:588][ 49]LogPlayLevel: PIE: Created PIE world by copying editor world from /Game/KeyPressDemo.KeyPressDemo to /Game/UEDPIE_0_KeyPressDemo.KeyPressDemo (0.006496s)
[2016.09.21-09.10.02:613][ 49]LogInit: XAudio2 using 'Speakers (USB Audio Device)' : 2 channels at 44.1 kHz using 16 bits per sample (channel mask 0x3)
[2016.09.21-09.10.02:622][ 49]LogInit: FAudioDevice initialized.
[2016.09.21-09.10.02:682][ 49]LogWorld: Game class is 'GameMode'
[2016.09.21-09.10.02:684][ 49]LogWorld: Bringing World /Game/UEDPIE_0_KeyPressDemo.KeyPressDemo up for play (max tick rate 0) at 2016.09.21-11.10.02
[2016.09.21-09.10.02:685][ 49]LogWorld: Bringing up level for play took: 0.001808
[2016.09.21-09.10.02:691][ 49]LogContentBrowser: Native class hierarchy updated for 'MovieSceneCapture' in 0.0006 seconds. Added 11 classes and 0 folders.
[2016.09.21-09.10.02:692][ 49]PIE: Info Play in editor start time for /Game/UEDPIE_0_KeyPressDemo -0.209
[2016.09.21-09.10.02:692][ 49]LogBlueprintUserMessages: Late PlayInEditor Detection: Level '/Game/KeyPressDemo.KeyPressDemo:PersistentLevel' has LevelScriptBlueprint '/Game/KeyPressDemo.KeyPressDemo:PersistentLevel.KeyPressDemo' with GeneratedClass '/Game/KeyPressDemo.KeyPressDemo_C' with ClassGeneratedBy '/Game/KeyPressDemo.KeyPressDemo:PersistentLevel.KeyPressDemo'
[2016.09.21-09.10.28:071][776]LogBlueprintUserMessages: Early EndPlayMap Detection: Level '/Game/KeyPressDemo.KeyPressDemo:PersistentLevel' has LevelScriptBlueprint '/Game/KeyPressDemo.KeyPressDemo:PersistentLevel.KeyPressDemo' with GeneratedClass '/Game/KeyPressDemo.KeyPressDemo_C' with ClassGeneratedBy '/Game/KeyPressDemo.KeyPressDemo:PersistentLevel.KeyPressDemo'
[2016.09.21-09.10.28:107][776]LogBlueprintUserMessages: Late EndPlayMap Detection: Level '/Game/KeyPressDemo.KeyPressDemo:PersistentLevel' has LevelScriptBlueprint '/Game/KeyPressDemo.KeyPressDemo:PersistentLevel.KeyPressDemo' with GeneratedClass '/Game/KeyPressDemo.KeyPressDemo_C' with ClassGeneratedBy '/Game/KeyPressDemo.KeyPressDemo:PersistentLevel.KeyPressDemo'
[2016.09.21-09.10.29:627][953]Cmd: MAP LOAD FILE="../../../../../../Users/OpenVR/Documents/Unreal Projects/PointyStick-keyPressDemo/Content/KeyPressDemo.umap" TEMPLATE=0 SHOWPROGRESS=1 FEATURELEVEL=3
[2016.09.21-09.10.29:627][953]LightingResults: New page: Lighting Build
[2016.09.21-09.10.29:628][953]LoadErrors: New page: Loading map: KeyPressDemo.umap
[2016.09.21-09.10.29:629][953]MapCheck: New page: Map Check
[2016.09.21-09.10.29:629][953]LightingResults: New page: Lighting Build
[2016.09.21-09.10.29:707][953]LogAIModule: Creating AISystem for world KeyPressDemo
[2016.09.21-09.10.29:710][953]LogEditorServer: Finished looking for orphan Actors (0.000 secs)
[2016.09.21-09.10.29:729][953]Cmd: MAP CHECKDEP NOCLEARLOG
[2016.09.21-09.10.29:800][953]MapCheck: Info Map check complete: 0 Error(s), 0 Warning(s), took 70.769ms to complete.
[2016.09.21-09.10.29:801][953]LogFileHelpers: Loading map 'KeyPressDemo' took 0.174
[2016.09.21-09.10.31:116][107]LogBlueprintUserMessages: Early PlayInEditor Detection: Level '/Game/KeyPressDemo.KeyPressDemo:PersistentLevel' has LevelScriptBlueprint '/Game/KeyPressDemo.KeyPressDemo:PersistentLevel.KeyPressDemo' with GeneratedClass '/Game/KeyPressDemo.KeyPressDemo_C' with ClassGeneratedBy '/Game/KeyPressDemo.KeyPressDemo:PersistentLevel.KeyPressDemo'
[2016.09.21-09.10.31:116][107]LogPlayLevel: PlayLevel: No blueprints needed recompiling
[2016.09.21-09.10.31:117][107]PIE: New page: PIE session: KeyPressDemo (21 Sep 2016 12:10:31)
[2016.09.21-09.10.31:117][107]LogPlayLevel: Creating play world package: /Game/UEDPIE_0_KeyPressDemo
[2016.09.21-09.10.31:122][107]LogPlayLevel: PIE: StaticDuplicateObject took: (0.005070s)
[2016.09.21-09.10.31:122][107]LogAIModule: Creating AISystem for world KeyPressDemo
[2016.09.21-09.10.31:122][107]LogPlayLevel: PIE: World Init took: (0.000665s)
[2016.09.21-09.10.31:123][107]LogPlayLevel: PIE: Created PIE world by copying editor world from /Game/KeyPressDemo.KeyPressDemo to /Game/UEDPIE_0_KeyPressDemo.KeyPressDemo (0.005998s)
[2016.09.21-09.10.31:147][107]LogInit: XAudio2 using 'Speakers (USB Audio Device)' : 2 channels at 44.1 kHz using 16 bits per sample (channel mask 0x3)
[2016.09.21-09.10.31:155][107]LogInit: FAudioDevice initialized.
[2016.09.21-09.10.31:206][107]LogWorld: Game class is 'GameMode'
[2016.09.21-09.10.31:208][107]LogWorld: Bringing World /Game/UEDPIE_0_KeyPressDemo.KeyPressDemo up for play (max tick rate 0) at 2016.09.21-11.10.31
[2016.09.21-09.10.31:208][107]LogWorld: Bringing up level for play took: 0.002135
[2016.09.21-09.10.31:210][107]PIE: Info Play in editor start time for /Game/UEDPIE_0_KeyPressDemo 0.309
[2016.09.21-09.10.31:210][107]LogBlueprintUserMessages: Late PlayInEditor Detection: Level '/Game/KeyPressDemo.KeyPressDemo:PersistentLevel' has LevelScriptBlueprint '/Game/KeyPressDemo.KeyPressDemo:PersistentLevel.KeyPressDemo' with GeneratedClass '/Game/KeyPressDemo.KeyPressDemo_C' with ClassGeneratedBy '/Game/KeyPressDemo.KeyPressDemo:PersistentLevel.KeyPressDemo'
[2016.09.21-09.10.36:690][764]LogBlueprintUserMessages: [KeyPressDemo_C_1] 601.0
[2016.09.21-09.10.36:690][764]LogBlueprintUserMessages: [KeyPressDemo_C_1] 4.0
[2016.09.21-09.10.37:140][818]LogBlueprintUserMessages: [KeyPressDemo_C_1] 601.0
[2016.09.21-09.10.37:140][818]LogBlueprintUserMessages: [KeyPressDemo_C_1] 4.0
[2016.09.21-09.10.37:356][844]LogBlueprintUserMessages: [KeyPressDemo_C_1] 601.0
[2016.09.21-09.10.37:356][844]LogBlueprintUserMessages: [KeyPressDemo_C_1] 4.0
[2016.09.21-09.10.37:540][866]LogBlueprintUserMessages: [KeyPressDemo_C_1] 601.0
[2016.09.21-09.10.37:540][866]LogBlueprintUserMessages: [KeyPressDemo_C_1] 4.0
[2016.09.21-09.10.37:715][887]LogBlueprintUserMessages: [KeyPressDemo_C_1] 601.0
[2016.09.21-09.10.37:715][887]LogBlueprintUserMessages: [KeyPressDemo_C_1] 4.0
[2016.09.21-09.10.37:857][904]LogBlueprintUserMessages: [KeyPressDemo_C_1] 601.0
[2016.09.21-09.10.37:857][904]LogBlueprintUserMessages: [KeyPressDemo_C_1] 4.0
[2016.09.21-09.10.38:465][977]LogBlueprintUserMessages: [KeyPressDemo_C_1] 601.0
[2016.09.21-09.10.38:465][977]LogBlueprintUserMessages: [KeyPressDemo_C_1] 4.0
[2016.09.21-09.10.38:465][977]LogBlueprintUserMessages: [KeyPressDemo_C_1] 601.0
[2016.09.21-09.10.38:466][977]LogBlueprintUserMessages: [KeyPressDemo_C_1] 4.0
[2016.09.21-09.10.38:466][977]LogBlueprintUserMessages: [KeyPressDemo_C_1] 601.0
[2016.09.21-09.10.38:466][977]LogBlueprintUserMessages: [KeyPressDemo_C_1] 4.0
[2016.09.21-09.10.38:466][977]LogBlueprintUserMessages: [KeyPressDemo_C_1] 601.0
[2016.09.21-09.10.38:466][977]LogBlueprintUserMessages: [KeyPressDemo_C_1] 4.0
[2016.09.21-09.10.38:466][977]LogBlueprintUserMessages: [KeyPressDemo_C_1] 601.0
[2016.09.21-09.10.38:466][977]LogBlueprintUserMessages: [KeyPressDemo_C_1] 4.0
[2016.09.21-09.10.38:466][977]LogBlueprintUserMessages: [KeyPressDemo_C_1] 601.0
[2016.09.21-09.10.38:466][977]LogBlueprintUserMessages: [KeyPressDemo_C_1] 4.0
[2016.09.21-09.10.54:429][884]LogWindowsTextInputMethodSystem:Display: IME system now deactivated.
[2016.09.21-09.10.54:474][884]LogBlueprintUserMessages: Early EndPlayMap Detection: Level '/Game/KeyPressDemo.KeyPressDemo:PersistentLevel' has LevelScriptBlueprint '/Game/KeyPressDemo.KeyPressDemo:PersistentLevel.KeyPressDemo' with GeneratedClass '/Game/KeyPressDemo.KeyPressDemo_C' with ClassGeneratedBy '/Game/KeyPressDemo.KeyPressDemo:PersistentLevel.KeyPressDemo'
[2016.09.21-09.10.54:507][884]LogBlueprintUserMessages: Late EndPlayMap Detection: Level '/Game/KeyPressDemo.KeyPressDemo:PersistentLevel' has LevelScriptBlueprint '/Game/KeyPressDemo.KeyPressDemo:PersistentLevel.KeyPressDemo' with GeneratedClass '/Game/KeyPressDemo.KeyPressDemo_C' with ClassGeneratedBy '/Game/KeyPressDemo.KeyPressDemo:PersistentLevel.KeyPressDemo'
[2016.09.21-09.10.54:635][885]Cmd: QUIT_EDITOR
[2016.09.21-09.10.55:047][885]LogExit: Preparing to exit.
[2016.09.21-09.10.55:616][885]LogExit: Editor shut down
[2016.09.21-09.10.55:616][885]LogExit: Transaction tracking system shut down
[2016.09.21-09.10.55:750][885]LogObj: Freed 0b from 0 cluster array pools.
[2016.09.21-09.10.55:750][885]LogExit: Object subsystem successfully closed.
[2016.09.21-09.10.55:770][885]LogD3D11RHI: Shutdown
[2016.09.21-09.10.55:770][885]LogD3D11RHI: CleanupD3DDevice
[2016.09.21-09.10.55:825][885]LogD3D11RHI: ~FD3D11DynamicRHI
[2016.09.21-09.10.55:842][885]LogModuleManager: Shutting down and abandoning module MovieSceneCapture (215)
[2016.09.21-09.10.55:842][885]LogModuleManager: Shutting down and abandoning module BlueprintGraph (214)
[2016.09.21-09.10.55:842][885]LogModuleManager: Shutting down and abandoning module HierarchicalLODOutliner (213)
[2016.09.21-09.10.55:842][885]LogModuleManager: Shutting down and abandoning module CrashTracker (212)
[2016.09.21-09.10.55:842][885]LogModuleManager: Shutting down and abandoning module SceneOutliner (211)
[2016.09.21-09.10.55:842][885]LogModuleManager: Shutting down and abandoning module WidgetCarousel (210)
[2016.09.21-09.10.55:842][885]LogModuleManager: Shutting down and abandoning module AddContentDialog (209)
[2016.09.21-09.10.55:842][885]LogModuleManager: Shutting down and abandoning module GameplayTags (208)
[2016.09.21-09.10.55:842][885]LogModuleManager: Shutting down and abandoning module EditorWidgets (207)
[2016.09.21-09.10.55:842][885]LogModuleManager: Shutting down and abandoning module CollectionManager (206)
[2016.09.21-09.10.55:843][885]LogModuleManager: Shutting down and abandoning module StatsViewer (205)
[2016.09.21-09.10.55:843][885]LogModuleManager: Shutting down and abandoning module FoliageEdit (204)
[2016.09.21-09.10.55:843][885]LogModuleManager: Shutting down and abandoning module LandscapeEditor (203)
[2016.09.21-09.10.55:843][885]LogModuleManager: Shutting down and abandoning module SceneDepthPickerMode (202)
[2016.09.21-09.10.55:843][885]LogModuleManager: Shutting down and abandoning module ActorPickerMode (201)
[2016.09.21-09.10.55:843][885]LogModuleManager: Shutting down and abandoning module GeometryMode (200)
[2016.09.21-09.10.55:843][885]LogModuleManager: Shutting down and abandoning module TextureAlignMode (199)
[2016.09.21-09.10.55:843][885]LogModuleManager: Shutting down and abandoning module BspMode (198)
[2016.09.21-09.10.55:843][885]LogModuleManager: Shutting down and abandoning module HardwareSurvey (197)
[2016.09.21-09.10.55:843][885]LogModuleManager: Shutting down and abandoning module SequenceRecorderSections (196)
[2016.09.21-09.10.55:843][885]LogModuleManager: Shutting down and abandoning module SequenceRecorder (195)
[2016.09.21-09.10.55:843][885]LogModuleManager: Shutting down and abandoning module AutomationWorker (194)
[2016.09.21-09.10.55:843][885]LogModuleManager: Shutting down and abandoning module MatineeToLevelSequence (193)
[2016.09.21-09.10.55:843][885]LogModuleManager: Shutting down and abandoning module PlacementMode (192)
[2016.09.21-09.10.55:843][885]LogModuleManager: Shutting down and abandoning module LevelSequenceEditor (191)
[2016.09.21-09.10.55:843][885]LogModuleManager: Shutting down and abandoning module CharacterAI (190)
[2016.09.21-09.10.55:843][885]LogModuleManager: Shutting down and abandoning module SmartSnapping (189)
[2016.09.21-09.10.55:843][885]LogModuleManager: Shutting down and abandoning module SessionServices (188)
[2016.09.21-09.10.55:843][885]LogModuleManager: Shutting down and abandoning module ViewportSnapping (187)
[2016.09.21-09.10.55:843][885]LogModuleManager: Shutting down and abandoning module LogVisualizer (186)
[2016.09.21-09.10.55:843][885]LogModuleManager: Shutting down and abandoning module GameProjectGeneration (185)
[2016.09.21-09.10.55:843][885]LogModuleManager: Shutting down and abandoning module IntroTutorials (184)
[2016.09.21-09.10.55:843][885]LogModuleManager: Shutting down and abandoning module EditorLiveStreaming (183)
[2016.09.21-09.10.55:843][885]LogModuleManager: Shutting down and abandoning module IOSPlatformEditor (182)
[2016.09.21-09.10.55:843][885]LogModuleManager: Shutting down and abandoning module HTML5PlatformEditor (181)
[2016.09.21-09.10.55:843][885]LogModuleManager: Shutting down and abandoning module AndroidDeviceDetection (180)
[2016.09.21-09.10.56:538][885]LogModuleManager: Shutting down and abandoning module AndroidPlatformEditor (179)
[2016.09.21-09.10.56:538][885]LogModuleManager: Shutting down and abandoning module IOSRuntimeSettings (178)
[2016.09.21-09.10.56:538][885]LogModuleManager: Shutting down and abandoning module AndroidRuntimeSettings (177)
[2016.09.21-09.10.56:538][885]LogModuleManager: Shutting down and abandoning module MergeActors (176)
[2016.09.21-09.10.56:538][885]LogModuleManager: Shutting down and abandoning module SizeMap (175)
[2016.09.21-09.10.56:538][885]LogModuleManager: Shutting down and abandoning module TreeMap (174)
[2016.09.21-09.10.56:538][885]LogModuleManager: Shutting down and abandoning module ReferenceViewer (173)
[2016.09.21-09.10.56:538][885]LogModuleManager: Shutting down and abandoning module LocalizationService (172)
[2016.09.21-09.10.56:538][885]LogModuleManager: Shutting down and abandoning module LocalizationDashboard (171)
[2016.09.21-09.10.56:538][885]LogModuleManager: Shutting down and abandoning module HardwareTargeting (170)
[2016.09.21-09.10.56:538][885]LogModuleManager: Shutting down and abandoning module DeviceProfileEditor (169)
[2016.09.21-09.10.56:538][885]LogModuleManager: Shutting down and abandoning module UndoHistory (168)
[2016.09.21-09.10.56:538][885]LogModuleManager: Shutting down and abandoning module UserFeedback (167)
[2016.09.21-09.10.56:538][885]LogModuleManager: Shutting down and abandoning module XmlParser (166)
[2016.09.21-09.10.56:538][885]LogModuleManager: Shutting down and abandoning module Blutility (165)
[2016.09.21-09.10.56:538][885]LogModuleManager: Shutting down and abandoning module ProjectTargetPlatformEditor (164)
[2016.09.21-09.10.56:538][885]LogModuleManager: Shutting down and abandoning module ProjectSettingsViewer (163)
[2016.09.21-09.10.56:538][885]LogModuleManager: Shutting down and abandoning module InputBindingEditor (162)
[2016.09.21-09.10.56:538][885]LogModuleManager: Shutting down and abandoning module EditorSettingsViewer (161)
[2016.09.21-09.10.56:538][885]LogModuleManager: Shutting down and abandoning module SettingsEditor (160)
[2016.09.21-09.10.56:538][885]LogModuleManager: Shutting down and abandoning module ProjectLauncher (159)
[2016.09.21-09.10.56:538][885]LogModuleManager: Shutting down and abandoning module SessionFrontend (158)
[2016.09.21-09.10.56:538][885]LogModuleManager: Shutting down and abandoning module ProfilerClient (157)
[2016.09.21-09.10.56:538][885]LogModuleManager: Shutting down and abandoning module TargetDeviceServices (156)
[2016.09.21-09.10.56:538][885]LogModuleManager: Shutting down and abandoning module DeviceManager (155)
[2016.09.21-09.10.56:570][885]LogModuleManager: Shutting down and abandoning module AutomationController (154)
[2016.09.21-09.10.56:570][885]LogModuleManager: Shutting down and abandoning module AutomationWindow (153)
[2016.09.21-09.10.56:570][885]LogModuleManager: Shutting down and abandoning module Layers (152)
[2016.09.21-09.10.56:570][885]LogModuleManager: Shutting down and abandoning module ComponentVisualizers (151)
[2016.09.21-09.10.56:570][885]LogModuleManager: Shutting down and abandoning module DetailCustomizations (150)
[2016.09.21-09.10.56:570][885]LogModuleManager: Shutting down and abandoning module PackagesDialog (149)
[2016.09.21-09.10.56:570][885]LogModuleManager: Shutting down and abandoning module Persona (148)
[2016.09.21-09.10.56:570][885]LogModuleManager: Shutting down and abandoning module Kismet (147)
[2016.09.21-09.10.56:570][885]LogModuleManager: Shutting down and abandoning module GraphEditor (146)
[2016.09.21-09.10.56:570][885]LogModuleManager: Shutting down and abandoning module ClassViewer (145)
[2016.09.21-09.10.56:570][885]LogModuleManager: Shutting down and abandoning module Toolbox (144)
[2016.09.21-09.10.56:570][885]LogModuleManager: Shutting down and abandoning module ModuleUI (143)
[2016.09.21-09.10.56:570][885]LogModuleManager: Shutting down and abandoning module MovieSceneTools (142)
[2016.09.21-09.10.56:570][885]LogModuleManager: Shutting down and abandoning module OutputLog (141)
[2016.09.21-09.10.56:571][885]LogModuleManager: Shutting down and abandoning module GammaUI (140)
[2016.09.21-09.10.56:571][885]LogModuleManager: Shutting down and abandoning module Documentation (139)
[2016.09.21-09.10.56:571][885]LogModuleManager: Shutting down and abandoning module StreamingPauseRendering (138)
[2016.09.21-09.10.56:571][885]LogModuleManager: Shutting down and abandoning module AnalyticsET (137)
[2016.09.21-09.10.56:571][885]LogModuleManager: Shutting down and abandoning module Analytics (136)
[2016.09.21-09.10.56:571][885]LogModuleManager: Shutting down and abandoning module PortalServices (135)
[2016.09.21-09.10.56:571][885]LogModuleManager: Shutting down and abandoning module PortalRpc (134)
[2016.09.21-09.10.56:571][885]LogModuleManager: Shutting down and abandoning module MessagingRpc (133)
[2016.09.21-09.10.56:571][885]LogModuleManager: Shutting down and abandoning module GameplayDebugger (132)
[2016.09.21-09.10.56:571][885]LogModuleManager: Shutting down and abandoning module AITestSuite (131)
[2016.09.21-09.10.56:571][885]LogModuleManager: Shutting down and abandoning module AIModule (130)
[2016.09.21-09.10.56:571][885]LogModuleManager: Shutting down and abandoning module ProfilerService (129)
[2016.09.21-09.10.56:703][885]LogModuleManager: Shutting down and abandoning module TaskGraph (128)
[2016.09.21-09.10.56:703][885]LogModuleManager: Shutting down and abandoning module SlateRemote (127)
[2016.09.21-09.10.56:703][885]LogModuleManager: Shutting down and abandoning module SteamVRController (126)
[2016.09.21-09.10.56:703][885]LogModuleManager: Shutting down and abandoning module SteamVR (125)
[2016.09.21-09.10.56:703][885]LogModuleManager: Shutting down and abandoning module ProceduralMeshComponent (124)
[2016.09.21-09.10.56:703][885]LogModuleManager: Shutting down and abandoning module OculusLibrary (123)
[2016.09.21-09.10.56:703][885]LogModuleManager: Shutting down and abandoning module OculusInput (122)
[2016.09.21-09.10.56:703][885]LogModuleManager: Shutting down and abandoning module CustomMeshComponent (121)
[2016.09.21-09.10.56:703][885]LogModuleManager: Shutting down and abandoning module CableComponent (120)
[2016.09.21-09.10.56:703][885]LogModuleManager: Shutting down and abandoning module ArchVisCharacter (119)
[2016.09.21-09.10.56:703][885]LogModuleManager: Shutting down and abandoning module MediaPlayerEditor (118)
[2016.09.21-09.10.56:703][885]LogModuleManager: Shutting down and abandoning module HTML5Networking (117)
[2016.09.21-09.10.56:703][885]LogModuleManager: Shutting down and abandoning module SuperSearch (116)
[2016.09.21-09.10.56:703][885]LogModuleManager: Shutting down and abandoning module SuperSearchEditor (115)
[2016.09.21-09.10.56:703][885]LogModuleManager: Shutting down and abandoning module SpeedTreeImporter (114)
[2016.09.21-09.10.56:703][885]LogModuleManager: Shutting down and abandoning module PluginBrowser (113)
[2016.09.21-09.10.56:703][885]LogModuleManager: Shutting down and abandoning module EpicSurvey (112)
[2016.09.21-09.10.56:703][885]LogModuleManager: Shutting down and abandoning module DesktopPlatform (111)
[2016.09.21-09.10.56:703][885]LogModuleManager: Shutting down and abandoning module VisualStudioSourceCodeAccess (110)
[2016.09.21-09.10.56:703][885]LogModuleManager: Shutting down and abandoning module UObjectPlugin (109)
[2016.09.21-09.10.56:703][885]LogModuleManager: Shutting down and abandoning module SubversionSourceControl (108)
[2016.09.21-09.10.56:703][885]LogModuleManager: Shutting down and abandoning module PerforceSourceControl (107)
[2016.09.21-09.10.56:703][885]LogModuleManager: Shutting down and abandoning module SourceControl (106)
[2016.09.21-09.10.56:703][885]LogModuleManager: Shutting down and abandoning module GitSourceControl (105)
[2016.09.21-09.10.56:703][885]LogModuleManager: Shutting down and abandoning module LightPropagationVolumeEditor (104)
[2016.09.21-09.10.56:703][885]LogModuleManager: Shutting down and abandoning module PaperTiledImporter (103)
[2016.09.21-09.10.56:703][885]LogModuleManager: Shutting down and abandoning module PaperSpriteSheetImporter (102)
[2016.09.21-09.10.56:703][885]LogModuleManager: Shutting down and abandoning module MeshPaint (101)
[2016.09.21-09.10.56:703][885]LogModuleManager: Shutting down and abandoning module PixelInspectorModule (100)
[2016.09.21-09.10.56:703][885]LogModuleManager: Shutting down and abandoning module HotReload (99)
[2016.09.21-09.10.56:704][885]LogModuleManager: Shutting down and abandoning module MainFrame (98)
[2016.09.21-09.10.56:704][885]LogModuleManager: Shutting down and abandoning module LevelEditor (97)
[2016.09.21-09.10.56:705][885]LogModuleManager: Shutting down and abandoning module ContentBrowser (96)
[2016.09.21-09.10.56:705][885]LogModuleManager: Shutting down and abandoning module Paper2DEditor (95)
[2016.09.21-09.10.56:706][885]LogModuleManager: Shutting down and abandoning module UdpMessaging (94)
[2016.09.21-09.10.56:806][885]LogModuleManager: Shutting down and abandoning module LightPropagationVolumeRuntime (93)
[2016.09.21-09.10.56:806][885]LogModuleManager: Shutting down and abandoning module Paper2D (92)
[2016.09.21-09.10.56:806][885]LogModuleManager: Shutting down and abandoning module WindowsMoviePlayer (91)
[2016.09.21-09.10.56:806][885]LogModuleManager: Shutting down and abandoning module Media (90)
[2016.09.21-09.10.56:806][885]LogModuleManager: Shutting down and abandoning module WmfMedia (89)
[2016.09.21-09.10.56:806][885]LogModuleManager: Shutting down and abandoning module MediaAssets (88)
[2016.09.21-09.10.56:806][885]LogModuleManager: Shutting down and abandoning module GameLiveStreaming (87)
[2016.09.21-09.10.56:806][885]LogModuleManager: Shutting down and abandoning module GameplayTagsEditor (86)
[2016.09.21-09.10.56:806][885]LogModuleManager: Shutting down and abandoning module OnlineBlueprintSupport (85)
[2016.09.21-09.10.56:806][885]LogModuleManager: Shutting down and abandoning module VREditor (84)
[2016.09.21-09.10.56:806][885]LogModuleManager: Shutting down and abandoning module GameplayTasksEditor (83)
[2016.09.21-09.10.56:806][885]LogModuleManager: Shutting down and abandoning module PropertyEditor (82)
[2016.09.21-09.10.56:806][885]LogModuleManager: Shutting down and abandoning module BehaviorTreeEditor (81)
[2016.09.21-09.10.56:806][885]LogModuleManager: Shutting down and abandoning module FunctionalTesting (80)
[2016.09.21-09.10.56:806][885]LogModuleManager: Shutting down and abandoning module CollisionAnalyzer (79)
[2016.09.21-09.10.56:807][885]LogModuleManager: Shutting down and abandoning module Sequencer (78)
[2016.09.21-09.10.56:807][885]LogModuleManager: Shutting down and abandoning module WorkspaceMenuStructure (77)
[2016.09.21-09.10.56:807][885]LogModuleManager: Shutting down and abandoning module MessageLog (76)
[2016.09.21-09.10.56:807][885]LogModuleManager: Shutting down and abandoning module AssetTools (75)
[2016.09.21-09.10.56:807][885]LogModuleManager: Shutting down and abandoning module UMGEditor (74)
[2016.09.21-09.10.56:807][885]LogModuleManager: Shutting down and abandoning module UMG (73)
[2016.09.21-09.10.56:807][885]LogModuleManager: Shutting down and abandoning module SlateReflector (72)
[2016.09.21-09.10.56:807][885]LogModuleManager: Shutting down and abandoning module Slate (71)
[2016.09.21-09.10.56:807][885]LogModuleManager: Shutting down and abandoning module EditorStyle (70)
[2016.09.21-09.10.56:810][885]LogModuleManager: Shutting down and abandoning module SourceCodeAccess (69)
[2016.09.21-09.10.56:810][885]LogModuleManager: Shutting down and abandoning module HeadMountedDisplay (68)
[2016.09.21-09.10.56:810][885]LogModuleManager: Shutting down and abandoning module XAudio2 (67)
[2016.09.21-09.10.56:810][885]LogModuleManager: Shutting down and abandoning module Networking (65)
[2016.09.21-09.10.56:810][885]LogModuleManager: Shutting down and abandoning module Core (64)
[2016.09.21-09.10.56:810][885]LogModuleManager: Shutting down and abandoning module DirectoryWatcher (63)
[2016.09.21-09.10.56:811][885]LogModuleManager: Shutting down and abandoning module AssetRegistry (62)
[2016.09.21-09.10.56:952][885]LogModuleManager: Shutting down and abandoning module KismetCompiler (61)
[2016.09.21-09.10.56:952][885]LogModuleManager: Shutting down and abandoning module PhysXFormats (60)
[2016.09.21-09.10.56:952][885]LogModuleManager: Shutting down and abandoning module MeshUtilities (59)
[2016.09.21-09.10.56:952][885]LogModuleManager: Shutting down and abandoning module DerivedDataCache (58)
[2016.09.21-09.10.56:976][885]LogDerivedDataCache: Shutdown
[2016.09.21-09.10.56:976][885]LogModuleManager: Shutting down and abandoning module VulkanShaderFormat (57)
[2016.09.21-09.10.56:976][885]LogModuleManager: Shutting down and abandoning module ShaderFormatOpenGL (56)
[2016.09.21-09.10.56:976][885]LogModuleManager: Shutting down and abandoning module ShaderFormatD3D (55)
[2016.09.21-09.10.56:976][885]LogModuleManager: Shutting down and abandoning module MetalShaderFormat (54)
[2016.09.21-09.10.56:976][885]LogModuleManager: Shutting down and abandoning module TextureFormatUncompressed (53)
[2016.09.21-09.10.56:976][885]LogModuleManager: Shutting down and abandoning module TextureFormatPVR (52)
[2016.09.21-09.10.56:976][885]LogModuleManager: Shutting down and abandoning module TextureFormatIntelISPCTexComp (51)
[2016.09.21-09.10.56:976][885]LogModuleManager: Shutting down and abandoning module TextureFormatDXT (50)
[2016.09.21-09.10.56:976][885]LogModuleManager: Shutting down and abandoning module ImageWrapper (49)
[2016.09.21-09.10.56:976][885]LogModuleManager: Shutting down and abandoning module TextureFormatASTC (48)
[2016.09.21-09.10.56:976][885]LogModuleManager: Shutting down and abandoning module TextureFormatAndroid (47)
[2016.09.21-09.10.56:976][885]LogModuleManager: Shutting down and abandoning module AudioFormatOpus (46)
[2016.09.21-09.10.56:976][885]LogModuleManager: Shutting down and abandoning module AudioFormatOgg (45)
[2016.09.21-09.10.56:976][885]LogModuleManager: Shutting down and abandoning module AudioFormatADPCM (44)
[2016.09.21-09.10.56:976][885]LogModuleManager: Shutting down and abandoning module LinuxTargetPlatform (43)
[2016.09.21-09.10.56:976][885]LogModuleManager: Shutting down and abandoning module LinuxServerTargetPlatform (42)
[2016.09.21-09.10.56:976][885]LogModuleManager: Shutting down and abandoning module LinuxNoEditorTargetPlatform (41)
[2016.09.21-09.10.56:976][885]LogModuleManager: Shutting down and abandoning module TVOSTargetPlatform (40)
[2016.09.21-09.10.56:976][885]LogModuleManager: Shutting down and abandoning module Messaging (39)
[2016.09.21-09.10.56:976][885]LogModuleManager: Shutting down and abandoning module IOSTargetPlatform (38)
[2016.09.21-09.10.56:976][885]LogModuleManager: Shutting down and abandoning module HTML5TargetPlatform (37)
[2016.09.21-09.10.56:976][885]LogModuleManager: Shutting down and abandoning module Android_PVRTCTargetPlatform (36)
[2016.09.21-09.10.56:976][885]LogModuleManager: Shutting down and abandoning module Android_MultiTargetPlatform (35)
[2016.09.21-09.10.56:976][885]LogModuleManager: Shutting down and abandoning module Android_ETC2TargetPlatform (34)
[2016.09.21-09.10.56:976][885]LogModuleManager: Shutting down and abandoning module Android_ETC1TargetPlatform (33)
[2016.09.21-09.10.56:976][885]LogModuleManager: Shutting down and abandoning module Android_DXTTargetPlatform (32)
[2016.09.21-09.10.56:976][885]LogModuleManager: Shutting down and abandoning module Android_ATCTargetPlatform (31)
[2016.09.21-09.10.56:976][885]LogModuleManager: Shutting down and abandoning module Android_ASTCTargetPlatform (30)
[2016.09.21-09.10.56:977][885]LogModuleManager: Shutting down and abandoning module AndroidTargetPlatform (29)
[2016.09.21-09.10.56:977][885]LogModuleManager: Shutting down and abandoning module WindowsTargetPlatform (28)
[2016.09.21-09.10.56:977][885]LogModuleManager: Shutting down and abandoning module WindowsServerTargetPlatform (27)
[2016.09.21-09.10.56:977][885]LogModuleManager: Shutting down and abandoning module WindowsNoEditorTargetPlatform (26)
[2016.09.21-09.10.56:977][885]LogModuleManager: Shutting down and abandoning module WindowsClientTargetPlatform (25)
[2016.09.21-09.10.56:977][885]LogModuleManager: Shutting down and abandoning module AllDesktopTargetPlatform (24)
[2016.09.21-09.10.56:977][885]LogModuleManager: Shutting down and abandoning module TargetPlatform (23)
[2016.09.21-09.10.56:977][885]LogModuleManager: Shutting down and abandoning module InputCore (22)
[2016.09.21-09.10.56:977][885]LogModuleManager: Shutting down and abandoning module Settings (21)
[2016.09.21-09.10.56:977][885]LogModuleManager: Shutting down and abandoning module OnlineSubsystem (19)
[2016.09.21-09.10.56:977][885]LogModuleManager: Shutting down and abandoning module HTTP (18)
[2016.09.21-09.10.58:478][885]LogModuleManager: Shutting down and abandoning module XMPP (17)
[2016.09.21-09.10.58:479][885]LogModuleManager: Shutting down and abandoning module OculusRift (16)
[2016.09.21-09.10.58:479][885]LogModuleManager: Shutting down and abandoning module ExampleDeviceProfileSelector (15)
[2016.09.21-09.10.58:479][885]LogModuleManager: Shutting down and abandoning module TextureCompressor (14)
[2016.09.21-09.10.58:479][885]LogModuleManager: Shutting down and abandoning module ShaderCore (13)
[2016.09.21-09.10.58:479][885]LogModuleManager: Shutting down and abandoning module Landscape (12)
[2016.09.21-09.10.58:479][885]LogModuleManager: Shutting down and abandoning module SlateRHIRenderer (11)
[2016.09.21-09.10.58:481][885]LogModuleManager: Shutting down and abandoning module OpenGLDrv (10)
[2016.09.21-09.10.58:481][885]LogModuleManager: Shutting down and abandoning module D3D11RHI (9)
[2016.09.21-09.10.58:481][885]LogModuleManager: Shutting down and abandoning module AnimGraphRuntime (8)
[2016.09.21-09.10.58:481][885]LogModuleManager: Shutting down and abandoning module Renderer (7)
[2016.09.21-09.10.58:481][885]LogModuleManager: Shutting down and abandoning module Engine (6)
[2016.09.21-09.10.58:481][885]LogModuleManager: Shutting down and abandoning module CoreUObject (5)
[2016.09.21-09.10.58:481][885]LogModuleManager: Shutting down and abandoning module NetworkFile (4)
[2016.09.21-09.10.58:481][885]LogModuleManager: Shutting down and abandoning module StreamingFile (3)
[2016.09.21-09.10.58:481][885]LogModuleManager: Shutting down and abandoning module SandboxFile (2)
[2016.09.21-09.10.58:481][885]LogModuleManager: Shutting down and abandoning module PakFile (1)
[2016.09.21-09.10.58:484][885]LogExit: Exiting.
[2016.09.21-09.10.58:485][885]Log file closed, 09/21/16 11:10:58
